2025-09-04 14:37:42,563 - INFO - Found 10 phones missing colors
2025-09-04 14:37:42,563 - INFO - (1/10) ASUS ROG Phone 3
2025-09-04 14:37:44,322 - INFO - No colors found on GSMArena; skipping
2025-09-04 14:37:44,322 - INFO - (2/10) ASUS ROG Phone 5
2025-09-04 14:37:45,063 - INFO - No colors found on GSMArena; skipping
2025-09-04 14:37:45,063 - INFO - (3/10) ASUS ROG Phone 5 Pro
2025-09-04 14:37:45,941 - INFO - No colors found on GSMArena; skipping
2025-09-04 14:37:45,942 - INFO - (4/10) ASUS ROG Phone 5 Ultimate
2025-09-04 14:37:46,755 - INFO - No colors found on GSMArena; skipping
2025-09-04 14:37:46,756 - INFO - (5/10) ASUS ROG Phone 6
2025-09-04 14:37:47,583 - INFO - No colors found on GSMArena; skipping
2025-09-04 14:37:47,583 - INFO - (6/10) ASUS ROG Phone 6 Pro
2025-09-04 14:37:48,315 - INFO - No colors found on GSMArena; skipping
2025-09-04 14:37:48,315 - INFO - (7/10) ASUS ROG Phone 7
2025-09-04 14:37:49,146 - INFO - No colors found on GSMArena; skipping
2025-09-04 14:37:49,146 - INFO - (8/10) ASUS ROG Phone 7 Ultimate
2025-09-04 14:37:49,931 - INFO - No colors found on GSMArena; skipping
2025-09-04 14:37:49,932 - INFO - (9/10) ASUS ROG Phone 8
2025-09-04 14:37:50,686 - INFO - No colors found on GSMArena; skipping
2025-09-04 14:37:50,687 - INFO - (10/10) ASUS ROG Phone 8 Pro
2025-09-04 14:37:51,481 - INFO - No colors found on GSMArena; skipping
2025-09-04 14:37:51,481 - INFO - Completed. Updated=0 / 10
2025-09-04 14:38:13,034 - INFO - Found 5 phones missing colors
2025-09-04 14:38:13,034 - INFO - (1/5) ASUS ROG Phone 3
2025-09-04 14:38:14,652 - INFO - [DRY-RUN] Would update Id=5242 Colors='Black Glare'
2025-09-04 14:38:15,257 - INFO - (2/5) ASUS ROG Phone 5
2025-09-04 14:38:15,996 - INFO - [DRY-RUN] Would update Id=5241 Colors='Phantom Black, Storm White'
2025-09-04 14:38:16,598 - INFO - (3/5) ASUS ROG Phone 5 Pro
2025-09-04 14:38:17,373 - INFO - [DRY-RUN] Would update Id=5240 Colors='Matte White'
2025-09-04 14:38:17,978 - INFO - (4/5) ASUS ROG Phone 5 Ultimate
2025-09-04 14:38:18,748 - INFO - [DRY-RUN] Would update Id=5239 Colors='Matte White'
2025-09-04 14:38:19,354 - INFO - (5/5) ASUS ROG Phone 6
2025-09-04 14:38:20,177 - INFO - [DRY-RUN] Would update Id=5238 Colors='Phantom Black, Storm White'
2025-09-04 14:38:20,782 - INFO - Completed. Updated=5 / 5
2025-09-04 14:38:31,486 - INFO - Found 50 phones missing colors
2025-09-04 14:38:31,486 - INFO - (1/50) ASUS ROG Phone 3
2025-09-04 14:38:33,730 - INFO - (2/50) ASUS ROG Phone 5
2025-09-04 14:38:35,096 - INFO - (3/50) ASUS ROG Phone 5 Pro
2025-09-04 14:38:36,513 - INFO - (4/50) ASUS ROG Phone 5 Ultimate
2025-09-04 14:38:37,949 - INFO - (5/50) ASUS ROG Phone 6
2025-09-04 14:38:39,395 - INFO - (6/50) ASUS ROG Phone 6 Pro
2025-09-04 14:38:39,793 - INFO - No GSMArena match; skipping
2025-09-04 14:38:39,793 - INFO - (7/50) ASUS ROG Phone 7
2025-09-04 14:38:40,183 - WARNING - GSMArena search failed for ASUS ROG Phone 7: 429 Client Error: Too Many Requests for url: https://www.gsmarena.com/results.php3?sQuickSearch=yes&sName=ASUS+ROG+Phone+7
2025-09-04 14:38:40,183 - INFO - No GSMArena match; skipping
2025-09-04 14:38:40,183 - INFO - (8/50) ASUS ROG Phone 7 Ultimate
2025-09-04 14:38:40,490 - WARNING - GSMArena search failed for ASUS ROG Phone 7 Ultimate: 429 Client Error: Too Many Requests for url: https://www.gsmarena.com/results.php3?sQuickSearch=yes&sName=ASUS+ROG+Phone+7+Ultimate
2025-09-04 14:38:40,490 - INFO - No GSMArena match; skipping
2025-09-04 14:38:40,490 - INFO - (9/50) ASUS ROG Phone 8
2025-09-04 14:38:40,802 - WARNING - GSMArena search failed for ASUS ROG Phone 8: 429 Client Error: Too Many Requests for url: https://www.gsmarena.com/results.php3?sQuickSearch=yes&sName=ASUS+ROG+Phone+8
2025-09-04 14:38:40,802 - INFO - No GSMArena match; skipping
2025-09-04 14:38:40,802 - INFO - (10/50) ASUS ROG Phone 8 Pro
2025-09-04 14:38:41,105 - WARNING - GSMArena search failed for ASUS ROG Phone 8 Pro: 429 Client Error: Too Many Requests for url: https://www.gsmarena.com/results.php3?sQuickSearch=yes&sName=ASUS+ROG+Phone+8+Pro
2025-09-04 14:38:41,106 - INFO - No GSMArena match; skipping
2025-09-04 14:38:41,106 - INFO - (11/50) Apple iPhone 12
2025-09-04 14:38:41,412 - WARNING - GSMArena search failed for Apple iPhone 12: 429 Client Error: Too Many Requests for url: https://www.gsmarena.com/results.php3?sQuickSearch=yes&sName=Apple+iPhone+12
2025-09-04 14:38:41,412 - INFO - No GSMArena match; skipping
2025-09-04 14:38:41,412 - INFO - (12/50) Apple iPhone 12 Pro
2025-09-04 14:38:41,718 - WARNING - GSMArena search failed for Apple iPhone 12 Pro: 429 Client Error: Too Many Requests for url: https://www.gsmarena.com/results.php3?sQuickSearch=yes&sName=Apple+iPhone+12+Pro
2025-09-04 14:38:41,718 - INFO - No GSMArena match; skipping
2025-09-04 14:38:41,719 - INFO - (13/50) Apple iPhone 12 Pro Max
2025-09-04 14:38:42,026 - WARNING - GSMArena search failed for Apple iPhone 12 Pro Max: 429 Client Error: Too Many Requests for url: https://www.gsmarena.com/results.php3?sQuickSearch=yes&sName=Apple+iPhone+12+Pro+Max
2025-09-04 14:38:42,027 - INFO - No GSMArena match; skipping
2025-09-04 14:38:42,027 - INFO - (14/50) Apple iPhone 12 mini
2025-09-04 14:38:42,332 - WARNING - GSMArena search failed for Apple iPhone 12 mini: 429 Client Error: Too Many Requests for url: https://www.gsmarena.com/results.php3?sQuickSearch=yes&sName=Apple+iPhone+12+mini
2025-09-04 14:38:42,332 - INFO - No GSMArena match; skipping
2025-09-04 14:38:42,332 - INFO - (15/50) Apple iPhone 13
2025-09-04 14:38:42,625 - WARNING - GSMArena search failed for Apple iPhone 13: 429 Client Error: Too Many Requests for url: https://www.gsmarena.com/results.php3?sQuickSearch=yes&sName=Apple+iPhone+13
2025-09-04 14:38:42,625 - INFO - No GSMArena match; skipping
2025-09-04 14:38:42,625 - INFO - (16/50) Apple iPhone 13 Pro
2025-09-04 14:38:42,949 - WARNING - GSMArena search failed for Apple iPhone 13 Pro: 429 Client Error: Too Many Requests for url: https://www.gsmarena.com/results.php3?sQuickSearch=yes&sName=Apple+iPhone+13+Pro
2025-09-04 14:38:42,949 - INFO - No GSMArena match; skipping
2025-09-04 14:38:42,949 - INFO - (17/50) Apple iPhone 13 Pro Max
2025-09-04 14:38:43,255 - WARNING - GSMArena search failed for Apple iPhone 13 Pro Max: 429 Client Error: Too Many Requests for url: https://www.gsmarena.com/results.php3?sQuickSearch=yes&sName=Apple+iPhone+13+Pro+Max
2025-09-04 14:38:43,256 - INFO - No GSMArena match; skipping
2025-09-04 14:38:43,256 - INFO - (18/50) Apple iPhone 13 mini
2025-09-04 14:38:43,564 - WARNING - GSMArena search failed for Apple iPhone 13 mini: 429 Client Error: Too Many Requests for url: https://www.gsmarena.com/results.php3?sQuickSearch=yes&sName=Apple+iPhone+13+mini
2025-09-04 14:38:43,564 - INFO - No GSMArena match; skipping
2025-09-04 14:38:43,564 - INFO - (19/50) Apple iPhone 14
2025-09-04 14:38:43,870 - WARNING - GSMArena search failed for Apple iPhone 14: 429 Client Error: Too Many Requests for url: https://www.gsmarena.com/results.php3?sQuickSearch=yes&sName=Apple+iPhone+14
2025-09-04 14:38:43,870 - INFO - No GSMArena match; skipping
2025-09-04 14:38:43,870 - INFO - (20/50) Apple iPhone 14 Plus
2025-09-04 14:38:44,178 - WARNING - GSMArena search failed for Apple iPhone 14 Plus: 429 Client Error: Too Many Requests for url: https://www.gsmarena.com/results.php3?sQuickSearch=yes&sName=Apple+iPhone+14+Plus
2025-09-04 14:38:44,178 - INFO - No GSMArena match; skipping
2025-09-04 14:38:44,178 - INFO - (21/50) Apple iPhone 14 Pro
2025-09-04 14:38:44,487 - WARNING - GSMArena search failed for Apple iPhone 14 Pro: 429 Client Error: Too Many Requests for url: https://www.gsmarena.com/results.php3?sQuickSearch=yes&sName=Apple+iPhone+14+Pro
2025-09-04 14:38:44,488 - INFO - No GSMArena match; skipping
2025-09-04 14:38:44,488 - INFO - (22/50) Apple iPhone 14 Pro Max
2025-09-04 14:38:44,894 - WARNING - GSMArena search failed for Apple iPhone 14 Pro Max: 429 Client Error: Too Many Requests for url: https://www.gsmarena.com/results.php3?sQuickSearch=yes&sName=Apple+iPhone+14+Pro+Max
2025-09-04 14:38:44,895 - INFO - No GSMArena match; skipping
2025-09-04 14:38:44,895 - INFO - (23/50) Apple iPhone 15
2025-09-04 14:38:45,201 - WARNING - GSMArena search failed for Apple iPhone 15: 429 Client Error: Too Many Requests for url: https://www.gsmarena.com/results.php3?sQuickSearch=yes&sName=Apple+iPhone+15
2025-09-04 14:38:45,201 - INFO - No GSMArena match; skipping
2025-09-04 14:38:45,201 - INFO - (24/50) Apple iPhone 15 Plus
2025-09-04 14:38:45,508 - WARNING - GSMArena search failed for Apple iPhone 15 Plus: 429 Client Error: Too Many Requests for url: https://www.gsmarena.com/results.php3?sQuickSearch=yes&sName=Apple+iPhone+15+Plus
2025-09-04 14:38:45,508 - INFO - No GSMArena match; skipping
2025-09-04 14:38:45,508 - INFO - (25/50) Apple iPhone 15 Pro
2025-09-04 14:38:45,816 - WARNING - GSMArena search failed for Apple iPhone 15 Pro: 429 Client Error: Too Many Requests for url: https://www.gsmarena.com/results.php3?sQuickSearch=yes&sName=Apple+iPhone+15+Pro
2025-09-04 14:38:45,816 - INFO - No GSMArena match; skipping
2025-09-04 14:38:45,816 - INFO - (26/50) Apple iPhone 15 Pro Max
2025-09-04 14:38:46,122 - WARNING - GSMArena search failed for Apple iPhone 15 Pro Max: 429 Client Error: Too Many Requests for url: https://www.gsmarena.com/results.php3?sQuickSearch=yes&sName=Apple+iPhone+15+Pro+Max
2025-09-04 14:38:46,123 - INFO - No GSMArena match; skipping
2025-09-04 14:38:46,123 - INFO - (27/50) Apple iPhone 16
2025-09-04 14:38:46,450 - WARNING - GSMArena search failed for Apple iPhone 16: 429 Client Error: Too Many Requests for url: https://www.gsmarena.com/results.php3?sQuickSearch=yes&sName=Apple+iPhone+16
2025-09-04 14:38:46,450 - INFO - No GSMArena match; skipping
2025-09-04 14:38:46,450 - INFO - (28/50) Apple iPhone 16 Plus
2025-09-04 14:38:46,841 - WARNING - GSMArena search failed for Apple iPhone 16 Plus: 429 Client Error: Too Many Requests for url: https://www.gsmarena.com/results.php3?sQuickSearch=yes&sName=Apple+iPhone+16+Plus
2025-09-04 14:38:46,841 - INFO - No GSMArena match; skipping
2025-09-04 14:38:46,841 - INFO - (29/50) Apple iPhone 16 Pro
2025-09-04 14:38:47,147 - WARNING - GSMArena search failed for Apple iPhone 16 Pro: 429 Client Error: Too Many Requests for url: https://www.gsmarena.com/results.php3?sQuickSearch=yes&sName=Apple+iPhone+16+Pro
2025-09-04 14:38:47,147 - INFO - No GSMArena match; skipping
2025-09-04 14:38:47,147 - INFO - (30/50) Apple iPhone 16 Pro Max
2025-09-04 14:38:47,472 - WARNING - GSMArena search failed for Apple iPhone 16 Pro Max: 429 Client Error: Too Many Requests for url: https://www.gsmarena.com/results.php3?sQuickSearch=yes&sName=Apple+iPhone+16+Pro+Max
2025-09-04 14:38:47,472 - INFO - No GSMArena match; skipping
2025-09-04 14:38:47,472 - INFO - (31/50) Apple iPhone SE
2025-09-04 14:38:47,865 - WARNING - GSMArena search failed for Apple iPhone SE: 429 Client Error: Too Many Requests for url: https://www.gsmarena.com/results.php3?sQuickSearch=yes&sName=Apple+iPhone+SE
2025-09-04 14:38:47,865 - INFO - No GSMArena match; skipping
2025-09-04 14:38:47,865 - INFO - (32/50) Google Pixel 4a
2025-09-04 14:38:48,173 - WARNING - GSMArena search failed for Google Pixel 4a: 429 Client Error: Too Many Requests for url: https://www.gsmarena.com/results.php3?sQuickSearch=yes&sName=Google+Pixel+4a
2025-09-04 14:38:48,173 - INFO - No GSMArena match; skipping
2025-09-04 14:38:48,173 - INFO - (33/50) Google Pixel 5
2025-09-04 14:38:48,468 - WARNING - GSMArena search failed for Google Pixel 5: 429 Client Error: Too Many Requests for url: https://www.gsmarena.com/results.php3?sQuickSearch=yes&sName=Google+Pixel+5
2025-09-04 14:38:48,468 - INFO - No GSMArena match; skipping
2025-09-04 14:38:48,468 - INFO - (34/50) Google Pixel 5a
2025-09-04 14:38:48,787 - WARNING - GSMArena search failed for Google Pixel 5a: 429 Client Error: Too Many Requests for url: https://www.gsmarena.com/results.php3?sQuickSearch=yes&sName=Google+Pixel+5a
2025-09-04 14:38:48,787 - INFO - No GSMArena match; skipping
2025-09-04 14:38:48,787 - INFO - (35/50) Google Pixel 6
2025-09-04 14:38:49,092 - WARNING - GSMArena search failed for Google Pixel 6: 429 Client Error: Too Many Requests for url: https://www.gsmarena.com/results.php3?sQuickSearch=yes&sName=Google+Pixel+6
2025-09-04 14:38:49,093 - INFO - No GSMArena match; skipping
2025-09-04 14:38:49,093 - INFO - (36/50) Google Pixel 6 Pro
2025-09-04 14:38:49,417 - WARNING - GSMArena search failed for Google Pixel 6 Pro: 429 Client Error: Too Many Requests for url: https://www.gsmarena.com/results.php3?sQuickSearch=yes&sName=Google+Pixel+6+Pro
2025-09-04 14:38:49,418 - INFO - No GSMArena match; skipping
2025-09-04 14:38:49,418 - INFO - (37/50) Google Pixel 7
2025-09-04 14:38:49,810 - WARNING - GSMArena search failed for Google Pixel 7: 429 Client Error: Too Many Requests for url: https://www.gsmarena.com/results.php3?sQuickSearch=yes&sName=Google+Pixel+7
2025-09-04 14:38:49,810 - INFO - No GSMArena match; skipping
2025-09-04 14:38:49,810 - INFO - (38/50) Google Pixel 7 Pro
2025-09-04 14:38:50,116 - WARNING - GSMArena search failed for Google Pixel 7 Pro: 429 Client Error: Too Many Requests for url: https://www.gsmarena.com/results.php3?sQuickSearch=yes&sName=Google+Pixel+7+Pro
2025-09-04 14:38:50,116 - INFO - No GSMArena match; skipping
2025-09-04 14:38:50,116 - INFO - (39/50) Google Pixel 7a
2025-09-04 14:38:50,423 - WARNING - GSMArena search failed for Google Pixel 7a: 429 Client Error: Too Many Requests for url: https://www.gsmarena.com/results.php3?sQuickSearch=yes&sName=Google+Pixel+7a
2025-09-04 14:38:50,424 - INFO - No GSMArena match; skipping
2025-09-04 14:38:50,424 - INFO - (40/50) Google Pixel 8
2025-09-04 14:38:50,730 - WARNING - GSMArena search failed for Google Pixel 8: 429 Client Error: Too Many Requests for url: https://www.gsmarena.com/results.php3?sQuickSearch=yes&sName=Google+Pixel+8
2025-09-04 14:38:50,731 - INFO - No GSMArena match; skipping
2025-09-04 14:38:50,731 - INFO - (41/50) Google Pixel 8 Pro
2025-09-04 14:38:51,025 - WARNING - GSMArena search failed for Google Pixel 8 Pro: 429 Client Error: Too Many Requests for url: https://www.gsmarena.com/results.php3?sQuickSearch=yes&sName=Google+Pixel+8+Pro
2025-09-04 14:38:51,025 - INFO - No GSMArena match; skipping
2025-09-04 14:38:51,026 - INFO - (42/50) Google Pixel 9
2025-09-04 14:38:51,318 - WARNING - GSMArena search failed for Google Pixel 9: 429 Client Error: Too Many Requests for url: https://www.gsmarena.com/results.php3?sQuickSearch=yes&sName=Google+Pixel+9
2025-09-04 14:38:51,318 - INFO - No GSMArena match; skipping
2025-09-04 14:38:51,318 - INFO - (43/50) Google Pixel 9 Pro
2025-09-04 14:38:51,612 - WARNING - GSMArena search failed for Google Pixel 9 Pro: 429 Client Error: Too Many Requests for url: https://www.gsmarena.com/results.php3?sQuickSearch=yes&sName=Google+Pixel+9+Pro
2025-09-04 14:38:51,613 - INFO - No GSMArena match; skipping
2025-09-04 14:38:51,613 - INFO - (44/50) Google Pixel 9 Pro XL
2025-09-04 14:38:51,960 - WARNING - GSMArena search failed for Google Pixel 9 Pro XL: 429 Client Error: Too Many Requests for url: https://www.gsmarena.com/results.php3?sQuickSearch=yes&sName=Google+Pixel+9+Pro+XL
2025-09-04 14:38:51,960 - INFO - No GSMArena match; skipping
2025-09-04 14:38:51,961 - INFO - (45/50) Honor 30
2025-09-04 14:38:52,266 - WARNING - GSMArena search failed for Honor 30: 429 Client Error: Too Many Requests for url: https://www.gsmarena.com/results.php3?sQuickSearch=yes&sName=Honor+30
2025-09-04 14:38:52,266 - INFO - No GSMArena match; skipping
2025-09-04 14:38:52,267 - INFO - (46/50) Honor 30 Pro
2025-09-04 14:38:52,574 - WARNING - GSMArena search failed for Honor 30 Pro: 429 Client Error: Too Many Requests for url: https://www.gsmarena.com/results.php3?sQuickSearch=yes&sName=Honor+30+Pro
2025-09-04 14:38:52,574 - INFO - No GSMArena match; skipping
2025-09-04 14:38:52,574 - INFO - (47/50) Honor 30 Pro+
2025-09-04 14:38:52,882 - WARNING - GSMArena search failed for Honor 30 Pro+: 429 Client Error: Too Many Requests for url: https://www.gsmarena.com/results.php3?sQuickSearch=yes&sName=Honor+30+Pro%2B
2025-09-04 14:38:52,882 - INFO - No GSMArena match; skipping
2025-09-04 14:38:52,882 - INFO - (48/50) Honor Magic3
2025-09-04 14:38:53,190 - WARNING - GSMArena search failed for Honor Magic3: 429 Client Error: Too Many Requests for url: https://www.gsmarena.com/results.php3?sQuickSearch=yes&sName=Honor+Magic3
2025-09-04 14:38:53,190 - INFO - No GSMArena match; skipping
2025-09-04 14:38:53,190 - INFO - (49/50) Honor Magic3 Pro
2025-09-04 14:38:53,498 - WARNING - GSMArena search failed for Honor Magic3 Pro: 429 Client Error: Too Many Requests for url: https://www.gsmarena.com/results.php3?sQuickSearch=yes&sName=Honor+Magic3+Pro
2025-09-04 14:38:53,498 - INFO - No GSMArena match; skipping
2025-09-04 14:38:53,498 - INFO - (50/50) Honor Magic3 Pro+
2025-09-04 14:38:53,807 - WARNING - GSMArena search failed for Honor Magic3 Pro+: 429 Client Error: Too Many Requests for url: https://www.gsmarena.com/results.php3?sQuickSearch=yes&sName=Honor+Magic3+Pro%2B
2025-09-04 14:38:53,807 - INFO - No GSMArena match; skipping
2025-09-04 14:38:53,807 - INFO - Completed. Updated=5 / 50
2025-09-04 14:42:31,325 - INFO - Found 20 phones missing colors
2025-09-04 14:42:31,325 - INFO - (1/20) ASUS ROG Phone 6 Pro
2025-09-04 14:42:32,737 - WARNING - 429 Too Many Requests for https://www.gsmarena.com/results.php3 (attempt 1); sleeping 2.0s
2025-09-04 14:42:35,092 - WARNING - 429 Too Many Requests for https://www.gsmarena.com/results.php3 (attempt 2); sleeping 4.0s
2025-09-04 14:42:39,495 - WARNING - 429 Too Many Requests for https://www.gsmarena.com/results.php3 (attempt 3); sleeping 8.0s
2025-09-04 14:42:47,891 - WARNING - 429 Too Many Requests for https://www.gsmarena.com/results.php3 (attempt 4); sleeping 16.0s
2025-09-04 14:43:05,171 - WARNING - 429 Too Many Requests for https://www.gsmarena.com/results.php3 (attempt 5); sleeping 32.0s
2025-09-07 22:58:31,470 - INFO - Found 5 phones missing colors
2025-09-07 22:58:31,470 - INFO - (1/5) ASUS ROG Phone 6 Pro
2025-09-07 22:58:51,923 - INFO - (2/5) ASUS ROG Phone 7
2025-09-07 22:59:11,823 - INFO - (3/5) ASUS ROG Phone 7 Ultimate
2025-09-07 22:59:31,821 - INFO - (4/5) ASUS ROG Phone 8
2025-09-07 22:59:49,093 - INFO - (5/5) ASUS ROG Phone 8 Pro
2025-09-07 23:00:05,743 - INFO - Completed. Updated=5 / 5
2025-09-07 23:04:41,878 - INFO - Found 1 phones missing colors
2025-09-07 23:04:41,878 - INFO - (1/1) Apple iPhone 12
2025-09-07 23:05:02,706 - INFO - Completed. Updated=1 / 1
2025-09-07 23:09:37,024 - INFO - Found 5 phones missing colors
2025-09-07 23:09:37,024 - INFO - (1/5) Apple iPhone 12 Pro
2025-09-07 23:09:57,441 - INFO - (2/5) Apple iPhone 12 Pro Max
2025-09-07 23:10:15,932 - INFO - (3/5) Apple iPhone 12 mini
2025-09-07 23:10:36,828 - INFO - (4/5) Apple iPhone 13
2025-09-07 23:10:58,196 - INFO - (5/5) Apple iPhone 13 Pro
2025-09-07 23:11:18,346 - INFO - Completed. Updated=5 / 5
2025-09-07 23:11:30,385 - INFO - Found 5 phones missing colors
2025-09-07 23:11:30,385 - INFO - (1/5) Apple iPhone 13 Pro Max
2025-09-07 23:11:51,540 - INFO - (2/5) Apple iPhone 13 mini
2025-09-07 23:11:51,582 - WARNING - Request error for https://www.gsmarena.com/results.php3 (attempt 1): ('Connection aborted.', RemoteDisconnected('Remote end closed connection without response')); sleeping 29.7s
2025-09-07 23:12:44,226 - INFO - (3/5) Apple iPhone 14
2025-09-07 23:13:02,908 - INFO - (4/5) Apple iPhone 14 Plus
2025-09-07 23:13:22,199 - INFO - (5/5) Apple iPhone 14 Pro
2025-09-07 23:13:45,305 - INFO - Completed. Updated=5 / 5
2025-09-07 23:13:57,336 - INFO - Found 5 phones missing colors
2025-09-07 23:13:57,337 - INFO - (1/5) Apple iPhone 15
2025-09-07 23:14:16,671 - INFO - (2/5) Apple iPhone 15 Plus
2025-09-07 23:14:36,796 - INFO - (3/5) Apple iPhone 15 Pro
2025-09-07 23:14:55,997 - INFO - (4/5) Apple iPhone 15 Pro Max
2025-09-07 23:15:17,879 - INFO - (5/5) Apple iPhone 16
2025-09-07 23:15:34,792 - INFO - Completed. Updated=5 / 5
2025-09-07 23:15:46,829 - INFO - Found 5 phones missing colors
2025-09-07 23:15:46,830 - INFO - (1/5) Apple iPhone 16 Plus
2025-09-07 23:16:04,289 - INFO - (2/5) Apple iPhone 16 Pro
2025-09-07 23:16:21,254 - INFO - (3/5) Apple iPhone 16 Pro Max
2025-09-07 23:16:42,798 - INFO - (4/5) Apple iPhone SE
2025-09-07 23:17:03,164 - INFO - (5/5) Google Pixel 4a
2025-09-07 23:17:22,351 - INFO - Completed. Updated=5 / 5
2025-09-07 23:17:34,383 - INFO - Found 5 phones missing colors
2025-09-07 23:17:34,384 - INFO - (1/5) Google Pixel 5a
2025-09-07 23:17:53,406 - INFO - (2/5) Google Pixel 6
2025-09-07 23:18:12,433 - INFO - (3/5) Google Pixel 6 Pro
2025-09-07 23:18:34,416 - INFO - (4/5) Google Pixel 7
2025-09-07 23:18:51,192 - INFO - (5/5) Google Pixel 7 Pro
2025-09-07 23:19:10,230 - INFO - Completed. Updated=5 / 5
2025-09-07 23:19:22,262 - INFO - Found 5 phones missing colors
2025-09-07 23:19:22,263 - INFO - (1/5) Google Pixel 8
2025-09-07 23:19:41,500 - INFO - (2/5) Google Pixel 8 Pro
2025-09-07 23:20:03,113 - INFO - (3/5) Google Pixel 9
2025-09-07 23:20:26,415 - INFO - (4/5) Google Pixel 9 Pro
2025-09-07 23:20:46,087 - INFO - (5/5) Google Pixel 9 Pro XL
2025-09-07 23:21:03,772 - INFO - Completed. Updated=5 / 5
2025-09-07 23:21:15,808 - INFO - Found 5 phones missing colors
2025-09-07 23:21:15,809 - INFO - (1/5) Honor 30
2025-09-07 23:21:38,170 - INFO - (2/5) Honor 30 Pro
2025-09-07 23:21:57,966 - INFO - (3/5) Honor 30 Pro+
2025-09-07 23:22:16,745 - INFO - (4/5) Honor Magic3
2025-09-07 23:22:36,544 - INFO - (5/5) Honor Magic3 Pro
2025-09-07 23:22:54,712 - INFO - Completed. Updated=5 / 5
2025-09-07 23:23:06,749 - INFO - Found 5 phones missing colors
2025-09-07 23:23:06,749 - INFO - (1/5) Honor Magic3 Pro+
2025-09-07 23:23:26,286 - INFO - (2/5) Honor Magic4
2025-09-07 23:23:45,915 - INFO - (3/5) Honor Magic4 Pro
2025-09-07 23:24:05,146 - INFO - (4/5) Honor Magic4 Ultimate
2025-09-07 23:24:26,911 - INFO - (5/5) Honor Magic5
2025-09-07 23:24:49,639 - INFO - Completed. Updated=5 / 5
2025-09-07 23:25:01,675 - INFO - Found 5 phones missing colors
2025-09-07 23:25:01,676 - INFO - (1/5) Honor Magic5 Pro
2025-09-07 23:25:21,664 - INFO - (2/5) Honor Magic6
2025-09-07 23:25:36,569 - INFO - (3/5) Honor Magic6 Pro
2025-09-07 23:25:56,186 - INFO - (4/5) Huawei Mate 30 Pro
2025-09-07 23:26:14,004 - INFO - (5/5) Huawei Mate 40
2025-09-07 23:26:31,749 - INFO - Completed. Updated=5 / 5
2025-09-07 23:26:43,782 - INFO - Found 5 phones missing colors
2025-09-07 23:26:43,783 - INFO - (1/5) Huawei Mate 40 Pro
2025-09-07 23:27:07,600 - INFO - (2/5) Huawei Mate 50
2025-09-07 23:27:27,719 - INFO - (3/5) Huawei Mate 50 Pro
2025-09-07 23:27:45,827 - INFO - (4/5) Huawei Mate 60
2025-09-07 23:28:06,438 - INFO - (5/5) Huawei Mate 60 Pro
2025-09-07 23:28:26,578 - INFO - Completed. Updated=5 / 5
2025-09-07 23:28:38,611 - INFO - Found 5 phones missing colors
2025-09-07 23:28:38,612 - INFO - (1/5) Huawei Mate 60 Pro+
2025-09-07 23:28:57,529 - INFO - (2/5) Huawei P40
2025-09-07 23:29:14,933 - INFO - (3/5) Huawei P40 Pro
2025-09-07 23:29:35,326 - INFO - (4/5) Huawei P40 Pro+
2025-09-07 23:29:55,255 - INFO - (5/5) Huawei P50
2025-09-07 23:30:14,911 - INFO - Completed. Updated=5 / 5
2025-09-07 23:30:26,934 - INFO - Found 5 phones missing colors
2025-09-07 23:30:26,935 - INFO - (1/5) Huawei P50 Pro
2025-09-07 23:30:47,313 - INFO - (2/5) Huawei P60
2025-09-07 23:31:05,264 - INFO - (3/5) Huawei P60 Pro
2025-09-07 23:31:25,584 - INFO - (4/5) Huawei Pura 70
2025-09-07 23:31:44,293 - INFO - (5/5) OPPO Find X2
2025-09-07 23:32:06,664 - INFO - Completed. Updated=5 / 5
2025-09-07 23:32:18,697 - INFO - Found 5 phones missing colors
2025-09-07 23:32:18,698 - INFO - (1/5) OPPO Find X2 Pro
2025-09-07 23:32:39,912 - INFO - (2/5) OPPO Find X3
2025-09-07 23:32:39,962 - WARNING - Request error for https://www.gsmarena.com/results.php3 (attempt 1): ('Connection aborted.', RemoteDisconnected('Remote end closed connection without response')); sleeping 32.0s
2025-09-07 23:33:32,046 - INFO - (3/5) OPPO Find X3 Pro
2025-09-07 23:33:50,518 - INFO - (4/5) OPPO Find X5
2025-09-07 23:34:07,901 - INFO - (5/5) OPPO Find X5 Pro
2025-09-07 23:34:23,225 - INFO - Completed. Updated=5 / 5
2025-09-07 23:34:35,251 - INFO - Found 5 phones missing colors
2025-09-07 23:34:35,251 - INFO - (1/5) OPPO Find X7
2025-09-07 23:34:56,744 - INFO - (2/5) OnePlus 10 Pro
2025-09-07 23:35:14,068 - INFO - (3/5) OnePlus 10T
2025-09-07 23:35:32,973 - INFO - (4/5) OnePlus 11
2025-09-07 23:35:51,124 - INFO - (5/5) OnePlus 12
2025-09-07 23:36:09,281 - INFO - Completed. Updated=5 / 5
2025-09-07 23:36:21,316 - INFO - Found 5 phones missing colors
2025-09-07 23:36:21,316 - INFO - (1/5) OnePlus 12R
2025-09-07 23:36:40,565 - INFO - (2/5) OnePlus 8
2025-09-07 23:37:02,334 - INFO - (3/5) OnePlus 8 Pro
2025-09-07 23:37:22,004 - INFO - (4/5) OnePlus 8T
2025-09-07 23:37:40,512 - INFO - (5/5) OnePlus 9
2025-09-07 23:38:01,546 - INFO - Completed. Updated=5 / 5
2025-09-07 23:38:13,585 - INFO - Found 5 phones missing colors
2025-09-07 23:38:13,585 - INFO - (1/5) OnePlus 9 Pro
2025-09-07 23:38:33,713 - INFO - (2/5) OnePlus 9RT
2025-09-07 23:38:51,846 - INFO - (3/5) Samsung Galaxy Note20
2025-09-07 23:39:10,771 - INFO - (4/5) Samsung Galaxy Note20 Ultra
2025-09-07 23:39:28,702 - INFO - (5/5) Samsung Galaxy S20
2025-09-07 23:39:50,633 - INFO - Completed. Updated=5 / 5
2025-09-07 23:40:02,675 - INFO - Found 5 phones missing colors
2025-09-07 23:40:02,676 - INFO - (1/5) Samsung Galaxy S20 Ultra
2025-09-07 23:40:23,396 - INFO - (2/5) Samsung Galaxy S20+
2025-09-07 23:40:42,308 - INFO - (3/5) Samsung Galaxy S21
2025-09-07 23:41:01,223 - INFO - (4/5) Samsung Galaxy S21 Ultra
2025-09-07 23:41:20,840 - INFO - (5/5) Samsung Galaxy S21+
2025-09-07 23:41:38,817 - INFO - Completed. Updated=5 / 5
2025-09-07 23:41:50,857 - INFO - Found 5 phones missing colors
2025-09-07 23:41:50,858 - INFO - (1/5) Samsung Galaxy S22
2025-09-07 23:42:10,966 - INFO - (2/5) Samsung Galaxy S22 Ultra
2025-09-07 23:42:27,730 - INFO - (3/5) Samsung Galaxy S22+
2025-09-07 23:42:45,995 - INFO - (4/5) Samsung Galaxy S23
2025-09-07 23:43:05,321 - INFO - (5/5) Samsung Galaxy S23 Ultra
2025-09-07 23:43:23,173 - INFO - Completed. Updated=5 / 5
2025-09-07 23:43:35,211 - INFO - Found 5 phones missing colors
2025-09-07 23:43:35,211 - INFO - (1/5) Samsung Galaxy S23+
2025-09-07 23:43:54,623 - INFO - (2/5) Samsung Galaxy S24
2025-09-07 23:44:13,825 - INFO - (3/5) Samsung Galaxy S24 Ultra
2025-09-07 23:44:32,851 - INFO - (4/5) Samsung Galaxy S24+
2025-09-07 23:44:54,136 - INFO - (5/5) Samsung Galaxy Z Flip
2025-09-07 23:45:15,501 - INFO - Completed. Updated=5 / 5
2025-09-07 23:45:27,540 - INFO - Found 5 phones missing colors
2025-09-07 23:45:27,541 - INFO - (1/5) Samsung Galaxy Z Flip4
2025-09-07 23:45:46,555 - INFO - (2/5) Samsung Galaxy Z Flip5
2025-09-07 23:46:04,587 - INFO - (3/5) Samsung Galaxy Z Flip6
2025-09-07 23:46:22,462 - INFO - (4/5) Samsung Galaxy Z Fold2
2025-09-07 23:46:40,357 - INFO - (5/5) Samsung Galaxy Z Fold3
2025-09-07 23:46:59,626 - INFO - Completed. Updated=5 / 5
2025-09-07 23:47:11,667 - INFO - Found 3 phones missing colors
2025-09-07 23:47:11,668 - INFO - (1/3) Samsung Galaxy Z Fold4
2025-09-07 23:47:29,898 - INFO - (2/3) Samsung Galaxy Z Fold5
2025-09-07 23:47:51,520 - INFO - (3/3) Samsung Galaxy Z Fold6
2025-09-07 23:48:08,927 - INFO - Completed. Updated=3 / 3
