2025-08-17 22:31:55,754 - INFO - Processing limit set to 1
2025-08-17 22:31:55,777 - INFO - Found 1 phones to process
2025-08-17 22:31:55,777 - INFO - Progress: 1/1
2025-08-17 22:31:55,777 - INFO - Processing: Apple iPhone 11
2025-08-17 22:31:57,115 - INFO - Found Apple iPhone 11: https://www.gsmarena.com/apple_iphone_11-9848.php
2025-08-17 22:31:59,840 - INFO - Extracted details for https://www.gsmarena.com/apple_iphone_11-9848.php
2025-08-17 22:31:59,918 - INFO - Successfully updated Apple iPhone 11
2025-08-17 22:31:59,918 - INFO - Completed: 1/1 phones processed successfully
2025-08-17 22:44:53,923 - INFO - Processing limit set to 1
2025-08-17 22:44:53,940 - INFO - Found 1 phones to process
2025-08-17 22:44:53,941 - INFO - Progress: 1/1
2025-08-17 22:44:53,941 - INFO - Processing: Apple iPhone 11
2025-08-17 22:44:55,400 - INFO - Found Apple iPhone 11: https://www.gsmarena.com/apple_iphone_11-9848.php
2025-08-17 22:44:58,133 - INFO - Extracted for https://www.gsmarena.com/apple_iphone_11-9848.php: Processor=Apple A13 Bionic (7 nm+), OS=None, Year=2019
2025-08-17 22:44:58,316 - ERROR - Database update error: value too long for type character varying(20)

2025-08-17 22:44:58,316 - WARNING - Failed to update Apple iPhone 11
2025-08-17 22:44:58,316 - INFO - Completed: 0/1 phones processed successfully
2025-08-17 22:45:51,535 - INFO - Processing limit set to 1
2025-08-17 22:45:51,551 - INFO - Found 1 phones to process
2025-08-17 22:45:51,551 - INFO - Progress: 1/1
2025-08-17 22:45:51,551 - INFO - Processing: Apple iPhone 11
2025-08-17 22:45:52,929 - INFO - Found Apple iPhone 11: https://www.gsmarena.com/apple_iphone_11-9848.php
2025-08-17 22:45:55,636 - INFO - Extracted for https://www.gsmarena.com/apple_iphone_11-9848.php: Processor=Apple A13 Bionic (7 nm+), OS=None, Year=2019
2025-08-17 22:45:55,698 - INFO - Successfully updated Apple iPhone 11
2025-08-17 22:45:55,698 - INFO - Completed: 1/1 phones processed successfully
2025-08-17 22:57:16,685 - INFO - Processing limit set to 3
2025-08-17 22:57:16,700 - INFO - Found 3 phones to process
2025-08-17 22:57:16,700 - INFO - Progress: 1/3
2025-08-17 22:57:16,700 - INFO - Processing: Apple iPhone 11
2025-08-17 22:57:18,001 - INFO - Found Apple iPhone 11: https://www.gsmarena.com/apple_iphone_11-9848.php
2025-08-17 22:57:20,714 - INFO - Extracted for https://www.gsmarena.com/apple_iphone_11-9848.php: Processor=Apple A13 Bionic (7 nm+), OS=None, Year=2019
2025-08-17 22:57:20,793 - INFO - Successfully updated Apple iPhone 11
2025-08-17 22:57:22,795 - INFO - Progress: 2/3
2025-08-17 22:57:22,795 - INFO - Processing: Apple iPhone 11
2025-08-17 22:57:23,191 - INFO - Found Apple iPhone 11: https://www.gsmarena.com/apple_iphone_11-9848.php
2025-08-17 22:57:25,834 - INFO - Extracted for https://www.gsmarena.com/apple_iphone_11-9848.php: Processor=Apple A13 Bionic (7 nm+), OS=None, Year=2019
2025-08-17 22:57:25,862 - INFO - Successfully updated Apple iPhone 11
2025-08-17 22:57:27,867 - INFO - Progress: 3/3
2025-08-17 22:57:27,867 - INFO - Processing: Apple iPhone 11
2025-08-17 22:57:28,259 - INFO - Found Apple iPhone 11: https://www.gsmarena.com/apple_iphone_11-9848.php
2025-08-17 22:57:30,965 - INFO - Extracted for https://www.gsmarena.com/apple_iphone_11-9848.php: Processor=Apple A13 Bionic (7 nm+), OS=None, Year=2019
2025-08-17 22:57:30,992 - INFO - Successfully updated Apple iPhone 11
2025-08-17 22:57:30,992 - INFO - Completed: 3/3 phones processed successfully
2025-08-17 23:01:55,382 - INFO - Processing limit set to 5
2025-08-17 23:01:55,398 - INFO - Found 5 phones to process
2025-08-17 23:01:55,398 - INFO - Progress: 1/5
2025-08-17 23:01:55,398 - INFO - Processing: Apple iPhone 11
2025-08-17 23:01:56,764 - INFO - Found Apple iPhone 11: https://www.gsmarena.com/apple_iphone_11-9848.php
2025-08-17 23:01:59,448 - INFO - Extracted for https://www.gsmarena.com/apple_iphone_11-9848.php: Processor=Apple A13 Bionic (7 nm+), OS=None, Year=2019
2025-08-17 23:01:59,520 - INFO - Successfully updated Apple iPhone 11
2025-08-17 23:02:01,525 - INFO - Progress: 2/5
2025-08-17 23:02:01,526 - INFO - Processing: Apple iPhone 11
2025-08-17 23:02:02,040 - INFO - Found Apple iPhone 11: https://www.gsmarena.com/apple_iphone_11-9848.php
2025-08-17 23:02:04,749 - INFO - Extracted for https://www.gsmarena.com/apple_iphone_11-9848.php: Processor=Apple A13 Bionic (7 nm+), OS=None, Year=2019
2025-08-17 23:02:04,772 - INFO - Successfully updated Apple iPhone 11
2025-08-17 23:02:06,778 - INFO - Progress: 3/5
2025-08-17 23:02:06,778 - INFO - Processing: Apple iPhone 11
2025-08-17 23:02:09,359 - INFO - Found Apple iPhone 11: https://www.gsmarena.com/apple_iphone_11-9848.php
2025-08-17 23:02:12,059 - INFO - Extracted for https://www.gsmarena.com/apple_iphone_11-9848.php: Processor=Apple A13 Bionic (7 nm+), OS=None, Year=2019
2025-08-17 23:02:12,085 - INFO - Successfully updated Apple iPhone 11
2025-08-17 23:02:14,090 - INFO - Progress: 4/5
2025-08-17 23:02:14,091 - INFO - Processing: Apple iPhone 11
2025-08-17 23:02:14,505 - INFO - Found Apple iPhone 11: https://www.gsmarena.com/apple_iphone_11-9848.php
2025-08-17 23:02:17,165 - INFO - Extracted for https://www.gsmarena.com/apple_iphone_11-9848.php: Processor=Apple A13 Bionic (7 nm+), OS=None, Year=2019
2025-08-17 23:02:17,199 - INFO - Successfully updated Apple iPhone 11
2025-08-17 23:02:19,204 - INFO - Progress: 5/5
2025-08-17 23:02:19,205 - INFO - Processing: Apple iPhone 11 Pro Max
2025-08-17 23:02:19,618 - INFO - Found Apple iPhone 11 Pro Max: https://www.gsmarena.com/apple_iphone_11_pro_max-9846.php
2025-08-17 23:02:22,288 - INFO - Extracted for https://www.gsmarena.com/apple_iphone_11_pro_max-9846.php: Processor=Apple A13 Bionic (7 nm+), OS=None, Year=2019
2025-08-17 23:02:22,317 - INFO - Successfully updated Apple iPhone 11 Pro Max
2025-08-17 23:02:22,318 - INFO - Completed: 5/5 phones processed successfully
2025-08-17 23:07:12,158 - INFO - Processing limit set to 2
2025-08-17 23:07:12,173 - INFO - Found 2 phones to process
2025-08-17 23:07:12,173 - INFO - Progress: 1/2
2025-08-17 23:07:12,173 - INFO - Processing: Apple iPhone 11
2025-08-17 23:07:13,596 - INFO - Found Apple iPhone 11: https://www.gsmarena.com/apple_iphone_11-9848.php
2025-08-17 23:07:16,285 - INFO - Extracted for https://www.gsmarena.com/apple_iphone_11-9848.php: Processor=Apple A13 Bionic (7 nm+), OS=None, Year=2019
2025-08-17 23:07:16,359 - ERROR - Database update error: value too long for type character varying(20)

2025-08-17 23:07:16,359 - WARNING - Failed to update Apple iPhone 11
2025-08-17 23:07:18,364 - INFO - Progress: 2/2
2025-08-17 23:07:18,364 - INFO - Processing: Apple iPhone 11
2025-08-17 23:07:18,812 - INFO - Found Apple iPhone 11: https://www.gsmarena.com/apple_iphone_11-9848.php
2025-08-17 23:07:21,500 - INFO - Extracted for https://www.gsmarena.com/apple_iphone_11-9848.php: Processor=Apple A13 Bionic (7 nm+), OS=None, Year=2019
2025-08-17 23:07:21,524 - ERROR - Database update error: value too long for type character varying(20)

2025-08-17 23:07:21,524 - WARNING - Failed to update Apple iPhone 11
2025-08-17 23:07:21,524 - INFO - Completed: 0/2 phones processed successfully
2025-08-17 23:07:49,934 - INFO - Processing limit set to 2
2025-08-17 23:07:49,949 - INFO - Found 2 phones to process
2025-08-17 23:07:49,950 - INFO - Progress: 1/2
2025-08-17 23:07:49,950 - INFO - Processing: Apple iPhone 11
2025-08-17 23:07:51,346 - INFO - Found Apple iPhone 11: https://www.gsmarena.com/apple_iphone_11-9848.php
2025-08-17 23:07:54,068 - INFO - Extracted for https://www.gsmarena.com/apple_iphone_11-9848.php: Processor=Apple A13 Bionic (7 nm+), OS=None, Year=2019
2025-08-17 23:07:54,149 - INFO - Successfully updated Apple iPhone 11
2025-08-17 23:07:56,155 - INFO - Progress: 2/2
2025-08-17 23:07:56,155 - INFO - Processing: Apple iPhone 11
2025-08-17 23:07:56,600 - INFO - Found Apple iPhone 11: https://www.gsmarena.com/apple_iphone_11-9848.php
2025-08-17 23:07:59,271 - INFO - Extracted for https://www.gsmarena.com/apple_iphone_11-9848.php: Processor=Apple A13 Bionic (7 nm+), OS=None, Year=2019
2025-08-17 23:07:59,299 - INFO - Successfully updated Apple iPhone 11
2025-08-17 23:07:59,300 - INFO - Completed: 2/2 phones processed successfully
