2025-08-31 17:19:20,667 - INFO - 🚀 Starting image download process...
2025-08-31 17:19:20,682 - INFO - Found 120 images to download
2025-08-31 17:19:20,682 - INFO - 
📸 Processing 1/120: ASUS ROG Phone 3
2025-08-31 17:19:20,682 - INFO - ⏭️ Already local: ASUS ROG Phone 3
2025-08-31 17:19:20,682 - INFO - 
📸 Processing 2/120: ASUS ROG Phone 5
2025-08-31 17:19:20,682 - INFO - ⏭️ Already local: ASUS ROG Phone 5
2025-08-31 17:19:20,682 - INFO - 
📸 Processing 3/120: ASUS ROG Phone 5 Pro
2025-08-31 17:19:20,682 - INFO - ⏭️ Already local: ASUS ROG Phone 5 Pro
2025-08-31 17:19:20,682 - INFO - 
📸 Processing 4/120: ASUS ROG Phone 5 Ultimate
2025-08-31 17:19:20,682 - INFO - ⏭️ Already local: ASUS ROG Phone 5 Ultimate
2025-08-31 17:19:20,682 - INFO - 
📸 Processing 5/120: ASUS ROG Phone 6
2025-08-31 17:19:20,682 - INFO - ⏭️ Already local: ASUS ROG Phone 6
2025-08-31 17:19:20,682 - INFO - 
📸 Processing 6/120: ASUS ROG Phone 6 Pro
2025-08-31 17:19:20,682 - INFO - ⏭️ Already local: ASUS ROG Phone 6 Pro
2025-08-31 17:19:20,682 - INFO - 
📸 Processing 7/120: ASUS ROG Phone 7
2025-08-31 17:19:20,682 - INFO - ⏭️ Already local: ASUS ROG Phone 7
2025-08-31 17:19:20,682 - INFO - 
📸 Processing 8/120: ASUS ROG Phone 7 Ultimate
2025-08-31 17:19:20,682 - INFO - ⏭️ Already local: ASUS ROG Phone 7 Ultimate
2025-08-31 17:19:20,682 - INFO - 
📸 Processing 9/120: ASUS ROG Phone 8
2025-08-31 17:19:20,682 - INFO - ⏭️ Already local: ASUS ROG Phone 8
2025-08-31 17:19:20,682 - INFO - 
📸 Processing 10/120: ASUS ROG Phone 8 Pro
2025-08-31 17:19:20,682 - INFO - ⏭️ Already local: ASUS ROG Phone 8 Pro
2025-08-31 17:19:20,682 - INFO - 
📸 Processing 11/120: Apple iPhone 12
2025-08-31 17:19:20,682 - INFO - ⏭️ Already local: Apple iPhone 12
2025-08-31 17:19:20,682 - INFO - 
📸 Processing 12/120: Apple iPhone 12 Pro
2025-08-31 17:19:20,682 - INFO - ⏭️ Already local: Apple iPhone 12 Pro
2025-08-31 17:19:20,682 - INFO - 
📸 Processing 13/120: Apple iPhone 12 Pro Max
2025-08-31 17:19:20,682 - INFO - ⏭️ Already local: Apple iPhone 12 Pro Max
2025-08-31 17:19:20,682 - INFO - 
📸 Processing 14/120: Apple iPhone 12 mini
2025-08-31 17:19:20,682 - INFO - ⏭️ Already local: Apple iPhone 12 mini
2025-08-31 17:19:20,682 - INFO - 
📸 Processing 15/120: Apple iPhone 13
2025-08-31 17:19:20,682 - INFO - ⏭️ Already local: Apple iPhone 13
2025-08-31 17:19:20,682 - INFO - 
📸 Processing 16/120: Apple iPhone 13 Pro
2025-08-31 17:19:20,682 - INFO - ⏭️ Already local: Apple iPhone 13 Pro
2025-08-31 17:19:20,682 - INFO - 
📸 Processing 17/120: Apple iPhone 13 Pro Max
2025-08-31 17:19:20,682 - INFO - ⏭️ Already local: Apple iPhone 13 Pro Max
2025-08-31 17:19:20,682 - INFO - 
📸 Processing 18/120: Apple iPhone 13 mini
2025-08-31 17:19:20,682 - INFO - ⏭️ Already local: Apple iPhone 13 mini
2025-08-31 17:19:20,682 - INFO - 
📸 Processing 19/120: Apple iPhone 14
2025-08-31 17:19:20,682 - INFO - ⏭️ Already local: Apple iPhone 14
2025-08-31 17:19:20,682 - INFO - 
📸 Processing 20/120: Apple iPhone 14 Plus
2025-08-31 17:19:20,683 - INFO - ⏭️ Already local: Apple iPhone 14 Plus
2025-08-31 17:19:20,683 - INFO - 
📸 Processing 21/120: Apple iPhone 14 Pro
2025-08-31 17:19:20,683 - INFO - ⏭️ Already local: Apple iPhone 14 Pro
2025-08-31 17:19:20,683 - INFO - 
📸 Processing 22/120: Apple iPhone 14 Pro Max
2025-08-31 17:19:20,683 - INFO - ⏭️ Already local: Apple iPhone 14 Pro Max
2025-08-31 17:19:20,683 - INFO - 
📸 Processing 23/120: Apple iPhone 15
2025-08-31 17:19:20,683 - INFO - ⏭️ Already local: Apple iPhone 15
2025-08-31 17:19:20,683 - INFO - 
📸 Processing 24/120: Apple iPhone 15 Plus
2025-08-31 17:19:20,683 - INFO - ⏭️ Already local: Apple iPhone 15 Plus
2025-08-31 17:19:20,683 - INFO - 
📸 Processing 25/120: Apple iPhone 15 Pro
2025-08-31 17:19:20,683 - INFO - ⏭️ Already local: Apple iPhone 15 Pro
2025-08-31 17:19:20,683 - INFO - 
📸 Processing 26/120: Apple iPhone 15 Pro Max
2025-08-31 17:19:20,683 - INFO - ⏭️ Already local: Apple iPhone 15 Pro Max
2025-08-31 17:19:20,683 - INFO - 
📸 Processing 27/120: Apple iPhone 16
2025-08-31 17:19:20,683 - INFO - ⏭️ Already local: Apple iPhone 16
2025-08-31 17:19:20,683 - INFO - 
📸 Processing 28/120: Apple iPhone 16 Plus
2025-08-31 17:19:20,683 - INFO - ⏭️ Already local: Apple iPhone 16 Plus
2025-08-31 17:19:20,683 - INFO - 
📸 Processing 29/120: Apple iPhone 16 Pro
2025-08-31 17:19:20,683 - INFO - ⏭️ Already local: Apple iPhone 16 Pro
2025-08-31 17:19:20,683 - INFO - 
📸 Processing 30/120: Apple iPhone 16 Pro Max
2025-08-31 17:19:20,683 - INFO - ⏭️ Already local: Apple iPhone 16 Pro Max
2025-08-31 17:19:20,683 - INFO - 
📸 Processing 31/120: Apple iPhone SE
2025-08-31 17:19:20,683 - INFO - ⏭️ Already local: Apple iPhone SE
2025-08-31 17:19:20,683 - INFO - 
📸 Processing 32/120: Google Pixel 4a
2025-08-31 17:19:20,683 - INFO - ⏭️ Already local: Google Pixel 4a
2025-08-31 17:19:20,683 - INFO - 
📸 Processing 33/120: Google Pixel 5
2025-08-31 17:19:20,683 - INFO - ⏭️ Already local: Google Pixel 5
2025-08-31 17:19:20,683 - INFO - 
📸 Processing 34/120: Google Pixel 5a
2025-08-31 17:19:20,683 - INFO - ⏭️ Already local: Google Pixel 5a
2025-08-31 17:19:20,683 - INFO - 
📸 Processing 35/120: Google Pixel 6
2025-08-31 17:19:20,683 - INFO - ⏭️ Already local: Google Pixel 6
2025-08-31 17:19:20,683 - INFO - 
📸 Processing 36/120: Google Pixel 6 Pro
2025-08-31 17:19:20,683 - INFO - ⏭️ Already local: Google Pixel 6 Pro
2025-08-31 17:19:20,683 - INFO - 
📸 Processing 37/120: Google Pixel 7
2025-08-31 17:19:20,683 - INFO - ⏭️ Already local: Google Pixel 7
2025-08-31 17:19:20,683 - INFO - 
📸 Processing 38/120: Google Pixel 7 Pro
2025-08-31 17:19:20,683 - INFO - ⏭️ Already local: Google Pixel 7 Pro
2025-08-31 17:19:20,683 - INFO - 
📸 Processing 39/120: Google Pixel 7a
2025-08-31 17:19:20,683 - INFO - ⏭️ Already local: Google Pixel 7a
2025-08-31 17:19:20,683 - INFO - 
📸 Processing 40/120: Google Pixel 8
2025-08-31 17:19:20,683 - INFO - ⏭️ Already local: Google Pixel 8
2025-08-31 17:19:20,683 - INFO - 
📸 Processing 41/120: Google Pixel 8 Pro
2025-08-31 17:19:20,683 - INFO - ⏭️ Already local: Google Pixel 8 Pro
2025-08-31 17:19:20,683 - INFO - 
📸 Processing 42/120: Google Pixel 9
2025-08-31 17:19:20,683 - INFO - ⏭️ Already local: Google Pixel 9
2025-08-31 17:19:20,683 - INFO - 
📸 Processing 43/120: Google Pixel 9 Pro
2025-08-31 17:19:20,683 - INFO - ⏭️ Already local: Google Pixel 9 Pro
2025-08-31 17:19:20,683 - INFO - 
📸 Processing 44/120: Google Pixel 9 Pro XL
2025-08-31 17:19:20,684 - INFO - ⏭️ Already local: Google Pixel 9 Pro XL
2025-08-31 17:19:20,684 - INFO - 
📸 Processing 45/120: Honor 30
2025-08-31 17:19:20,684 - INFO - ⏭️ Already local: Honor 30
2025-08-31 17:19:20,684 - INFO - 
📸 Processing 46/120: Honor 30 Pro
2025-08-31 17:19:20,684 - INFO - ⏭️ Already local: Honor 30 Pro
2025-08-31 17:19:20,684 - INFO - 
📸 Processing 47/120: Honor 30 Pro+
2025-08-31 17:19:20,684 - INFO - ⏭️ Already local: Honor 30 Pro+
2025-08-31 17:19:20,684 - INFO - 
📸 Processing 48/120: Honor Magic3
2025-08-31 17:19:20,684 - INFO - ⏭️ Already local: Honor Magic3
2025-08-31 17:19:20,684 - INFO - 
📸 Processing 49/120: Honor Magic3 Pro
2025-08-31 17:19:20,684 - INFO - ⏭️ Already local: Honor Magic3 Pro
2025-08-31 17:19:20,684 - INFO - 
📸 Processing 50/120: Honor Magic3 Pro+
2025-08-31 17:19:20,684 - INFO - ⏭️ Already local: Honor Magic3 Pro+
2025-08-31 17:19:20,684 - INFO - 
📸 Processing 51/120: Honor Magic4
2025-08-31 17:19:20,684 - INFO - ⏭️ Already local: Honor Magic4
2025-08-31 17:19:20,684 - INFO - 
📸 Processing 52/120: Honor Magic4 Pro
2025-08-31 17:19:20,684 - INFO - ⏭️ Already local: Honor Magic4 Pro
2025-08-31 17:19:20,684 - INFO - 
📸 Processing 53/120: Honor Magic4 Ultimate
2025-08-31 17:19:20,684 - INFO - ⏭️ Already local: Honor Magic4 Ultimate
2025-08-31 17:19:20,684 - INFO - 
📸 Processing 54/120: Honor Magic5
2025-08-31 17:19:20,684 - INFO - ⏭️ Already local: Honor Magic5
2025-08-31 17:19:20,684 - INFO - 
📸 Processing 55/120: Honor Magic5 Pro
2025-08-31 17:19:20,684 - INFO - ⏭️ Already local: Honor Magic5 Pro
2025-08-31 17:19:20,684 - INFO - 
📸 Processing 56/120: Honor Magic6
2025-08-31 17:19:20,684 - INFO - ⏭️ Already local: Honor Magic6
2025-08-31 17:19:20,684 - INFO - 
📸 Processing 57/120: Honor Magic6 Pro
2025-08-31 17:19:20,684 - INFO - ⏭️ Already local: Honor Magic6 Pro
2025-08-31 17:19:20,684 - INFO - 
📸 Processing 58/120: Huawei Mate 30 Pro
2025-08-31 17:19:20,684 - INFO - ⏭️ Already local: Huawei Mate 30 Pro
2025-08-31 17:19:20,684 - INFO - 
📸 Processing 59/120: Huawei Mate 40
2025-08-31 17:19:20,684 - INFO - ⏭️ Already local: Huawei Mate 40
2025-08-31 17:19:20,684 - INFO - 
📸 Processing 60/120: Huawei Mate 40 Pro
2025-08-31 17:19:20,684 - INFO - ⏭️ Already local: Huawei Mate 40 Pro
2025-08-31 17:19:20,684 - INFO - 
📸 Processing 61/120: Huawei Mate 50
2025-08-31 17:19:20,684 - INFO - ⏭️ Already local: Huawei Mate 50
2025-08-31 17:19:20,684 - INFO - 
📸 Processing 62/120: Huawei Mate 50 Pro
2025-08-31 17:19:20,684 - INFO - ⏭️ Already local: Huawei Mate 50 Pro
2025-08-31 17:19:20,684 - INFO - 
📸 Processing 63/120: Huawei Mate 60
2025-08-31 17:19:20,684 - INFO - ⏭️ Already local: Huawei Mate 60
2025-08-31 17:19:20,684 - INFO - 
📸 Processing 64/120: Huawei Mate 60 Pro
2025-08-31 17:19:20,684 - INFO - ⏭️ Already local: Huawei Mate 60 Pro
2025-08-31 17:19:20,684 - INFO - 
📸 Processing 65/120: Huawei Mate 60 Pro+
2025-08-31 17:19:20,684 - INFO - ⏭️ Already local: Huawei Mate 60 Pro+
2025-08-31 17:19:20,684 - INFO - 
📸 Processing 66/120: Huawei P40
2025-08-31 17:19:20,684 - INFO - ⏭️ Already local: Huawei P40
2025-08-31 17:19:20,684 - INFO - 
📸 Processing 67/120: Huawei P40 Pro
2025-08-31 17:19:20,684 - INFO - ⏭️ Already local: Huawei P40 Pro
2025-08-31 17:19:20,684 - INFO - 
📸 Processing 68/120: Huawei P40 Pro+
2025-08-31 17:19:20,684 - INFO - ⏭️ Already local: Huawei P40 Pro+
2025-08-31 17:19:20,684 - INFO - 
📸 Processing 69/120: Huawei P50
2025-08-31 17:19:20,685 - INFO - ⏭️ Already local: Huawei P50
2025-08-31 17:19:20,685 - INFO - 
📸 Processing 70/120: Huawei P50 Pro
2025-08-31 17:19:20,685 - INFO - ⏭️ Already local: Huawei P50 Pro
2025-08-31 17:19:20,685 - INFO - 
📸 Processing 71/120: Huawei P60
2025-08-31 17:19:20,685 - INFO - ⏭️ Already local: Huawei P60
2025-08-31 17:19:20,685 - INFO - 
📸 Processing 72/120: Huawei P60 Pro
2025-08-31 17:19:20,685 - INFO - ⏭️ Already local: Huawei P60 Pro
2025-08-31 17:19:20,685 - INFO - 
📸 Processing 73/120: Huawei Pura 70
2025-08-31 17:19:20,685 - INFO - ⏭️ Already local: Huawei Pura 70
2025-08-31 17:19:20,685 - INFO - 
📸 Processing 74/120: OPPO Find X2
2025-08-31 17:19:20,758 - INFO - ✅ Downloaded: OPPO_Find_X2.jpg
2025-08-31 17:19:20,764 - INFO - ✅ OPPO Find X2: OPPO_Find_X2.jpg
2025-08-31 17:19:21,770 - INFO - 
📸 Processing 75/120: OPPO Find X2 Pro
2025-08-31 17:19:21,794 - INFO - ✅ Downloaded: OPPO_Find_X2_Pro.jpg
2025-08-31 17:19:21,802 - INFO - ✅ OPPO Find X2 Pro: OPPO_Find_X2_Pro.jpg
2025-08-31 17:19:22,807 - INFO - 
📸 Processing 76/120: OPPO Find X3
2025-08-31 17:19:22,832 - INFO - ✅ Downloaded: OPPO_Find_X3.jpg
2025-08-31 17:19:22,841 - INFO - ✅ OPPO Find X3: OPPO_Find_X3.jpg
2025-08-31 17:19:23,844 - INFO - 
📸 Processing 77/120: OPPO Find X3 Pro
2025-08-31 17:19:23,868 - INFO - ✅ Downloaded: OPPO_Find_X3_Pro.jpg
2025-08-31 17:19:23,876 - INFO - ✅ OPPO Find X3 Pro: OPPO_Find_X3_Pro.jpg
2025-08-31 17:19:24,877 - INFO - 
📸 Processing 78/120: OPPO Find X5
2025-08-31 17:19:24,901 - INFO - ✅ Downloaded: OPPO_Find_X5.jpg
2025-08-31 17:19:24,908 - INFO - ✅ OPPO Find X5: OPPO_Find_X5.jpg
2025-08-31 17:19:25,913 - INFO - 
📸 Processing 79/120: OPPO Find X5 Pro
2025-08-31 17:19:25,936 - INFO - ✅ Downloaded: OPPO_Find_X5_Pro.jpg
2025-08-31 17:19:25,945 - INFO - ✅ OPPO Find X5 Pro: OPPO_Find_X5_Pro.jpg
2025-08-31 17:19:26,950 - INFO - 
📸 Processing 80/120: OPPO Find X6
2025-08-31 17:19:26,976 - INFO - ✅ Downloaded: OPPO_Find_X6.jpg
2025-08-31 17:19:26,983 - INFO - ✅ OPPO Find X6: OPPO_Find_X6.jpg
2025-08-31 17:19:27,988 - INFO - 
📸 Processing 81/120: OPPO Find X6 Pro
2025-08-31 17:19:28,018 - INFO - ✅ Downloaded: OPPO_Find_X6_Pro.jpg
2025-08-31 17:19:28,024 - INFO - ✅ OPPO Find X6 Pro: OPPO_Find_X6_Pro.jpg
2025-08-31 17:19:29,027 - INFO - 
📸 Processing 82/120: OPPO Find X7
2025-08-31 17:19:29,059 - INFO - ✅ Downloaded: OPPO_Find_X7.jpg
2025-08-31 17:19:29,071 - INFO - ✅ OPPO Find X7: OPPO_Find_X7.jpg
2025-08-31 17:19:30,077 - INFO - 
📸 Processing 83/120: OnePlus 10 Pro
2025-08-31 17:19:30,105 - INFO - ✅ Downloaded: OnePlus_10_Pro.jpg
2025-08-31 17:19:30,112 - INFO - ✅ OnePlus 10 Pro: OnePlus_10_Pro.jpg
2025-08-31 17:19:31,117 - INFO - 
📸 Processing 84/120: OnePlus 10T
2025-08-31 17:19:31,145 - INFO - ✅ Downloaded: OnePlus_10T.jpg
2025-08-31 17:19:31,152 - INFO - ✅ OnePlus 10T: OnePlus_10T.jpg
2025-08-31 17:19:32,153 - INFO - 
📸 Processing 85/120: OnePlus 11
2025-08-31 17:19:32,182 - INFO - ✅ Downloaded: OnePlus_11.jpg
2025-08-31 17:19:32,189 - INFO - ✅ OnePlus 11: OnePlus_11.jpg
2025-08-31 17:19:33,194 - INFO - 
📸 Processing 86/120: OnePlus 12
2025-08-31 17:19:33,222 - INFO - ✅ Downloaded: OnePlus_12.jpg
2025-08-31 17:19:33,229 - INFO - ✅ OnePlus 12: OnePlus_12.jpg
2025-08-31 17:19:34,230 - INFO - 
📸 Processing 87/120: OnePlus 12R
2025-08-31 17:19:34,257 - INFO - ✅ Downloaded: OnePlus_12R.jpg
2025-08-31 17:19:34,265 - INFO - ✅ OnePlus 12R: OnePlus_12R.jpg
2025-08-31 17:19:35,270 - INFO - 
📸 Processing 88/120: OnePlus 8
2025-08-31 17:19:35,295 - INFO - ✅ Downloaded: OnePlus_8.jpg
2025-08-31 17:19:35,302 - INFO - ✅ OnePlus 8: OnePlus_8.jpg
2025-08-31 17:19:36,305 - INFO - 
📸 Processing 89/120: OnePlus 8 Pro
2025-08-31 17:19:36,332 - INFO - ✅ Downloaded: OnePlus_8_Pro.jpg
2025-08-31 17:19:36,340 - INFO - ✅ OnePlus 8 Pro: OnePlus_8_Pro.jpg
2025-08-31 17:19:37,345 - INFO - 
📸 Processing 90/120: OnePlus 8T
2025-08-31 17:19:37,366 - INFO - ✅ Downloaded: OnePlus_8T.jpg
2025-08-31 17:19:37,373 - INFO - ✅ OnePlus 8T: OnePlus_8T.jpg
2025-08-31 17:19:38,378 - INFO - 
📸 Processing 91/120: OnePlus 9
2025-08-31 17:19:38,404 - INFO - ✅ Downloaded: OnePlus_9.jpg
2025-08-31 17:19:38,414 - INFO - ✅ OnePlus 9: OnePlus_9.jpg
2025-08-31 17:19:39,419 - INFO - 
📸 Processing 92/120: OnePlus 9 Pro
2025-08-31 17:19:39,441 - INFO - ✅ Downloaded: OnePlus_9_Pro.jpg
2025-08-31 17:19:39,448 - INFO - ✅ OnePlus 9 Pro: OnePlus_9_Pro.jpg
2025-08-31 17:19:40,453 - INFO - 
📸 Processing 93/120: OnePlus 9RT
2025-08-31 17:19:40,479 - INFO - ✅ Downloaded: OnePlus_9RT.jpg
2025-08-31 17:19:40,487 - INFO - ✅ OnePlus 9RT: OnePlus_9RT.jpg
2025-08-31 17:19:41,492 - INFO - 
📸 Processing 94/120: Samsung Galaxy Note20
2025-08-31 17:19:41,518 - INFO - ✅ Downloaded: Samsung_Galaxy_Note20.jpg
2025-08-31 17:19:41,526 - INFO - ✅ Samsung Galaxy Note20: Samsung_Galaxy_Note20.jpg
2025-08-31 17:19:42,531 - INFO - 
📸 Processing 95/120: Samsung Galaxy Note20 Ultra
2025-08-31 17:19:42,556 - INFO - ✅ Downloaded: Samsung_Galaxy_Note20_Ultra.jpg
2025-08-31 17:19:42,564 - INFO - ✅ Samsung Galaxy Note20 Ultra: Samsung_Galaxy_Note20_Ultra.jpg
2025-08-31 17:19:43,565 - INFO - 
📸 Processing 96/120: Samsung Galaxy S20
2025-08-31 17:19:43,591 - INFO - ✅ Downloaded: Samsung_Galaxy_S20.jpg
2025-08-31 17:19:43,597 - INFO - ✅ Samsung Galaxy S20: Samsung_Galaxy_S20.jpg
2025-08-31 17:19:44,602 - INFO - 
📸 Processing 97/120: Samsung Galaxy S20 Ultra
2025-08-31 17:19:44,626 - INFO - ✅ Downloaded: Samsung_Galaxy_S20_Ultra.jpg
2025-08-31 17:19:44,633 - INFO - ✅ Samsung Galaxy S20 Ultra: Samsung_Galaxy_S20_Ultra.jpg
2025-08-31 17:19:45,636 - INFO - 
📸 Processing 98/120: Samsung Galaxy S20+
2025-08-31 17:19:45,637 - INFO - ⏭️ File exists: Samsung_Galaxy_S20.jpg
2025-08-31 17:19:45,646 - INFO - 
📸 Processing 99/120: Samsung Galaxy S21
2025-08-31 17:19:45,667 - ERROR - ❌ Failed to download https://via.placeholder.com/400x600/4A90E2/FFFFFF?text=Samsung+Galaxy+S21: HTTPSConnectionPool(host='via.placeholder.com', port=443): Max retries exceeded with url: /400x600/4A90E2/FFFFFF?text=Samsung+Galaxy+S21 (Caused by NewConnectionError('<urllib3.connection.HTTPSConnection object at 0x1063806d0>: Failed to establish a new connection: [Errno 8] nodename nor servname provided, or not known'))
2025-08-31 17:19:45,667 - ERROR - ❌ Failed: Samsung Galaxy S21
2025-08-31 17:19:46,672 - INFO - 
📸 Processing 100/120: Samsung Galaxy S21 Ultra
2025-08-31 17:19:46,675 - ERROR - ❌ Failed to download https://via.placeholder.com/400x600/4A90E2/FFFFFF?text=Samsung+Galaxy+S21+Ultra: HTTPSConnectionPool(host='via.placeholder.com', port=443): Max retries exceeded with url: /400x600/4A90E2/FFFFFF?text=Samsung+Galaxy+S21+Ultra (Caused by NewConnectionError('<urllib3.connection.HTTPSConnection object at 0x106380700>: Failed to establish a new connection: [Errno 8] nodename nor servname provided, or not known'))
2025-08-31 17:19:46,675 - ERROR - ❌ Failed: Samsung Galaxy S21 Ultra
2025-08-31 17:19:47,680 - INFO - 
📸 Processing 101/120: Samsung Galaxy S21+
2025-08-31 17:19:47,684 - ERROR - ❌ Failed to download https://via.placeholder.com/400x600/4A90E2/FFFFFF?text=Samsung+Galaxy+S21+: HTTPSConnectionPool(host='via.placeholder.com', port=443): Max retries exceeded with url: /400x600/4A90E2/FFFFFF?text=Samsung+Galaxy+S21+ (Caused by NewConnectionError('<urllib3.connection.HTTPSConnection object at 0x106380670>: Failed to establish a new connection: [Errno 8] nodename nor servname provided, or not known'))
2025-08-31 17:19:47,685 - ERROR - ❌ Failed: Samsung Galaxy S21+
2025-08-31 17:19:48,690 - INFO - 
📸 Processing 102/120: Samsung Galaxy S22
2025-08-31 17:19:48,693 - ERROR - ❌ Failed to download https://via.placeholder.com/400x600/4A90E2/FFFFFF?text=Samsung+Galaxy+S22: HTTPSConnectionPool(host='via.placeholder.com', port=443): Max retries exceeded with url: /400x600/4A90E2/FFFFFF?text=Samsung+Galaxy+S22 (Caused by NewConnectionError('<urllib3.connection.HTTPSConnection object at 0x106380730>: Failed to establish a new connection: [Errno 8] nodename nor servname provided, or not known'))
2025-08-31 17:19:48,693 - ERROR - ❌ Failed: Samsung Galaxy S22
2025-08-31 17:19:49,698 - INFO - 
📸 Processing 103/120: Samsung Galaxy S22 Ultra
2025-08-31 17:19:49,703 - ERROR - ❌ Failed to download https://via.placeholder.com/400x600/4A90E2/FFFFFF?text=Samsung+Galaxy+S22+Ultra: HTTPSConnectionPool(host='via.placeholder.com', port=443): Max retries exceeded with url: /400x600/4A90E2/FFFFFF?text=Samsung+Galaxy+S22+Ultra (Caused by NewConnectionError('<urllib3.connection.HTTPSConnection object at 0x106380760>: Failed to establish a new connection: [Errno 8] nodename nor servname provided, or not known'))
2025-08-31 17:19:49,703 - ERROR - ❌ Failed: Samsung Galaxy S22 Ultra
2025-08-31 17:19:50,708 - INFO - 
📸 Processing 104/120: Samsung Galaxy S22+
2025-08-31 17:19:50,712 - ERROR - ❌ Failed to download https://via.placeholder.com/400x600/4A90E2/FFFFFF?text=Samsung+Galaxy+S22+: HTTPSConnectionPool(host='via.placeholder.com', port=443): Max retries exceeded with url: /400x600/4A90E2/FFFFFF?text=Samsung+Galaxy+S22+ (Caused by NewConnectionError('<urllib3.connection.HTTPSConnection object at 0x106380610>: Failed to establish a new connection: [Errno 8] nodename nor servname provided, or not known'))
2025-08-31 17:19:50,712 - ERROR - ❌ Failed: Samsung Galaxy S22+
2025-08-31 17:19:51,718 - INFO - 
📸 Processing 105/120: Samsung Galaxy S23
2025-08-31 17:19:51,721 - ERROR - ❌ Failed to download https://via.placeholder.com/400x600/4A90E2/FFFFFF?text=Samsung+Galaxy+S23: HTTPSConnectionPool(host='via.placeholder.com', port=443): Max retries exceeded with url: /400x600/4A90E2/FFFFFF?text=Samsung+Galaxy+S23 (Caused by NewConnectionError('<urllib3.connection.HTTPSConnection object at 0x106380670>: Failed to establish a new connection: [Errno 8] nodename nor servname provided, or not known'))
2025-08-31 17:19:51,721 - ERROR - ❌ Failed: Samsung Galaxy S23
2025-08-31 17:19:52,726 - INFO - 
📸 Processing 106/120: Samsung Galaxy S23 Ultra
2025-08-31 17:19:52,731 - ERROR - ❌ Failed to download https://via.placeholder.com/400x600/4A90E2/FFFFFF?text=Samsung+Galaxy+S23+Ultra: HTTPSConnectionPool(host='via.placeholder.com', port=443): Max retries exceeded with url: /400x600/4A90E2/FFFFFF?text=Samsung+Galaxy+S23+Ultra (Caused by NewConnectionError('<urllib3.connection.HTTPSConnection object at 0x1063806a0>: Failed to establish a new connection: [Errno 8] nodename nor servname provided, or not known'))
2025-08-31 17:19:52,731 - ERROR - ❌ Failed: Samsung Galaxy S23 Ultra
2025-08-31 17:19:53,736 - INFO - 
📸 Processing 107/120: Samsung Galaxy S23+
2025-08-31 17:19:53,741 - ERROR - ❌ Failed to download https://via.placeholder.com/400x600/4A90E2/FFFFFF?text=Samsung+Galaxy+S23+: HTTPSConnectionPool(host='via.placeholder.com', port=443): Max retries exceeded with url: /400x600/4A90E2/FFFFFF?text=Samsung+Galaxy+S23+ (Caused by NewConnectionError('<urllib3.connection.HTTPSConnection object at 0x106380700>: Failed to establish a new connection: [Errno 8] nodename nor servname provided, or not known'))
2025-08-31 17:19:53,741 - ERROR - ❌ Failed: Samsung Galaxy S23+
2025-08-31 17:19:54,744 - INFO - 
📸 Processing 108/120: Samsung Galaxy S24
2025-08-31 17:19:54,748 - ERROR - ❌ Failed to download https://via.placeholder.com/400x600/4A90E2/FFFFFF?text=Samsung+Galaxy+S24: HTTPSConnectionPool(host='via.placeholder.com', port=443): Max retries exceeded with url: /400x600/4A90E2/FFFFFF?text=Samsung+Galaxy+S24 (Caused by NewConnectionError('<urllib3.connection.HTTPSConnection object at 0x106380610>: Failed to establish a new connection: [Errno 8] nodename nor servname provided, or not known'))
2025-08-31 17:19:54,748 - ERROR - ❌ Failed: Samsung Galaxy S24
2025-08-31 17:19:55,753 - INFO - 
📸 Processing 109/120: Samsung Galaxy S24 Ultra
2025-08-31 17:19:55,758 - ERROR - ❌ Failed to download https://via.placeholder.com/400x600/4A90E2/FFFFFF?text=Samsung+Galaxy+S24+Ultra: HTTPSConnectionPool(host='via.placeholder.com', port=443): Max retries exceeded with url: /400x600/4A90E2/FFFFFF?text=Samsung+Galaxy+S24+Ultra (Caused by NewConnectionError('<urllib3.connection.HTTPSConnection object at 0x106380730>: Failed to establish a new connection: [Errno 8] nodename nor servname provided, or not known'))
2025-08-31 17:19:55,758 - ERROR - ❌ Failed: Samsung Galaxy S24 Ultra
2025-08-31 17:19:56,763 - INFO - 
📸 Processing 110/120: Samsung Galaxy S24+
2025-08-31 17:19:56,767 - ERROR - ❌ Failed to download https://via.placeholder.com/400x600/4A90E2/FFFFFF?text=Samsung+Galaxy+S24+: HTTPSConnectionPool(host='via.placeholder.com', port=443): Max retries exceeded with url: /400x600/4A90E2/FFFFFF?text=Samsung+Galaxy+S24+ (Caused by NewConnectionError('<urllib3.connection.HTTPSConnection object at 0x106380760>: Failed to establish a new connection: [Errno 8] nodename nor servname provided, or not known'))
2025-08-31 17:19:56,767 - ERROR - ❌ Failed: Samsung Galaxy S24+
2025-08-31 17:19:57,771 - INFO - 
📸 Processing 111/120: Samsung Galaxy Z Flip
2025-08-31 17:19:57,777 - ERROR - ❌ Failed to download https://via.placeholder.com/400x600/4A90E2/FFFFFF?text=Samsung+Galaxy+Z+Flip: HTTPSConnectionPool(host='via.placeholder.com', port=443): Max retries exceeded with url: /400x600/4A90E2/FFFFFF?text=Samsung+Galaxy+Z+Flip (Caused by NewConnectionError('<urllib3.connection.HTTPSConnection object at 0x106380700>: Failed to establish a new connection: [Errno 8] nodename nor servname provided, or not known'))
2025-08-31 17:19:57,777 - ERROR - ❌ Failed: Samsung Galaxy Z Flip
2025-08-31 17:19:58,783 - INFO - 
📸 Processing 112/120: Samsung Galaxy Z Flip3
2025-08-31 17:19:58,787 - ERROR - ❌ Failed to download https://via.placeholder.com/400x600/4A90E2/FFFFFF?text=Samsung+Galaxy+Z+Flip3: HTTPSConnectionPool(host='via.placeholder.com', port=443): Max retries exceeded with url: /400x600/4A90E2/FFFFFF?text=Samsung+Galaxy+Z+Flip3 (Caused by NewConnectionError('<urllib3.connection.HTTPSConnection object at 0x106380670>: Failed to establish a new connection: [Errno 8] nodename nor servname provided, or not known'))
2025-08-31 17:19:58,787 - ERROR - ❌ Failed: Samsung Galaxy Z Flip3
2025-08-31 17:19:59,792 - INFO - 
📸 Processing 113/120: Samsung Galaxy Z Flip4
2025-08-31 17:19:59,797 - ERROR - ❌ Failed to download https://via.placeholder.com/400x600/4A90E2/FFFFFF?text=Samsung+Galaxy+Z+Flip4: HTTPSConnectionPool(host='via.placeholder.com', port=443): Max retries exceeded with url: /400x600/4A90E2/FFFFFF?text=Samsung+Galaxy+Z+Flip4 (Caused by NewConnectionError('<urllib3.connection.HTTPSConnection object at 0x106380760>: Failed to establish a new connection: [Errno 8] nodename nor servname provided, or not known'))
2025-08-31 17:19:59,797 - ERROR - ❌ Failed: Samsung Galaxy Z Flip4
2025-08-31 17:20:00,802 - INFO - 
📸 Processing 114/120: Samsung Galaxy Z Flip5
2025-08-31 17:20:00,807 - ERROR - ❌ Failed to download https://via.placeholder.com/400x600/4A90E2/FFFFFF?text=Samsung+Galaxy+Z+Flip5: HTTPSConnectionPool(host='via.placeholder.com', port=443): Max retries exceeded with url: /400x600/4A90E2/FFFFFF?text=Samsung+Galaxy+Z+Flip5 (Caused by NewConnectionError('<urllib3.connection.HTTPSConnection object at 0x1063806d0>: Failed to establish a new connection: [Errno 8] nodename nor servname provided, or not known'))
2025-08-31 17:20:00,807 - ERROR - ❌ Failed: Samsung Galaxy Z Flip5
2025-08-31 17:20:01,812 - INFO - 
📸 Processing 115/120: Samsung Galaxy Z Flip6
2025-08-31 17:20:01,815 - ERROR - ❌ Failed to download https://via.placeholder.com/400x600/4A90E2/FFFFFF?text=Samsung+Galaxy+Z+Flip6: HTTPSConnectionPool(host='via.placeholder.com', port=443): Max retries exceeded with url: /400x600/4A90E2/FFFFFF?text=Samsung+Galaxy+Z+Flip6 (Caused by NewConnectionError('<urllib3.connection.HTTPSConnection object at 0x106380700>: Failed to establish a new connection: [Errno 8] nodename nor servname provided, or not known'))
2025-08-31 17:20:01,816 - ERROR - ❌ Failed: Samsung Galaxy Z Flip6
2025-08-31 17:20:02,821 - INFO - 
📸 Processing 116/120: Samsung Galaxy Z Fold2
2025-08-31 17:20:02,825 - ERROR - ❌ Failed to download https://via.placeholder.com/400x600/4A90E2/FFFFFF?text=Samsung+Galaxy+Z+Fold2: HTTPSConnectionPool(host='via.placeholder.com', port=443): Max retries exceeded with url: /400x600/4A90E2/FFFFFF?text=Samsung+Galaxy+Z+Fold2 (Caused by NewConnectionError('<urllib3.connection.HTTPSConnection object at 0x106380670>: Failed to establish a new connection: [Errno 8] nodename nor servname provided, or not known'))
2025-08-31 17:20:02,826 - ERROR - ❌ Failed: Samsung Galaxy Z Fold2
2025-08-31 17:20:03,831 - INFO - 
📸 Processing 117/120: Samsung Galaxy Z Fold3
2025-08-31 17:20:03,835 - ERROR - ❌ Failed to download https://via.placeholder.com/400x600/4A90E2/FFFFFF?text=Samsung+Galaxy+Z+Fold3: HTTPSConnectionPool(host='via.placeholder.com', port=443): Max retries exceeded with url: /400x600/4A90E2/FFFFFF?text=Samsung+Galaxy+Z+Fold3 (Caused by NewConnectionError('<urllib3.connection.HTTPSConnection object at 0x106380760>: Failed to establish a new connection: [Errno 8] nodename nor servname provided, or not known'))
2025-08-31 17:20:03,835 - ERROR - ❌ Failed: Samsung Galaxy Z Fold3
2025-08-31 17:20:04,840 - INFO - 
📸 Processing 118/120: Samsung Galaxy Z Fold4
2025-08-31 17:20:04,844 - ERROR - ❌ Failed to download https://via.placeholder.com/400x600/4A90E2/FFFFFF?text=Samsung+Galaxy+Z+Fold4: HTTPSConnectionPool(host='via.placeholder.com', port=443): Max retries exceeded with url: /400x600/4A90E2/FFFFFF?text=Samsung+Galaxy+Z+Fold4 (Caused by NewConnectionError('<urllib3.connection.HTTPSConnection object at 0x1063806d0>: Failed to establish a new connection: [Errno 8] nodename nor servname provided, or not known'))
2025-08-31 17:20:04,844 - ERROR - ❌ Failed: Samsung Galaxy Z Fold4
2025-08-31 17:20:05,845 - INFO - 
📸 Processing 119/120: Samsung Galaxy Z Fold5
2025-08-31 17:20:05,848 - ERROR - ❌ Failed to download https://via.placeholder.com/400x600/4A90E2/FFFFFF?text=Samsung+Galaxy+Z+Fold5: HTTPSConnectionPool(host='via.placeholder.com', port=443): Max retries exceeded with url: /400x600/4A90E2/FFFFFF?text=Samsung+Galaxy+Z+Fold5 (Caused by NewConnectionError('<urllib3.connection.HTTPSConnection object at 0x106380700>: Failed to establish a new connection: [Errno 8] nodename nor servname provided, or not known'))
2025-08-31 17:20:05,849 - ERROR - ❌ Failed: Samsung Galaxy Z Fold5
2025-08-31 17:20:06,854 - INFO - 
📸 Processing 120/120: Samsung Galaxy Z Fold6
2025-08-31 17:20:06,858 - ERROR - ❌ Failed to download https://via.placeholder.com/400x600/4A90E2/FFFFFF?text=Samsung+Galaxy+Z+Fold6: HTTPSConnectionPool(host='via.placeholder.com', port=443): Max retries exceeded with url: /400x600/4A90E2/FFFFFF?text=Samsung+Galaxy+Z+Fold6 (Caused by NewConnectionError('<urllib3.connection.HTTPSConnection object at 0x106380670>: Failed to establish a new connection: [Errno 8] nodename nor servname provided, or not known'))
2025-08-31 17:20:06,858 - ERROR - ❌ Failed: Samsung Galaxy Z Fold6
2025-08-31 17:20:07,864 - INFO - 
🎯 Image Download completed!
2025-08-31 17:20:07,864 - INFO - ✅ Success: 25
2025-08-31 17:20:07,864 - INFO - ❌ Failed: 22
2025-08-31 17:20:07,864 - INFO - 📊 Total processed: 120
2025-08-31 17:20:07,864 - INFO - 
🔍 Verifying downloaded images...
2025-08-31 17:20:07,872 - WARNING - ⚠️ Found 73 missing local files:
2025-08-31 17:20:07,872 - WARNING -    - Apple iPhone 12: Apple_iPhone_12_front.jpg
2025-08-31 17:20:07,872 - WARNING -    - Apple iPhone 14 Plus: Apple_iPhone_14_Plus_front.jpg
2025-08-31 17:20:07,872 - WARNING -    - Huawei Mate 40: Huawei_Mate_40_front.jpg
2025-08-31 17:20:07,872 - WARNING -    - Apple iPhone 15 Plus: Apple_iPhone_15_Plus_front.jpg
2025-08-31 17:20:07,872 - WARNING -    - Google Pixel 7: Google_Pixel_7_front.jpg
2025-08-31 17:20:07,872 - INFO - 
✨ Image download process completed!
