2025-08-31 15:58:13,126 - INFO - Found 48 phones with wrong storage data
2025-08-31 15:58:13,126 - INFO - 
📱 Fixing phone 1/48: OPPO Find X2
2025-08-31 15:58:13,126 - INFO - Searching: https://www.gsmarena.com/results.php3?sQuickSearch=yes&sName=OPPO+Find+X2
2025-08-31 15:58:14,756 - INFO - Found match: https://www.gsmarena.com/oppo_find_x2_pro-9529.php
2025-08-31 15:58:15,212 - INFO - ✅ Found internal memory: 256GB 12GB RAM, 512GB 12GB RAM
2025-08-31 15:58:15,213 - INFO - ✅ Found memory slot: No
2025-08-31 15:58:15,213 - INFO - Extracted specs for https://www.gsmarena.com/oppo_find_x2_pro-9529.php: {'storage': '256GB 12GB RAM, 512GB 12GB RAM', 'ram': 'No'}
2025-08-31 15:58:15,220 - INFO - ✅ Updated phone 5207 with correct storage/RAM data
2025-08-31 15:58:15,220 - INFO - ✅ Successfully fixed OPPO Find X2
2025-08-31 15:58:19,225 - INFO - 
📱 Fixing phone 2/48: OPPO Find X2 Pro
2025-08-31 15:58:19,225 - INFO - Searching: https://www.gsmarena.com/results.php3?sQuickSearch=yes&sName=OPPO+Find+X2+Pro
2025-08-31 15:58:19,734 - INFO - Found match: https://www.gsmarena.com/oppo_find_x2_pro-9529.php
2025-08-31 15:58:20,262 - INFO - ✅ Found internal memory: 256GB 12GB RAM, 512GB 12GB RAM
2025-08-31 15:58:20,262 - INFO - ✅ Found memory slot: No
2025-08-31 15:58:20,262 - INFO - Extracted specs for https://www.gsmarena.com/oppo_find_x2_pro-9529.php: {'storage': '256GB 12GB RAM, 512GB 12GB RAM', 'ram': 'No'}
2025-08-31 15:58:20,270 - INFO - ✅ Updated phone 5206 with correct storage/RAM data
2025-08-31 15:58:20,270 - INFO - ✅ Successfully fixed OPPO Find X2 Pro
2025-08-31 15:58:24,275 - INFO - 
📱 Fixing phone 3/48: OPPO Find X3
2025-08-31 15:58:24,275 - INFO - Searching: https://www.gsmarena.com/results.php3?sQuickSearch=yes&sName=OPPO+Find+X3
2025-08-31 15:58:25,682 - INFO - Found match: https://www.gsmarena.com/oppo_find_x3_pro-10627.php
2025-08-31 15:58:26,083 - INFO - ✅ Found internal memory: 256GB 8GB RAM, 256GB 12GB RAM, 512GB 16GB RAM
2025-08-31 15:58:26,084 - INFO - ✅ Found memory slot: No
2025-08-31 15:58:26,084 - INFO - Extracted specs for https://www.gsmarena.com/oppo_find_x3_pro-10627.php: {'storage': '256GB 8GB RAM, 256GB 12GB RAM, 512GB 16GB RAM', 'ram': 'No'}
2025-08-31 15:58:26,091 - INFO - ✅ Updated phone 5205 with correct storage/RAM data
2025-08-31 15:58:26,091 - INFO - ✅ Successfully fixed OPPO Find X3
2025-08-31 15:58:30,096 - INFO - 
📱 Fixing phone 4/48: OPPO Find X3 Pro
2025-08-31 15:58:30,096 - INFO - Searching: https://www.gsmarena.com/results.php3?sQuickSearch=yes&sName=OPPO+Find+X3+Pro
2025-08-31 15:58:31,618 - INFO - Found match: https://www.gsmarena.com/oppo_find_x3_pro-10627.php
2025-08-31 15:58:32,029 - INFO - ✅ Found internal memory: 256GB 8GB RAM, 256GB 12GB RAM, 512GB 16GB RAM
2025-08-31 15:58:32,030 - INFO - ✅ Found memory slot: No
2025-08-31 15:58:32,030 - INFO - Extracted specs for https://www.gsmarena.com/oppo_find_x3_pro-10627.php: {'storage': '256GB 8GB RAM, 256GB 12GB RAM, 512GB 16GB RAM', 'ram': 'No'}
2025-08-31 15:58:32,038 - INFO - ✅ Updated phone 5204 with correct storage/RAM data
2025-08-31 15:58:32,038 - INFO - ✅ Successfully fixed OPPO Find X3 Pro
2025-08-31 15:58:36,042 - INFO - 
📱 Fixing phone 5/48: OPPO Find X5
2025-08-31 15:58:36,042 - INFO - Searching: https://www.gsmarena.com/results.php3?sQuickSearch=yes&sName=OPPO+Find+X5
2025-08-31 15:58:36,563 - INFO - Found match: https://www.gsmarena.com/oppo_find_x5_pro-11236.php
2025-08-31 15:58:37,036 - INFO - ✅ Found internal memory: 256GB 8GB RAM, 256GB 12GB RAM, 512GB 12GB RAM
2025-08-31 15:58:37,037 - INFO - ✅ Found memory slot: No
2025-08-31 15:58:37,037 - INFO - Extracted specs for https://www.gsmarena.com/oppo_find_x5_pro-11236.php: {'storage': '256GB 8GB RAM, 256GB 12GB RAM, 512GB 12GB RAM', 'ram': 'No'}
2025-08-31 15:58:37,045 - INFO - ✅ Updated phone 5203 with correct storage/RAM data
2025-08-31 15:58:37,045 - INFO - ✅ Successfully fixed OPPO Find X5
2025-08-31 15:58:41,045 - INFO - 
📱 Fixing phone 6/48: OPPO Find X5 Pro
2025-08-31 15:58:41,046 - INFO - Searching: https://www.gsmarena.com/results.php3?sQuickSearch=yes&sName=OPPO+Find+X5+Pro
2025-08-31 15:58:41,568 - INFO - Found match: https://www.gsmarena.com/oppo_find_x5_pro-11236.php
2025-08-31 15:58:42,063 - INFO - ✅ Found internal memory: 256GB 8GB RAM, 256GB 12GB RAM, 512GB 12GB RAM
2025-08-31 15:58:42,064 - INFO - ✅ Found memory slot: No
2025-08-31 15:58:42,064 - INFO - Extracted specs for https://www.gsmarena.com/oppo_find_x5_pro-11236.php: {'storage': '256GB 8GB RAM, 256GB 12GB RAM, 512GB 12GB RAM', 'ram': 'No'}
2025-08-31 15:58:42,071 - INFO - ✅ Updated phone 5202 with correct storage/RAM data
2025-08-31 15:58:42,071 - INFO - ✅ Successfully fixed OPPO Find X5 Pro
2025-08-31 15:58:46,073 - INFO - 
📱 Fixing phone 7/48: OPPO Find X6
2025-08-31 15:58:46,073 - INFO - Searching: https://www.gsmarena.com/results.php3?sQuickSearch=yes&sName=OPPO+Find+X6
2025-08-31 15:58:47,439 - INFO - Found match: https://www.gsmarena.com/oppo_find_x6_pro-12105.php
2025-08-31 15:58:47,900 - INFO - ✅ Found internal memory: 256GB 12GB RAM, 256GB 16GB RAM, 512GB 16GB RAM
2025-08-31 15:58:47,901 - INFO - ✅ Found memory slot: No
2025-08-31 15:58:47,901 - INFO - Extracted specs for https://www.gsmarena.com/oppo_find_x6_pro-12105.php: {'storage': '256GB 12GB RAM, 256GB 16GB RAM, 512GB 16GB RAM', 'ram': 'No'}
2025-08-31 15:58:47,909 - INFO - ✅ Updated phone 5201 with correct storage/RAM data
2025-08-31 15:58:47,910 - INFO - ✅ Successfully fixed OPPO Find X6
2025-08-31 15:58:51,908 - INFO - 
📱 Fixing phone 8/48: OPPO Find X6 Pro
2025-08-31 15:58:51,908 - INFO - Searching: https://www.gsmarena.com/results.php3?sQuickSearch=yes&sName=OPPO+Find+X6+Pro
2025-08-31 15:58:52,490 - INFO - Found match: https://www.gsmarena.com/oppo_find_x6_pro-12105.php
2025-08-31 15:58:52,912 - INFO - ✅ Found internal memory: 256GB 12GB RAM, 256GB 16GB RAM, 512GB 16GB RAM
2025-08-31 15:58:52,913 - INFO - ✅ Found memory slot: No
2025-08-31 15:58:52,913 - INFO - Extracted specs for https://www.gsmarena.com/oppo_find_x6_pro-12105.php: {'storage': '256GB 12GB RAM, 256GB 16GB RAM, 512GB 16GB RAM', 'ram': 'No'}
2025-08-31 15:58:52,920 - INFO - ✅ Updated phone 5200 with correct storage/RAM data
2025-08-31 15:58:52,920 - INFO - ✅ Successfully fixed OPPO Find X6 Pro
2025-08-31 15:58:56,923 - INFO - 
📱 Fixing phone 9/48: OPPO Find X7
2025-08-31 15:58:56,923 - INFO - Searching: https://www.gsmarena.com/results.php3?sQuickSearch=yes&sName=OPPO+Find+X7
2025-08-31 15:58:57,433 - INFO - Found match: https://www.gsmarena.com/oppo_find_x7_ultra-12752.php
2025-08-31 15:58:57,868 - INFO - ✅ Found internal memory: 256GB 12GB RAM, 256GB 16GB RAM, 512GB 16GB RAM
2025-08-31 15:58:57,869 - INFO - ✅ Found memory slot: No
2025-08-31 15:58:57,869 - INFO - Extracted specs for https://www.gsmarena.com/oppo_find_x7_ultra-12752.php: {'storage': '256GB 12GB RAM, 256GB 16GB RAM, 512GB 16GB RAM', 'ram': 'No'}
2025-08-31 15:58:57,876 - INFO - ✅ Updated phone 5199 with correct storage/RAM data
2025-08-31 15:58:57,877 - INFO - ✅ Successfully fixed OPPO Find X7
2025-08-31 15:59:01,881 - INFO - 
📱 Fixing phone 10/48: OPPO Find X7 Ultra
2025-08-31 15:59:01,881 - INFO - Searching: https://www.gsmarena.com/results.php3?sQuickSearch=yes&sName=OPPO+Find+X7+Ultra
2025-08-31 15:59:02,347 - INFO - Found match: https://www.gsmarena.com/oppo_find_x7_ultra-12752.php
2025-08-31 15:59:02,738 - INFO - ✅ Found internal memory: 256GB 12GB RAM, 256GB 16GB RAM, 512GB 16GB RAM
2025-08-31 15:59:02,738 - INFO - ✅ Found memory slot: No
2025-08-31 15:59:02,738 - INFO - Extracted specs for https://www.gsmarena.com/oppo_find_x7_ultra-12752.php: {'storage': '256GB 12GB RAM, 256GB 16GB RAM, 512GB 16GB RAM', 'ram': 'No'}
2025-08-31 15:59:02,745 - INFO - ✅ Updated phone 5197 with correct storage/RAM data
2025-08-31 15:59:02,745 - INFO - ✅ Successfully fixed OPPO Find X7 Ultra
2025-08-31 15:59:06,749 - INFO - 
📱 Fixing phone 11/48: OnePlus 10 Pro
2025-08-31 15:59:06,750 - INFO - Searching: https://www.gsmarena.com/results.php3?sQuickSearch=yes&sName=OnePlus+10+Pro
2025-08-31 15:59:07,204 - INFO - Found match: https://www.gsmarena.com/oneplus_10_pro-11234.php
2025-08-31 15:59:07,602 - INFO - ✅ Found internal memory: 128GB 8GB RAM, 256GB 8GB RAM, 256GB 12GB RAM, 512GB 12GB RAM
2025-08-31 15:59:07,603 - INFO - ✅ Found memory slot: No
2025-08-31 15:59:07,603 - INFO - Extracted specs for https://www.gsmarena.com/oneplus_10_pro-11234.php: {'storage': '128GB 8GB RAM, 256GB 8GB RAM, 256GB 12GB RAM, 512GB 12GB RAM', 'ram': 'No'}
2025-08-31 15:59:07,611 - INFO - ✅ Updated phone 5225 with correct storage/RAM data
2025-08-31 15:59:07,612 - INFO - ✅ Successfully fixed OnePlus 10 Pro
2025-08-31 15:59:11,613 - INFO - 
📱 Fixing phone 12/48: OnePlus 10T
2025-08-31 15:59:11,613 - INFO - Searching: https://www.gsmarena.com/results.php3?sQuickSearch=yes&sName=OnePlus+10T
2025-08-31 15:59:12,089 - INFO - Found match: https://www.gsmarena.com/oneplus_10t-11622.php
2025-08-31 15:59:12,570 - INFO - ✅ Found internal memory: 128GB 6GB RAM, 128GB 8GB RAM, 256GB 12GB RAM, 256GB 16GB RAM
2025-08-31 15:59:12,570 - INFO - ✅ Found memory slot: No
2025-08-31 15:59:12,571 - INFO - Extracted specs for https://www.gsmarena.com/oneplus_10t-11622.php: {'storage': '128GB 6GB RAM, 128GB 8GB RAM, 256GB 12GB RAM, 256GB 16GB RAM', 'ram': 'No'}
2025-08-31 15:59:12,580 - INFO - ✅ Updated phone 5226 with correct storage/RAM data
2025-08-31 15:59:12,580 - INFO - ✅ Successfully fixed OnePlus 10T
2025-08-31 15:59:16,585 - INFO - 
📱 Fixing phone 13/48: OnePlus 11
2025-08-31 15:59:16,585 - INFO - Searching: https://www.gsmarena.com/results.php3?sQuickSearch=yes&sName=OnePlus+11
2025-08-31 15:59:17,099 - INFO - Found match: https://www.gsmarena.com/oneplus_11-11893.php
2025-08-31 15:59:17,494 - INFO - ✅ Found internal memory: 128GB 8GB RAM, 256GB 12GB RAM, 256GB 16GB RAM, 512GB 16GB RAM
2025-08-31 15:59:17,495 - INFO - ✅ Found memory slot: No
2025-08-31 15:59:17,495 - INFO - Extracted specs for https://www.gsmarena.com/oneplus_11-11893.php: {'storage': '128GB 8GB RAM, 256GB 12GB RAM, 256GB 16GB RAM, 512GB 16GB RAM', 'ram': 'No'}
2025-08-31 15:59:17,505 - INFO - ✅ Updated phone 5224 with correct storage/RAM data
2025-08-31 15:59:17,505 - INFO - ✅ Successfully fixed OnePlus 11
2025-08-31 15:59:21,506 - INFO - 
📱 Fixing phone 14/48: OnePlus 12
2025-08-31 15:59:21,506 - INFO - Searching: https://www.gsmarena.com/results.php3?sQuickSearch=yes&sName=OnePlus+12
2025-08-31 15:59:22,027 - INFO - Found match: https://www.gsmarena.com/oneplus_12-12725.php
2025-08-31 15:59:22,516 - INFO - ✅ Found internal memory: 256GB 12GB RAM, 256GB 16GB RAM, 512GB 16GB RAM, 1TB 16GB RAM, 1TB 24GB RAM
2025-08-31 15:59:22,517 - INFO - ✅ Found memory slot: No
2025-08-31 15:59:22,517 - INFO - Extracted specs for https://www.gsmarena.com/oneplus_12-12725.php: {'storage': '256GB 12GB RAM, 256GB 16GB RAM, 512GB 16GB RAM, 1TB 16GB RAM, 1TB 24GB RAM', 'ram': 'No'}
2025-08-31 15:59:22,525 - INFO - ✅ Updated phone 5222 with correct storage/RAM data
2025-08-31 15:59:22,525 - INFO - ✅ Successfully fixed OnePlus 12
2025-08-31 15:59:26,530 - INFO - 
📱 Fixing phone 15/48: OnePlus 12R
2025-08-31 15:59:26,530 - INFO - Searching: https://www.gsmarena.com/results.php3?sQuickSearch=yes&sName=OnePlus+12R
2025-08-31 15:59:27,009 - INFO - Found match: https://www.gsmarena.com/oneplus_12r-12727.php
2025-08-31 15:59:27,414 - INFO - ✅ Found internal memory: 128GB 8GB RAM, 256GB 8GB RAM, 256GB 12GB RAM, 256GB 16GB RAM
2025-08-31 15:59:27,414 - INFO - ✅ Found memory slot: No
2025-08-31 15:59:27,414 - INFO - Extracted specs for https://www.gsmarena.com/oneplus_12r-12727.php: {'storage': '128GB 8GB RAM, 256GB 8GB RAM, 256GB 12GB RAM, 256GB 16GB RAM', 'ram': 'No'}
2025-08-31 15:59:27,422 - INFO - ✅ Updated phone 5223 with correct storage/RAM data
2025-08-31 15:59:27,422 - INFO - ✅ Successfully fixed OnePlus 12R
2025-08-31 15:59:31,427 - INFO - 
📱 Fixing phone 16/48: OnePlus 8
2025-08-31 15:59:31,428 - INFO - Searching: https://www.gsmarena.com/results.php3?sQuickSearch=yes&sName=OnePlus+8
2025-08-31 15:59:31,911 - INFO - Found match: https://www.gsmarena.com/oneplus_8t-10420.php
2025-08-31 15:59:32,326 - INFO - ✅ Found internal memory: 128GB 8GB RAM, 256GB 12GB RAM
2025-08-31 15:59:32,326 - INFO - ✅ Found memory slot: No
2025-08-31 15:59:32,327 - INFO - Extracted specs for https://www.gsmarena.com/oneplus_8t-10420.php: {'storage': '128GB 8GB RAM, 256GB 12GB RAM', 'ram': 'No'}
2025-08-31 15:59:32,335 - INFO - ✅ Updated phone 5231 with correct storage/RAM data
2025-08-31 15:59:32,335 - INFO - ✅ Successfully fixed OnePlus 8
2025-08-31 15:59:36,340 - INFO - 
📱 Fixing phone 17/48: OnePlus 8 Pro
2025-08-31 15:59:36,341 - INFO - Searching: https://www.gsmarena.com/results.php3?sQuickSearch=yes&sName=OnePlus+8+Pro
2025-08-31 15:59:37,569 - INFO - Found match: https://www.gsmarena.com/oneplus_8_pro-9919.php
2025-08-31 15:59:38,050 - INFO - ✅ Found internal memory: 128GB 8GB RAM, 256GB 12GB RAM
2025-08-31 15:59:38,051 - INFO - ✅ Found memory slot: No
2025-08-31 15:59:38,051 - INFO - Extracted specs for https://www.gsmarena.com/oneplus_8_pro-9919.php: {'storage': '128GB 8GB RAM, 256GB 12GB RAM', 'ram': 'No'}
2025-08-31 15:59:38,057 - INFO - ✅ Updated phone 5230 with correct storage/RAM data
2025-08-31 15:59:38,057 - INFO - ✅ Successfully fixed OnePlus 8 Pro
2025-08-31 15:59:42,062 - INFO - 
📱 Fixing phone 18/48: OnePlus 8T
2025-08-31 15:59:42,063 - INFO - Searching: https://www.gsmarena.com/results.php3?sQuickSearch=yes&sName=OnePlus+8T
2025-08-31 15:59:42,550 - INFO - Found match: https://www.gsmarena.com/oneplus_8t-10420.php
2025-08-31 15:59:42,981 - INFO - ✅ Found internal memory: 128GB 8GB RAM, 256GB 12GB RAM
2025-08-31 15:59:42,982 - INFO - ✅ Found memory slot: No
2025-08-31 15:59:42,982 - INFO - Extracted specs for https://www.gsmarena.com/oneplus_8t-10420.php: {'storage': '128GB 8GB RAM, 256GB 12GB RAM', 'ram': 'No'}
2025-08-31 15:59:42,989 - INFO - ✅ Updated phone 5232 with correct storage/RAM data
2025-08-31 15:59:42,990 - INFO - ✅ Successfully fixed OnePlus 8T
2025-08-31 15:59:46,995 - INFO - 
📱 Fixing phone 19/48: OnePlus 9
2025-08-31 15:59:46,995 - INFO - Searching: https://www.gsmarena.com/results.php3?sQuickSearch=yes&sName=OnePlus+9
2025-08-31 15:59:47,570 - INFO - Found match: https://www.gsmarena.com/oneplus_9_pro-10806.php
2025-08-31 15:59:48,500 - INFO - ✅ Found internal memory: 128GB 8GB RAM, 256GB 8GB RAM, 256GB 12GB RAM
2025-08-31 15:59:48,501 - INFO - ✅ Found memory slot: No
2025-08-31 15:59:48,501 - INFO - Extracted specs for https://www.gsmarena.com/oneplus_9_pro-10806.php: {'storage': '128GB 8GB RAM, 256GB 8GB RAM, 256GB 12GB RAM', 'ram': 'No'}
2025-08-31 15:59:48,508 - INFO - ✅ Updated phone 5228 with correct storage/RAM data
2025-08-31 15:59:48,508 - INFO - ✅ Successfully fixed OnePlus 9
2025-08-31 15:59:52,513 - INFO - 
📱 Fixing phone 20/48: OnePlus 9 Pro
2025-08-31 15:59:52,514 - INFO - Searching: https://www.gsmarena.com/results.php3?sQuickSearch=yes&sName=OnePlus+9+Pro
2025-08-31 15:59:52,999 - INFO - Found match: https://www.gsmarena.com/oneplus_9_pro-10806.php
2025-08-31 15:59:53,425 - INFO - ✅ Found internal memory: 128GB 8GB RAM, 256GB 8GB RAM, 256GB 12GB RAM
2025-08-31 15:59:53,426 - INFO - ✅ Found memory slot: No
2025-08-31 15:59:53,426 - INFO - Extracted specs for https://www.gsmarena.com/oneplus_9_pro-10806.php: {'storage': '128GB 8GB RAM, 256GB 8GB RAM, 256GB 12GB RAM', 'ram': 'No'}
2025-08-31 15:59:53,433 - INFO - ✅ Updated phone 5227 with correct storage/RAM data
2025-08-31 15:59:53,433 - INFO - ✅ Successfully fixed OnePlus 9 Pro
2025-08-31 15:59:57,438 - INFO - 
📱 Fixing phone 21/48: OnePlus 9RT
2025-08-31 15:59:57,438 - INFO - Searching: https://www.gsmarena.com/results.php3?sQuickSearch=yes&sName=OnePlus+9RT
2025-08-31 15:59:57,898 - INFO - Found match: https://www.gsmarena.com/oneplus_9rt_5g-11148.php
2025-08-31 15:59:58,321 - INFO - ✅ Found internal memory: 128GB 8GB RAM, 256GB 8GB RAM, 256GB 12GB RAM
2025-08-31 15:59:58,322 - INFO - ✅ Found memory slot: No
2025-08-31 15:59:58,322 - INFO - Extracted specs for https://www.gsmarena.com/oneplus_9rt_5g-11148.php: {'storage': '128GB 8GB RAM, 256GB 8GB RAM, 256GB 12GB RAM', 'ram': 'No'}
2025-08-31 15:59:58,329 - INFO - ✅ Updated phone 5229 with correct storage/RAM data
2025-08-31 15:59:58,329 - INFO - ✅ Successfully fixed OnePlus 9RT
2025-08-31 16:00:02,335 - INFO - 
📱 Fixing phone 22/48: Samsung Galaxy Note20
2025-08-31 16:00:02,335 - INFO - Searching: https://www.gsmarena.com/results.php3?sQuickSearch=yes&sName=Samsung+Galaxy+Note20
2025-08-31 16:00:02,851 - INFO - Found match: https://www.gsmarena.com/samsung_galaxy_note20_ultra_5g-10261.php
2025-08-31 16:00:03,361 - INFO - ✅ Found internal memory: 128GB 6GB RAM, 128GB 8GB RAM, 128GB 12GB RAM, 256GB 8GB RAM, 256GB 12GB RAM, 512GB 12GB RAM
2025-08-31 16:00:03,361 - INFO - ✅ Found memory slot: microSDXC (uses shared SIM slot)
2025-08-31 16:00:03,361 - INFO - Extracted specs for https://www.gsmarena.com/samsung_galaxy_note20_ultra_5g-10261.php: {'storage': '128GB 6GB RAM, 128GB 8GB RAM, 128GB 12GB RAM, 256GB 8GB RAM, 256GB 12GB RAM, 512GB 12GB RAM', 'ram': 'microSDXC (uses shared SIM slot)'}
2025-08-31 16:00:03,370 - INFO - ✅ Updated phone 5149 with correct storage/RAM data
2025-08-31 16:00:03,371 - INFO - ✅ Successfully fixed Samsung Galaxy Note20
2025-08-31 16:00:07,376 - INFO - 
📱 Fixing phone 23/48: Samsung Galaxy Note20 Ultra
2025-08-31 16:00:07,376 - INFO - Searching: https://www.gsmarena.com/results.php3?sQuickSearch=yes&sName=Samsung+Galaxy+Note20+Ultra
2025-08-31 16:00:07,838 - INFO - Found match: https://www.gsmarena.com/samsung_galaxy_note20_ultra_5g-10261.php
2025-08-31 16:00:08,239 - INFO - ✅ Found internal memory: 128GB 6GB RAM, 128GB 8GB RAM, 128GB 12GB RAM, 256GB 8GB RAM, 256GB 12GB RAM, 512GB 12GB RAM
2025-08-31 16:00:08,239 - INFO - ✅ Found memory slot: microSDXC (uses shared SIM slot)
2025-08-31 16:00:08,239 - INFO - Extracted specs for https://www.gsmarena.com/samsung_galaxy_note20_ultra_5g-10261.php: {'storage': '128GB 6GB RAM, 128GB 8GB RAM, 128GB 12GB RAM, 256GB 8GB RAM, 256GB 12GB RAM, 512GB 12GB RAM', 'ram': 'microSDXC (uses shared SIM slot)'}
2025-08-31 16:00:08,246 - INFO - ✅ Updated phone 5148 with correct storage/RAM data
2025-08-31 16:00:08,246 - INFO - ✅ Successfully fixed Samsung Galaxy Note20 Ultra
2025-08-31 16:00:12,251 - INFO - 
📱 Fixing phone 24/48: Samsung Galaxy S20
2025-08-31 16:00:12,252 - INFO - Searching: https://www.gsmarena.com/results.php3?sQuickSearch=yes&sName=Samsung+Galaxy+S20
2025-08-31 16:00:12,764 - INFO - Found match: https://www.gsmarena.com/samsung_galaxy_s20_fe_5g-10377.php
2025-08-31 16:00:15,492 - INFO - ✅ Found internal memory: 128GB 6GB RAM, 128GB 8GB RAM, 256GB 6GB RAM, 256GB 8GB RAM
2025-08-31 16:00:15,493 - INFO - ✅ Found memory slot: microSDXC (uses shared SIM slot)
2025-08-31 16:00:15,493 - INFO - Extracted specs for https://www.gsmarena.com/samsung_galaxy_s20_fe_5g-10377.php: {'storage': '128GB 6GB RAM, 128GB 8GB RAM, 256GB 6GB RAM, 256GB 8GB RAM', 'ram': 'microSDXC (uses shared SIM slot)'}
2025-08-31 16:00:15,500 - INFO - ✅ Updated phone 5152 with correct storage/RAM data
2025-08-31 16:00:15,500 - INFO - ✅ Successfully fixed Samsung Galaxy S20
2025-08-31 16:00:19,505 - INFO - 
📱 Fixing phone 25/48: Samsung Galaxy S20 Ultra
2025-08-31 16:00:19,506 - INFO - Searching: https://www.gsmarena.com/results.php3?sQuickSearch=yes&sName=Samsung+Galaxy+S20+Ultra
2025-08-31 16:00:19,982 - INFO - Found match: https://www.gsmarena.com/samsung_galaxy_s20_ultra_5g-10040.php
2025-08-31 16:00:20,390 - INFO - ✅ Found internal memory: 128GB 12GB RAM, 256GB 12GB RAM, 512GB 16GB RAM
2025-08-31 16:00:20,390 - INFO - ✅ Found memory slot: microSDXC (uses shared SIM slot)
2025-08-31 16:00:20,390 - INFO - Extracted specs for https://www.gsmarena.com/samsung_galaxy_s20_ultra_5g-10040.php: {'storage': '128GB 12GB RAM, 256GB 12GB RAM, 512GB 16GB RAM', 'ram': 'microSDXC (uses shared SIM slot)'}
2025-08-31 16:00:20,399 - INFO - ✅ Updated phone 5150 with correct storage/RAM data
2025-08-31 16:00:20,399 - INFO - ✅ Successfully fixed Samsung Galaxy S20 Ultra
2025-08-31 16:00:24,404 - INFO - 
📱 Fixing phone 26/48: Samsung Galaxy S20+
2025-08-31 16:00:24,404 - INFO - Searching: https://www.gsmarena.com/results.php3?sQuickSearch=yes&sName=Samsung+Galaxy+S20+
2025-08-31 16:00:24,868 - INFO - Found match: https://www.gsmarena.com/samsung_galaxy_s20_fe_5g-10377.php
2025-08-31 16:00:25,282 - INFO - ✅ Found internal memory: 128GB 6GB RAM, 128GB 8GB RAM, 256GB 6GB RAM, 256GB 8GB RAM
2025-08-31 16:00:25,283 - INFO - ✅ Found memory slot: microSDXC (uses shared SIM slot)
2025-08-31 16:00:25,283 - INFO - Extracted specs for https://www.gsmarena.com/samsung_galaxy_s20_fe_5g-10377.php: {'storage': '128GB 6GB RAM, 128GB 8GB RAM, 256GB 6GB RAM, 256GB 8GB RAM', 'ram': 'microSDXC (uses shared SIM slot)'}
2025-08-31 16:00:25,290 - INFO - ✅ Updated phone 5151 with correct storage/RAM data
2025-08-31 16:00:25,290 - INFO - ✅ Successfully fixed Samsung Galaxy S20+
2025-08-31 16:00:29,295 - INFO - 
📱 Fixing phone 27/48: Samsung Galaxy S21
2025-08-31 16:00:29,296 - INFO - Searching: https://www.gsmarena.com/results.php3?sQuickSearch=yes&sName=Samsung+Galaxy+S21
2025-08-31 16:00:29,802 - INFO - Found match: https://www.gsmarena.com/samsung_galaxy_s21_ultra_5g-10596.php
2025-08-31 16:00:30,394 - INFO - ✅ Found internal memory: 128GB 8GB RAM, 128GB 12GB RAM, 256GB 12GB RAM, 256GB 16GB RAM, 512GB 12GB RAM, 512GB 16GB RAM
2025-08-31 16:00:30,395 - INFO - ✅ Found memory slot: No
2025-08-31 16:00:30,395 - INFO - Extracted specs for https://www.gsmarena.com/samsung_galaxy_s21_ultra_5g-10596.php: {'storage': '128GB 8GB RAM, 128GB 12GB RAM, 256GB 12GB RAM, 256GB 16GB RAM, 512GB 12GB RAM, 512GB 16GB RAM', 'ram': 'No'}
2025-08-31 16:00:30,402 - INFO - ✅ Updated phone 5145 with correct storage/RAM data
2025-08-31 16:00:30,402 - INFO - ✅ Successfully fixed Samsung Galaxy S21
2025-08-31 16:00:34,404 - INFO - 
📱 Fixing phone 28/48: Samsung Galaxy S21 Ultra
2025-08-31 16:00:34,405 - INFO - Searching: https://www.gsmarena.com/results.php3?sQuickSearch=yes&sName=Samsung+Galaxy+S21+Ultra
2025-08-31 16:00:34,919 - INFO - Found match: https://www.gsmarena.com/samsung_galaxy_s21_ultra_5g-10596.php
2025-08-31 16:00:35,322 - INFO - ✅ Found internal memory: 128GB 8GB RAM, 128GB 12GB RAM, 256GB 12GB RAM, 256GB 16GB RAM, 512GB 12GB RAM, 512GB 16GB RAM
2025-08-31 16:00:35,323 - INFO - ✅ Found memory slot: No
2025-08-31 16:00:35,323 - INFO - Extracted specs for https://www.gsmarena.com/samsung_galaxy_s21_ultra_5g-10596.php: {'storage': '128GB 8GB RAM, 128GB 12GB RAM, 256GB 12GB RAM, 256GB 16GB RAM, 512GB 12GB RAM, 512GB 16GB RAM', 'ram': 'No'}
2025-08-31 16:00:35,330 - INFO - ✅ Updated phone 5143 with correct storage/RAM data
2025-08-31 16:00:35,330 - INFO - ✅ Successfully fixed Samsung Galaxy S21 Ultra
2025-08-31 16:00:39,335 - INFO - 
📱 Fixing phone 29/48: Samsung Galaxy S21+
2025-08-31 16:00:39,335 - INFO - Searching: https://www.gsmarena.com/results.php3?sQuickSearch=yes&sName=Samsung+Galaxy+S21+
2025-08-31 16:00:39,815 - INFO - Found match: https://www.gsmarena.com/samsung_galaxy_s21_ultra_5g-10596.php
2025-08-31 16:00:40,237 - INFO - ✅ Found internal memory: 128GB 8GB RAM, 128GB 12GB RAM, 256GB 12GB RAM, 256GB 16GB RAM, 512GB 12GB RAM, 512GB 16GB RAM
2025-08-31 16:00:40,237 - INFO - ✅ Found memory slot: No
2025-08-31 16:00:40,237 - INFO - Extracted specs for https://www.gsmarena.com/samsung_galaxy_s21_ultra_5g-10596.php: {'storage': '128GB 8GB RAM, 128GB 12GB RAM, 256GB 12GB RAM, 256GB 16GB RAM, 512GB 12GB RAM, 512GB 16GB RAM', 'ram': 'No'}
2025-08-31 16:00:40,245 - INFO - ✅ Updated phone 5144 with correct storage/RAM data
2025-08-31 16:00:40,245 - INFO - ✅ Successfully fixed Samsung Galaxy S21+
2025-08-31 16:00:44,250 - INFO - 
📱 Fixing phone 30/48: Samsung Galaxy S22
2025-08-31 16:00:44,250 - INFO - Searching: https://www.gsmarena.com/results.php3?sQuickSearch=yes&sName=Samsung+Galaxy+S22
2025-08-31 16:00:44,815 - INFO - Found match: https://www.gsmarena.com/samsung_galaxy_s22_ultra_5g-11251.php
2025-08-31 16:00:45,575 - INFO - ✅ Found internal memory: 128GB 8GB RAM, 256GB 12GB RAM, 512GB 12GB RAM, 1TB 12GB RAM
2025-08-31 16:00:45,575 - INFO - ✅ Found memory slot: No
2025-08-31 16:00:45,576 - INFO - Extracted specs for https://www.gsmarena.com/samsung_galaxy_s22_ultra_5g-11251.php: {'storage': '128GB 8GB RAM, 256GB 12GB RAM, 512GB 12GB RAM, 1TB 12GB RAM', 'ram': 'No'}
2025-08-31 16:00:45,582 - INFO - ✅ Updated phone 5140 with correct storage/RAM data
2025-08-31 16:00:45,583 - INFO - ✅ Successfully fixed Samsung Galaxy S22
2025-08-31 16:00:49,588 - INFO - 
📱 Fixing phone 31/48: Samsung Galaxy S22 Ultra
2025-08-31 16:00:49,588 - INFO - Searching: https://www.gsmarena.com/results.php3?sQuickSearch=yes&sName=Samsung+Galaxy+S22+Ultra
2025-08-31 16:00:50,141 - INFO - Found match: https://www.gsmarena.com/samsung_galaxy_s22_ultra_5g-11251.php
2025-08-31 16:00:50,666 - INFO - ✅ Found internal memory: 128GB 8GB RAM, 256GB 12GB RAM, 512GB 12GB RAM, 1TB 12GB RAM
2025-08-31 16:00:50,667 - INFO - ✅ Found memory slot: No
2025-08-31 16:00:50,667 - INFO - Extracted specs for https://www.gsmarena.com/samsung_galaxy_s22_ultra_5g-11251.php: {'storage': '128GB 8GB RAM, 256GB 12GB RAM, 512GB 12GB RAM, 1TB 12GB RAM', 'ram': 'No'}
2025-08-31 16:00:50,675 - INFO - ✅ Updated phone 5138 with correct storage/RAM data
2025-08-31 16:00:50,675 - INFO - ✅ Successfully fixed Samsung Galaxy S22 Ultra
2025-08-31 16:00:54,676 - INFO - 
📱 Fixing phone 32/48: Samsung Galaxy S22+
2025-08-31 16:00:54,677 - INFO - Searching: https://www.gsmarena.com/results.php3?sQuickSearch=yes&sName=Samsung+Galaxy+S22+
2025-08-31 16:00:55,146 - INFO - Found match: https://www.gsmarena.com/samsung_galaxy_s22_ultra_5g-11251.php
2025-08-31 16:00:55,554 - INFO - ✅ Found internal memory: 128GB 8GB RAM, 256GB 12GB RAM, 512GB 12GB RAM, 1TB 12GB RAM
2025-08-31 16:00:55,555 - INFO - ✅ Found memory slot: No
2025-08-31 16:00:55,555 - INFO - Extracted specs for https://www.gsmarena.com/samsung_galaxy_s22_ultra_5g-11251.php: {'storage': '128GB 8GB RAM, 256GB 12GB RAM, 512GB 12GB RAM, 1TB 12GB RAM', 'ram': 'No'}
2025-08-31 16:00:55,568 - INFO - ✅ Updated phone 5139 with correct storage/RAM data
2025-08-31 16:00:55,568 - INFO - ✅ Successfully fixed Samsung Galaxy S22+
2025-08-31 16:00:59,568 - INFO - 
📱 Fixing phone 33/48: Samsung Galaxy S23
2025-08-31 16:00:59,569 - INFO - Searching: https://www.gsmarena.com/results.php3?sQuickSearch=yes&sName=Samsung+Galaxy+S23
2025-08-31 16:01:00,039 - INFO - Found match: https://www.gsmarena.com/samsung_galaxy_s23_ultra-12024.php
2025-08-31 16:01:00,441 - INFO - ✅ Found internal memory: 256GB 8GB RAM, 256GB 12GB RAM, 512GB 12GB RAM, 1TB 12GB RAM
2025-08-31 16:01:00,442 - INFO - ✅ Found memory slot: No
2025-08-31 16:01:00,442 - INFO - Extracted specs for https://www.gsmarena.com/samsung_galaxy_s23_ultra-12024.php: {'storage': '256GB 8GB RAM, 256GB 12GB RAM, 512GB 12GB RAM, 1TB 12GB RAM', 'ram': 'No'}
2025-08-31 16:01:00,450 - INFO - ✅ Updated phone 5135 with correct storage/RAM data
2025-08-31 16:01:00,450 - INFO - ✅ Successfully fixed Samsung Galaxy S23
2025-08-31 16:01:04,456 - INFO - 
📱 Fixing phone 34/48: Samsung Galaxy S23 Ultra
2025-08-31 16:01:04,456 - INFO - Searching: https://www.gsmarena.com/results.php3?sQuickSearch=yes&sName=Samsung+Galaxy+S23+Ultra
2025-08-31 16:01:04,930 - INFO - Found match: https://www.gsmarena.com/samsung_galaxy_s23_ultra-12024.php
2025-08-31 16:01:05,367 - INFO - ✅ Found internal memory: 256GB 8GB RAM, 256GB 12GB RAM, 512GB 12GB RAM, 1TB 12GB RAM
2025-08-31 16:01:05,367 - INFO - ✅ Found memory slot: No
2025-08-31 16:01:05,368 - INFO - Extracted specs for https://www.gsmarena.com/samsung_galaxy_s23_ultra-12024.php: {'storage': '256GB 8GB RAM, 256GB 12GB RAM, 512GB 12GB RAM, 1TB 12GB RAM', 'ram': 'No'}
2025-08-31 16:01:05,375 - INFO - ✅ Updated phone 5133 with correct storage/RAM data
2025-08-31 16:01:05,375 - INFO - ✅ Successfully fixed Samsung Galaxy S23 Ultra
2025-08-31 16:01:09,380 - INFO - 
📱 Fixing phone 35/48: Samsung Galaxy S23+
2025-08-31 16:01:09,380 - INFO - Searching: https://www.gsmarena.com/results.php3?sQuickSearch=yes&sName=Samsung+Galaxy+S23+
2025-08-31 16:01:09,838 - INFO - Found match: https://www.gsmarena.com/samsung_galaxy_s23_ultra-12024.php
2025-08-31 16:01:10,319 - INFO - ✅ Found internal memory: 256GB 8GB RAM, 256GB 12GB RAM, 512GB 12GB RAM, 1TB 12GB RAM
2025-08-31 16:01:10,319 - INFO - ✅ Found memory slot: No
2025-08-31 16:01:10,319 - INFO - Extracted specs for https://www.gsmarena.com/samsung_galaxy_s23_ultra-12024.php: {'storage': '256GB 8GB RAM, 256GB 12GB RAM, 512GB 12GB RAM, 1TB 12GB RAM', 'ram': 'No'}
2025-08-31 16:01:10,327 - INFO - ✅ Updated phone 5134 with correct storage/RAM data
2025-08-31 16:01:10,327 - INFO - ✅ Successfully fixed Samsung Galaxy S23+
2025-08-31 16:01:14,332 - INFO - 
📱 Fixing phone 36/48: Samsung Galaxy S24
2025-08-31 16:01:14,332 - INFO - Searching: https://www.gsmarena.com/results.php3?sQuickSearch=yes&sName=Samsung+Galaxy+S24
2025-08-31 16:01:14,865 - INFO - Found match: https://www.gsmarena.com/samsung_galaxy_s24_ultra-12771.php
2025-08-31 16:01:15,269 - INFO - ✅ Found internal memory: 256GB 12GB RAM, 512GB 12GB RAM, 1TB 12GB RAM
2025-08-31 16:01:15,269 - INFO - ✅ Found memory slot: No
2025-08-31 16:01:15,269 - INFO - Extracted specs for https://www.gsmarena.com/samsung_galaxy_s24_ultra-12771.php: {'storage': '256GB 12GB RAM, 512GB 12GB RAM, 1TB 12GB RAM', 'ram': 'No'}
2025-08-31 16:01:15,276 - INFO - ✅ Updated phone 5130 with correct storage/RAM data
2025-08-31 16:01:15,276 - INFO - ✅ Successfully fixed Samsung Galaxy S24
2025-08-31 16:01:19,282 - INFO - 
📱 Fixing phone 37/48: Samsung Galaxy S24 Ultra
2025-08-31 16:01:19,282 - INFO - Searching: https://www.gsmarena.com/results.php3?sQuickSearch=yes&sName=Samsung+Galaxy+S24+Ultra
2025-08-31 16:01:19,751 - INFO - Found match: https://www.gsmarena.com/samsung_galaxy_s24_ultra-12771.php
2025-08-31 16:01:20,168 - INFO - ✅ Found internal memory: 256GB 12GB RAM, 512GB 12GB RAM, 1TB 12GB RAM
2025-08-31 16:01:20,169 - INFO - ✅ Found memory slot: No
2025-08-31 16:01:20,169 - INFO - Extracted specs for https://www.gsmarena.com/samsung_galaxy_s24_ultra-12771.php: {'storage': '256GB 12GB RAM, 512GB 12GB RAM, 1TB 12GB RAM', 'ram': 'No'}
2025-08-31 16:01:20,177 - INFO - ✅ Updated phone 5128 with correct storage/RAM data
2025-08-31 16:01:20,177 - INFO - ✅ Successfully fixed Samsung Galaxy S24 Ultra
2025-08-31 16:01:24,182 - INFO - 
📱 Fixing phone 38/48: Samsung Galaxy S24+
2025-08-31 16:01:24,182 - INFO - Searching: https://www.gsmarena.com/results.php3?sQuickSearch=yes&sName=Samsung+Galaxy+S24+
2025-08-31 16:01:24,679 - INFO - Found match: https://www.gsmarena.com/samsung_galaxy_s24_ultra-12771.php
2025-08-31 16:01:25,080 - INFO - ✅ Found internal memory: 256GB 12GB RAM, 512GB 12GB RAM, 1TB 12GB RAM
2025-08-31 16:01:25,080 - INFO - ✅ Found memory slot: No
2025-08-31 16:01:25,080 - INFO - Extracted specs for https://www.gsmarena.com/samsung_galaxy_s24_ultra-12771.php: {'storage': '256GB 12GB RAM, 512GB 12GB RAM, 1TB 12GB RAM', 'ram': 'No'}
2025-08-31 16:01:25,087 - INFO - ✅ Updated phone 5129 with correct storage/RAM data
2025-08-31 16:01:25,088 - INFO - ✅ Successfully fixed Samsung Galaxy S24+
2025-08-31 16:01:29,092 - INFO - 
📱 Fixing phone 39/48: Samsung Galaxy Z Flip
2025-08-31 16:01:29,093 - INFO - Searching: https://www.gsmarena.com/results.php3?sQuickSearch=yes&sName=Samsung+Galaxy+Z+Flip
2025-08-31 16:01:29,666 - INFO - Found match: https://www.gsmarena.com/samsung_galaxy_z_flip7-13712.php
2025-08-31 16:01:30,083 - INFO - ✅ Found internal memory: 256GB 12GB RAM, 512GB 12GB RAM
2025-08-31 16:01:30,083 - INFO - ✅ Found memory slot: No
2025-08-31 16:01:30,084 - INFO - Extracted specs for https://www.gsmarena.com/samsung_galaxy_z_flip7-13712.php: {'storage': '256GB 12GB RAM, 512GB 12GB RAM', 'ram': 'No'}
2025-08-31 16:01:30,092 - INFO - ✅ Updated phone 5154 with correct storage/RAM data
2025-08-31 16:01:30,092 - INFO - ✅ Successfully fixed Samsung Galaxy Z Flip
2025-08-31 16:01:34,092 - INFO - 
📱 Fixing phone 40/48: Samsung Galaxy Z Flip3
2025-08-31 16:01:34,092 - INFO - Searching: https://www.gsmarena.com/results.php3?sQuickSearch=yes&sName=Samsung+Galaxy+Z+Flip3
2025-08-31 16:01:34,683 - INFO - Found match: https://www.gsmarena.com/samsung_galaxy_z_flip7-13712.php
2025-08-31 16:01:35,622 - INFO - ✅ Found internal memory: 256GB 12GB RAM, 512GB 12GB RAM
2025-08-31 16:01:35,622 - INFO - ✅ Found memory slot: No
2025-08-31 16:01:35,622 - INFO - Extracted specs for https://www.gsmarena.com/samsung_galaxy_z_flip7-13712.php: {'storage': '256GB 12GB RAM, 512GB 12GB RAM', 'ram': 'No'}
2025-08-31 16:01:35,629 - INFO - ✅ Updated phone 5147 with correct storage/RAM data
2025-08-31 16:01:35,629 - INFO - ✅ Successfully fixed Samsung Galaxy Z Flip3
2025-08-31 16:01:39,634 - INFO - 
📱 Fixing phone 41/48: Samsung Galaxy Z Flip4
2025-08-31 16:01:39,635 - INFO - Searching: https://www.gsmarena.com/results.php3?sQuickSearch=yes&sName=Samsung+Galaxy+Z+Flip4
2025-08-31 16:01:40,139 - INFO - Found match: https://www.gsmarena.com/samsung_galaxy_z_flip7-13712.php
2025-08-31 16:01:40,625 - INFO - ✅ Found internal memory: 256GB 12GB RAM, 512GB 12GB RAM
2025-08-31 16:01:40,626 - INFO - ✅ Found memory slot: No
2025-08-31 16:01:40,626 - INFO - Extracted specs for https://www.gsmarena.com/samsung_galaxy_z_flip7-13712.php: {'storage': '256GB 12GB RAM, 512GB 12GB RAM', 'ram': 'No'}
2025-08-31 16:01:40,635 - INFO - ✅ Updated phone 5142 with correct storage/RAM data
2025-08-31 16:01:40,636 - INFO - ✅ Successfully fixed Samsung Galaxy Z Flip4
2025-08-31 16:01:44,641 - INFO - 
📱 Fixing phone 42/48: Samsung Galaxy Z Flip5
2025-08-31 16:01:44,641 - INFO - Searching: https://www.gsmarena.com/results.php3?sQuickSearch=yes&sName=Samsung+Galaxy+Z+Flip5
2025-08-31 16:01:45,126 - INFO - Found match: https://www.gsmarena.com/samsung_galaxy_z_flip7-13712.php
2025-08-31 16:01:45,524 - INFO - ✅ Found internal memory: 256GB 12GB RAM, 512GB 12GB RAM
2025-08-31 16:01:45,525 - INFO - ✅ Found memory slot: No
2025-08-31 16:01:45,525 - INFO - Extracted specs for https://www.gsmarena.com/samsung_galaxy_z_flip7-13712.php: {'storage': '256GB 12GB RAM, 512GB 12GB RAM', 'ram': 'No'}
2025-08-31 16:01:45,534 - INFO - ✅ Updated phone 5137 with correct storage/RAM data
2025-08-31 16:01:45,534 - INFO - ✅ Successfully fixed Samsung Galaxy Z Flip5
2025-08-31 16:01:49,535 - INFO - 
📱 Fixing phone 43/48: Samsung Galaxy Z Flip6
2025-08-31 16:01:49,535 - INFO - Searching: https://www.gsmarena.com/results.php3?sQuickSearch=yes&sName=Samsung+Galaxy+Z+Flip6
2025-08-31 16:01:50,934 - INFO - Found match: https://www.gsmarena.com/samsung_galaxy_z_flip7-13712.php
2025-08-31 16:01:51,350 - INFO - ✅ Found internal memory: 256GB 12GB RAM, 512GB 12GB RAM
2025-08-31 16:01:51,351 - INFO - ✅ Found memory slot: No
2025-08-31 16:01:51,351 - INFO - Extracted specs for https://www.gsmarena.com/samsung_galaxy_z_flip7-13712.php: {'storage': '256GB 12GB RAM, 512GB 12GB RAM', 'ram': 'No'}
2025-08-31 16:01:51,359 - INFO - ✅ Updated phone 5132 with correct storage/RAM data
2025-08-31 16:01:51,359 - INFO - ✅ Successfully fixed Samsung Galaxy Z Flip6
2025-08-31 16:01:55,364 - INFO - 
📱 Fixing phone 44/48: Samsung Galaxy Z Fold2
2025-08-31 16:01:55,364 - INFO - Searching: https://www.gsmarena.com/results.php3?sQuickSearch=yes&sName=Samsung+Galaxy+Z+Fold2
2025-08-31 16:01:55,886 - INFO - Found match: https://www.gsmarena.com/samsung_galaxy_z_fold7-13826.php
2025-08-31 16:01:56,402 - INFO - ✅ Found internal memory: 256GB 12GB RAM, 512GB 12GB RAM, 1TB 12GB RAM, 1TB 16GB RAM
2025-08-31 16:01:56,403 - INFO - ✅ Found memory slot: No
2025-08-31 16:01:56,403 - INFO - Extracted specs for https://www.gsmarena.com/samsung_galaxy_z_fold7-13826.php: {'storage': '256GB 12GB RAM, 512GB 12GB RAM, 1TB 12GB RAM, 1TB 16GB RAM', 'ram': 'No'}
2025-08-31 16:01:56,409 - INFO - ✅ Updated phone 5153 with correct storage/RAM data
2025-08-31 16:01:56,410 - INFO - ✅ Successfully fixed Samsung Galaxy Z Fold2
2025-08-31 16:02:00,415 - INFO - 
📱 Fixing phone 45/48: Samsung Galaxy Z Fold3
2025-08-31 16:02:00,415 - INFO - Searching: https://www.gsmarena.com/results.php3?sQuickSearch=yes&sName=Samsung+Galaxy+Z+Fold3
2025-08-31 16:02:00,888 - INFO - Found match: https://www.gsmarena.com/samsung_galaxy_z_fold7-13826.php
2025-08-31 16:02:01,352 - INFO - ✅ Found internal memory: 256GB 12GB RAM, 512GB 12GB RAM, 1TB 12GB RAM, 1TB 16GB RAM
2025-08-31 16:02:01,352 - INFO - ✅ Found memory slot: No
2025-08-31 16:02:01,352 - INFO - Extracted specs for https://www.gsmarena.com/samsung_galaxy_z_fold7-13826.php: {'storage': '256GB 12GB RAM, 512GB 12GB RAM, 1TB 12GB RAM, 1TB 16GB RAM', 'ram': 'No'}
2025-08-31 16:02:01,359 - INFO - ✅ Updated phone 5146 with correct storage/RAM data
2025-08-31 16:02:01,360 - INFO - ✅ Successfully fixed Samsung Galaxy Z Fold3
2025-08-31 16:02:05,365 - INFO - 
📱 Fixing phone 46/48: Samsung Galaxy Z Fold4
2025-08-31 16:02:05,365 - INFO - Searching: https://www.gsmarena.com/results.php3?sQuickSearch=yes&sName=Samsung+Galaxy+Z+Fold4
2025-08-31 16:02:05,913 - INFO - Found match: https://www.gsmarena.com/samsung_galaxy_z_fold7-13826.php
2025-08-31 16:02:06,399 - INFO - ✅ Found internal memory: 256GB 12GB RAM, 512GB 12GB RAM, 1TB 12GB RAM, 1TB 16GB RAM
2025-08-31 16:02:06,400 - INFO - ✅ Found memory slot: No
2025-08-31 16:02:06,400 - INFO - Extracted specs for https://www.gsmarena.com/samsung_galaxy_z_fold7-13826.php: {'storage': '256GB 12GB RAM, 512GB 12GB RAM, 1TB 12GB RAM, 1TB 16GB RAM', 'ram': 'No'}
2025-08-31 16:02:06,408 - INFO - ✅ Updated phone 5141 with correct storage/RAM data
2025-08-31 16:02:06,408 - INFO - ✅ Successfully fixed Samsung Galaxy Z Fold4
2025-08-31 16:02:10,409 - INFO - 
📱 Fixing phone 47/48: Samsung Galaxy Z Fold5
2025-08-31 16:02:10,409 - INFO - Searching: https://www.gsmarena.com/results.php3?sQuickSearch=yes&sName=Samsung+Galaxy+Z+Fold5
2025-08-31 16:02:10,920 - INFO - Found match: https://www.gsmarena.com/samsung_galaxy_z_fold7-13826.php
2025-08-31 16:02:11,400 - INFO - ✅ Found internal memory: 256GB 12GB RAM, 512GB 12GB RAM, 1TB 12GB RAM, 1TB 16GB RAM
2025-08-31 16:02:11,401 - INFO - ✅ Found memory slot: No
2025-08-31 16:02:11,401 - INFO - Extracted specs for https://www.gsmarena.com/samsung_galaxy_z_fold7-13826.php: {'storage': '256GB 12GB RAM, 512GB 12GB RAM, 1TB 12GB RAM, 1TB 16GB RAM', 'ram': 'No'}
2025-08-31 16:02:11,409 - INFO - ✅ Updated phone 5136 with correct storage/RAM data
2025-08-31 16:02:11,409 - INFO - ✅ Successfully fixed Samsung Galaxy Z Fold5
2025-08-31 16:02:15,412 - INFO - 
📱 Fixing phone 48/48: Samsung Galaxy Z Fold6
2025-08-31 16:02:15,412 - INFO - Searching: https://www.gsmarena.com/results.php3?sQuickSearch=yes&sName=Samsung+Galaxy+Z+Fold6
2025-08-31 16:02:15,952 - INFO - Found match: https://www.gsmarena.com/samsung_galaxy_z_fold7-13826.php
2025-08-31 16:02:16,810 - INFO - ✅ Found internal memory: 256GB 12GB RAM, 512GB 12GB RAM, 1TB 12GB RAM, 1TB 16GB RAM
2025-08-31 16:02:16,810 - INFO - ✅ Found memory slot: No
2025-08-31 16:02:16,810 - INFO - Extracted specs for https://www.gsmarena.com/samsung_galaxy_z_fold7-13826.php: {'storage': '256GB 12GB RAM, 512GB 12GB RAM, 1TB 12GB RAM, 1TB 16GB RAM', 'ram': 'No'}
2025-08-31 16:02:16,818 - INFO - ✅ Updated phone 5131 with correct storage/RAM data
2025-08-31 16:02:16,818 - INFO - ✅ Successfully fixed Samsung Galaxy Z Fold6
2025-08-31 16:02:20,820 - INFO - 
🎯 Storage Fix completed!
2025-08-31 16:02:20,820 - INFO - ✅ Success: 48
2025-08-31 16:02:20,820 - INFO - ❌ Failed: 0
2025-08-31 16:02:20,820 - INFO - 📊 Total: 48
