2025-08-31 16:20:25,233 - INFO - Found 10 phones to fix
2025-08-31 16:20:25,233 - INFO - 
📱 Processing phone 1/10: OPPO Find X2
2025-08-31 16:20:25,233 - INFO - Searching: https://www.gsmarena.com/results.php3?sQuickSearch=yes&sName=OPPO+Find+X2
2025-08-31 16:20:26,699 - INFO - Found match: https://www.gsmarena.com/oppo_find_x2_pro-9529.php
2025-08-31 16:20:27,099 - INFO - ✅ Camera (from text): Triple
2025-08-31 16:20:27,100 - INFO - ✅ OS: Android 10, ColorOS 7.1
2025-08-31 16:20:27,100 - INFO - ✅ Image: https://fdn2.gsmarena.com/vv/bigpic/oppo-find-x2-pro.jpg
2025-08-31 16:20:27,100 - INFO - Extracted data for https://www.gsmarena.com/oppo_find_x2_pro-9529.php: ['camera', 'os', 'image_url']
2025-08-31 16:20:27,109 - INFO - ✅ Updated phone 5207 with 3 fields
2025-08-31 16:20:27,109 - INFO - ✅ Successfully updated OPPO Find X2
2025-08-31 16:20:31,110 - INFO - 
📱 Processing phone 2/10: OPPO Find X2 Pro
2025-08-31 16:20:31,110 - INFO - Searching: https://www.gsmarena.com/results.php3?sQuickSearch=yes&sName=OPPO+Find+X2+Pro
2025-08-31 16:20:31,558 - INFO - Found match: https://www.gsmarena.com/oppo_find_x2_pro-9529.php
2025-08-31 16:20:31,944 - INFO - ✅ Camera (from text): Triple
2025-08-31 16:20:31,944 - INFO - ✅ OS: Android 10, ColorOS 7.1
2025-08-31 16:20:31,945 - INFO - ✅ Image: https://fdn2.gsmarena.com/vv/bigpic/oppo-find-x2-pro.jpg
2025-08-31 16:20:31,945 - INFO - Extracted data for https://www.gsmarena.com/oppo_find_x2_pro-9529.php: ['camera', 'os', 'image_url']
2025-08-31 16:20:31,954 - INFO - ✅ Updated phone 5206 with 3 fields
2025-08-31 16:20:31,954 - INFO - ✅ Successfully updated OPPO Find X2 Pro
2025-08-31 16:20:35,959 - INFO - 
📱 Processing phone 3/10: OPPO Find X3
2025-08-31 16:20:35,960 - INFO - Searching: https://www.gsmarena.com/results.php3?sQuickSearch=yes&sName=OPPO+Find+X3
2025-08-31 16:20:36,525 - INFO - Found match: https://www.gsmarena.com/oppo_find_x3_pro-10627.php
2025-08-31 16:20:36,898 - INFO - ✅ Camera (from text): Dual
2025-08-31 16:20:36,899 - INFO - ✅ OS: Android 11, up to Android 14, ColorOS 14
2025-08-31 16:20:36,899 - INFO - ✅ Image: https://fdn2.gsmarena.com/vv/bigpic/oppo-find-x3-pro.jpg
2025-08-31 16:20:36,899 - INFO - Extracted data for https://www.gsmarena.com/oppo_find_x3_pro-10627.php: ['camera', 'os', 'image_url']
2025-08-31 16:20:36,908 - INFO - ✅ Updated phone 5205 with 3 fields
2025-08-31 16:20:36,908 - INFO - ✅ Successfully updated OPPO Find X3
2025-08-31 16:20:40,910 - INFO - 
📱 Processing phone 4/10: OPPO Find X3 Pro
2025-08-31 16:20:40,910 - INFO - Searching: https://www.gsmarena.com/results.php3?sQuickSearch=yes&sName=OPPO+Find+X3+Pro
2025-08-31 16:20:41,553 - INFO - Found match: https://www.gsmarena.com/oppo_find_x3_pro-10627.php
2025-08-31 16:20:42,020 - INFO - ✅ Camera (from text): Dual
2025-08-31 16:20:42,021 - INFO - ✅ OS: Android 11, up to Android 14, ColorOS 14
2025-08-31 16:20:42,021 - INFO - ✅ Image: https://fdn2.gsmarena.com/vv/bigpic/oppo-find-x3-pro.jpg
2025-08-31 16:20:42,021 - INFO - Extracted data for https://www.gsmarena.com/oppo_find_x3_pro-10627.php: ['camera', 'os', 'image_url']
2025-08-31 16:20:42,031 - INFO - ✅ Updated phone 5204 with 3 fields
2025-08-31 16:20:42,032 - INFO - ✅ Successfully updated OPPO Find X3 Pro
2025-08-31 16:20:46,037 - INFO - 
📱 Processing phone 5/10: OPPO Find X5
2025-08-31 16:20:46,037 - INFO - Searching: https://www.gsmarena.com/results.php3?sQuickSearch=yes&sName=OPPO+Find+X5
2025-08-31 16:20:46,496 - INFO - Found match: https://www.gsmarena.com/oppo_find_x5_pro-11236.php
2025-08-31 16:20:46,959 - INFO - ✅ Camera (from text): Triple
2025-08-31 16:20:46,959 - INFO - ✅ OS: Android 12, up to Android 14, ColorOS 14
2025-08-31 16:20:46,959 - INFO - ✅ Image: https://fdn2.gsmarena.com/vv/bigpic/oppo-find-x5-pro.jpg
2025-08-31 16:20:46,959 - INFO - Extracted data for https://www.gsmarena.com/oppo_find_x5_pro-11236.php: ['camera', 'os', 'image_url']
2025-08-31 16:20:46,967 - INFO - ✅ Updated phone 5203 with 3 fields
2025-08-31 16:20:46,967 - INFO - ✅ Successfully updated OPPO Find X5
2025-08-31 16:20:50,972 - INFO - 
📱 Processing phone 6/10: OPPO Find X5 Pro
2025-08-31 16:20:50,972 - INFO - Searching: https://www.gsmarena.com/results.php3?sQuickSearch=yes&sName=OPPO+Find+X5+Pro
2025-08-31 16:20:51,524 - INFO - Found match: https://www.gsmarena.com/oppo_find_x5_pro-11236.php
2025-08-31 16:20:52,001 - INFO - ✅ Camera (from text): Triple
2025-08-31 16:20:52,001 - INFO - ✅ OS: Android 12, up to Android 14, ColorOS 14
2025-08-31 16:20:52,002 - INFO - ✅ Image: https://fdn2.gsmarena.com/vv/bigpic/oppo-find-x5-pro.jpg
2025-08-31 16:20:52,002 - INFO - Extracted data for https://www.gsmarena.com/oppo_find_x5_pro-11236.php: ['camera', 'os', 'image_url']
2025-08-31 16:20:52,009 - INFO - ✅ Updated phone 5202 with 3 fields
2025-08-31 16:20:52,009 - INFO - ✅ Successfully updated OPPO Find X5 Pro
2025-08-31 16:20:56,014 - INFO - 
📱 Processing phone 7/10: OPPO Find X6
2025-08-31 16:20:56,015 - INFO - Searching: https://www.gsmarena.com/results.php3?sQuickSearch=yes&sName=OPPO+Find+X6
2025-08-31 16:20:56,464 - INFO - Found match: https://www.gsmarena.com/oppo_find_x6_pro-12105.php
2025-08-31 16:20:56,853 - INFO - ✅ Camera (from text): Triple
2025-08-31 16:20:56,854 - INFO - ✅ OS: Android 13, up to 4 major upgrades
2025-08-31 16:20:56,854 - INFO - ✅ Image: https://fdn2.gsmarena.com/vv/bigpic/oppo-find-x6-pro.jpg
2025-08-31 16:20:56,854 - INFO - Extracted data for https://www.gsmarena.com/oppo_find_x6_pro-12105.php: ['camera', 'os', 'image_url']
2025-08-31 16:20:56,862 - INFO - ✅ Updated phone 5201 with 3 fields
2025-08-31 16:20:56,862 - INFO - ✅ Successfully updated OPPO Find X6
2025-08-31 16:21:00,867 - INFO - 
📱 Processing phone 8/10: OPPO Find X6 Pro
2025-08-31 16:21:00,868 - INFO - Searching: https://www.gsmarena.com/results.php3?sQuickSearch=yes&sName=OPPO+Find+X6+Pro
2025-08-31 16:21:01,446 - INFO - Found match: https://www.gsmarena.com/oppo_find_x6_pro-12105.php
2025-08-31 16:21:03,366 - INFO - ✅ Camera (from text): Triple
2025-08-31 16:21:03,366 - INFO - ✅ OS: Android 13, up to 4 major upgrades
2025-08-31 16:21:03,366 - INFO - ✅ Image: https://fdn2.gsmarena.com/vv/bigpic/oppo-find-x6-pro.jpg
2025-08-31 16:21:03,367 - INFO - Extracted data for https://www.gsmarena.com/oppo_find_x6_pro-12105.php: ['camera', 'os', 'image_url']
2025-08-31 16:21:03,375 - INFO - ✅ Updated phone 5200 with 3 fields
2025-08-31 16:21:03,375 - INFO - ✅ Successfully updated OPPO Find X6 Pro
2025-08-31 16:21:07,380 - INFO - 
📱 Processing phone 9/10: OPPO Find X7
2025-08-31 16:21:07,381 - INFO - Searching: https://www.gsmarena.com/results.php3?sQuickSearch=yes&sName=OPPO+Find+X7
2025-08-31 16:21:07,851 - INFO - Found match: https://www.gsmarena.com/oppo_find_x7_ultra-12752.php
2025-08-31 16:21:08,266 - INFO - ✅ Camera (from text): Dual
2025-08-31 16:21:08,266 - INFO - ✅ OS: Android 14, up to 4 major upgrades
2025-08-31 16:21:08,267 - INFO - ✅ Image: https://fdn2.gsmarena.com/vv/bigpic/oppo-find-x7-ultra.jpg
2025-08-31 16:21:08,267 - INFO - Extracted data for https://www.gsmarena.com/oppo_find_x7_ultra-12752.php: ['camera', 'os', 'image_url']
2025-08-31 16:21:08,275 - INFO - ✅ Updated phone 5199 with 3 fields
2025-08-31 16:21:08,275 - INFO - ✅ Successfully updated OPPO Find X7
2025-08-31 16:21:12,280 - INFO - 
📱 Processing phone 10/10: OPPO Find X7 Pro
2025-08-31 16:21:12,281 - INFO - Searching: https://www.gsmarena.com/results.php3?sQuickSearch=yes&sName=OPPO+Find+X7+Pro
2025-08-31 16:21:12,772 - WARNING - No product page found for OPPO Find X7 Pro
2025-08-31 16:21:12,773 - ERROR - ❌ No product page found for OPPO Find X7 Pro
2025-08-31 16:21:12,773 - INFO - 
🎯 Camera/OS/Images Fix completed!
2025-08-31 16:21:12,773 - INFO - ✅ Success: 9
2025-08-31 16:21:12,773 - INFO - ❌ Failed: 1
2025-08-31 16:21:12,773 - INFO - 📊 Total: 10
2025-08-31 16:22:12,726 - INFO - Found 15 phones to fix
2025-08-31 16:22:12,726 - INFO - 
📱 Processing phone 1/15: OnePlus 10 Pro
2025-08-31 16:22:12,726 - INFO - Searching: https://www.gsmarena.com/results.php3?sQuickSearch=yes&sName=OnePlus+10+Pro
2025-08-31 16:22:15,183 - INFO - Found match: https://www.gsmarena.com/oneplus_10_pro-11234.php
2025-08-31 16:22:15,931 - INFO - ✅ Camera (from text): Triple
2025-08-31 16:22:15,931 - INFO - ✅ OS: Android 12, up to 14, OxygenOS 14, ColorOS
2025-08-31 16:22:15,932 - INFO - ✅ Image: https://fdn2.gsmarena.com/vv/bigpic/oneplus-10-pro.jpg
2025-08-31 16:22:15,932 - INFO - Extracted data for https://www.gsmarena.com/oneplus_10_pro-11234.php: ['camera', 'os', 'image_url']
2025-08-31 16:22:15,939 - INFO - ✅ Updated phone 5225 with 3 fields
2025-08-31 16:22:15,939 - INFO - ✅ Successfully updated OnePlus 10 Pro
2025-08-31 16:22:19,940 - INFO - 
📱 Processing phone 2/15: OnePlus 10T
2025-08-31 16:22:19,941 - INFO - Searching: https://www.gsmarena.com/results.php3?sQuickSearch=yes&sName=OnePlus+10T
2025-08-31 16:22:20,398 - INFO - Found match: https://www.gsmarena.com/oneplus_10t-11622.php
2025-08-31 16:22:20,800 - INFO - ✅ Camera (from text): Triple
2025-08-31 16:22:20,800 - INFO - ✅ OS: Android 12, OxygenOS 13
2025-08-31 16:22:20,800 - INFO - ✅ Image: https://fdn2.gsmarena.com/vv/bigpic/oneplus-10t-5g.jpg
2025-08-31 16:22:20,800 - INFO - Extracted data for https://www.gsmarena.com/oneplus_10t-11622.php: ['camera', 'os', 'image_url']
2025-08-31 16:22:20,811 - INFO - ✅ Updated phone 5226 with 3 fields
2025-08-31 16:22:20,812 - INFO - ✅ Successfully updated OnePlus 10T
2025-08-31 16:22:24,817 - INFO - 
📱 Processing phone 3/15: OnePlus 11
2025-08-31 16:22:24,817 - INFO - Searching: https://www.gsmarena.com/results.php3?sQuickSearch=yes&sName=OnePlus+11
2025-08-31 16:22:25,263 - INFO - Found match: https://www.gsmarena.com/oneplus_11-11893.php
2025-08-31 16:22:25,658 - INFO - ✅ Camera (from text): Triple
2025-08-31 16:22:25,658 - INFO - ✅ OS: Android 13, up to 15, OxygenOS 15, ColorOS 14
2025-08-31 16:22:25,659 - INFO - ✅ Image: https://fdn2.gsmarena.com/vv/bigpic/oneplus-11.jpg
2025-08-31 16:22:25,659 - INFO - Extracted data for https://www.gsmarena.com/oneplus_11-11893.php: ['camera', 'os', 'image_url']
2025-08-31 16:22:25,666 - INFO - ✅ Updated phone 5224 with 3 fields
2025-08-31 16:22:25,666 - INFO - ✅ Successfully updated OnePlus 11
2025-08-31 16:22:29,671 - INFO - 
📱 Processing phone 4/15: OnePlus 12
2025-08-31 16:22:29,671 - INFO - Searching: https://www.gsmarena.com/results.php3?sQuickSearch=yes&sName=OnePlus+12
2025-08-31 16:22:30,158 - INFO - Found match: https://www.gsmarena.com/oneplus_12-12725.php
2025-08-31 16:22:30,865 - INFO - ✅ Camera (from text): Triple
2025-08-31 16:22:30,865 - INFO - ✅ OS: Android 14, up to 4 major upgrades
2025-08-31 16:22:30,866 - INFO - ✅ Image: https://fdn2.gsmarena.com/vv/bigpic/oneplus-12.jpg
2025-08-31 16:22:30,866 - INFO - Extracted data for https://www.gsmarena.com/oneplus_12-12725.php: ['camera', 'os', 'image_url']
2025-08-31 16:22:30,876 - INFO - ✅ Updated phone 5222 with 3 fields
2025-08-31 16:22:30,876 - INFO - ✅ Successfully updated OnePlus 12
2025-08-31 16:22:34,881 - INFO - 
📱 Processing phone 5/15: OnePlus 12R
2025-08-31 16:22:34,882 - INFO - Searching: https://www.gsmarena.com/results.php3?sQuickSearch=yes&sName=OnePlus+12R
2025-08-31 16:22:35,407 - INFO - Found match: https://www.gsmarena.com/oneplus_12r-12727.php
2025-08-31 16:22:36,128 - INFO - ✅ Camera (from text): Triple
2025-08-31 16:22:36,128 - INFO - ✅ OS: Android 14, up to 3 major upgrades
2025-08-31 16:22:36,129 - INFO - ✅ Image: https://fdn2.gsmarena.com/vv/bigpic/oneplus-12r-new.jpg
2025-08-31 16:22:36,129 - INFO - Extracted data for https://www.gsmarena.com/oneplus_12r-12727.php: ['camera', 'os', 'image_url']
2025-08-31 16:22:36,136 - INFO - ✅ Updated phone 5223 with 3 fields
2025-08-31 16:22:36,136 - INFO - ✅ Successfully updated OnePlus 12R
2025-08-31 16:22:40,141 - INFO - 
📱 Processing phone 6/15: OnePlus 8
2025-08-31 16:22:40,142 - INFO - Searching: https://www.gsmarena.com/results.php3?sQuickSearch=yes&sName=OnePlus+8
2025-08-31 16:22:40,597 - INFO - Found match: https://www.gsmarena.com/oneplus_8t-10420.php
2025-08-31 16:22:40,987 - INFO - ✅ Camera (from text): Dual
2025-08-31 16:22:40,987 - INFO - ✅ OS: Android 11, up to Android 14, OxygenOS 14
2025-08-31 16:22:40,988 - INFO - ✅ Image: https://fdn2.gsmarena.com/vv/bigpic/oneplus-8t.jpg
2025-08-31 16:22:40,988 - INFO - Extracted data for https://www.gsmarena.com/oneplus_8t-10420.php: ['camera', 'os', 'image_url']
2025-08-31 16:22:40,995 - INFO - ✅ Updated phone 5231 with 3 fields
2025-08-31 16:22:40,995 - INFO - ✅ Successfully updated OnePlus 8
2025-08-31 16:22:44,999 - INFO - 
📱 Processing phone 7/15: OnePlus 8 Pro
2025-08-31 16:22:44,999 - INFO - Searching: https://www.gsmarena.com/results.php3?sQuickSearch=yes&sName=OnePlus+8+Pro
2025-08-31 16:22:45,545 - INFO - Found match: https://www.gsmarena.com/oneplus_8_pro-9919.php
2025-08-31 16:22:46,079 - INFO - ✅ Camera (from text): Dual
2025-08-31 16:22:46,080 - INFO - ✅ OS: Android 10, up to Android 13, OxygenOS 13
2025-08-31 16:22:46,080 - INFO - ✅ Image: https://fdn2.gsmarena.com/vv/bigpic/oneplus-8-pro.jpg
2025-08-31 16:22:46,080 - INFO - Extracted data for https://www.gsmarena.com/oneplus_8_pro-9919.php: ['camera', 'os', 'image_url']
2025-08-31 16:22:46,090 - INFO - ✅ Updated phone 5230 with 3 fields
2025-08-31 16:22:46,090 - INFO - ✅ Successfully updated OnePlus 8 Pro
2025-08-31 16:22:50,095 - INFO - 
📱 Processing phone 8/15: OnePlus 8T
2025-08-31 16:22:50,095 - INFO - Searching: https://www.gsmarena.com/results.php3?sQuickSearch=yes&sName=OnePlus+8T
2025-08-31 16:22:50,667 - INFO - Found match: https://www.gsmarena.com/oneplus_8t-10420.php
2025-08-31 16:22:51,098 - INFO - ✅ Camera (from text): Dual
2025-08-31 16:22:51,098 - INFO - ✅ OS: Android 11, up to Android 14, OxygenOS 14
2025-08-31 16:22:51,098 - INFO - ✅ Image: https://fdn2.gsmarena.com/vv/bigpic/oneplus-8t.jpg
2025-08-31 16:22:51,099 - INFO - Extracted data for https://www.gsmarena.com/oneplus_8t-10420.php: ['camera', 'os', 'image_url']
2025-08-31 16:22:51,105 - INFO - ✅ Updated phone 5232 with 3 fields
2025-08-31 16:22:51,105 - INFO - ✅ Successfully updated OnePlus 8T
2025-08-31 16:22:55,108 - INFO - 
📱 Processing phone 9/15: OnePlus 9
2025-08-31 16:22:55,109 - INFO - Searching: https://www.gsmarena.com/results.php3?sQuickSearch=yes&sName=OnePlus+9
2025-08-31 16:22:55,684 - INFO - Found match: https://www.gsmarena.com/oneplus_9_pro-10806.php
2025-08-31 16:22:56,097 - INFO - ✅ Camera (from text): Dual
2025-08-31 16:22:56,097 - INFO - ✅ OS: Android 11, up to Android 14, OxygenOS 14
2025-08-31 16:22:56,098 - INFO - ✅ Image: https://fdn2.gsmarena.com/vv/bigpic/oneplus-9-pro-.jpg
2025-08-31 16:22:56,098 - INFO - Extracted data for https://www.gsmarena.com/oneplus_9_pro-10806.php: ['camera', 'os', 'image_url']
2025-08-31 16:22:56,104 - INFO - ✅ Updated phone 5228 with 3 fields
2025-08-31 16:22:56,104 - INFO - ✅ Successfully updated OnePlus 9
2025-08-31 16:23:00,105 - INFO - 
📱 Processing phone 10/15: OnePlus 9 Pro
2025-08-31 16:23:00,106 - INFO - Searching: https://www.gsmarena.com/results.php3?sQuickSearch=yes&sName=OnePlus+9+Pro
2025-08-31 16:23:00,803 - INFO - Found match: https://www.gsmarena.com/oneplus_9_pro-10806.php
2025-08-31 16:23:01,337 - INFO - ✅ Camera (from text): Dual
2025-08-31 16:23:01,338 - INFO - ✅ OS: Android 11, up to Android 14, OxygenOS 14
2025-08-31 16:23:01,338 - INFO - ✅ Image: https://fdn2.gsmarena.com/vv/bigpic/oneplus-9-pro-.jpg
2025-08-31 16:23:01,338 - INFO - Extracted data for https://www.gsmarena.com/oneplus_9_pro-10806.php: ['camera', 'os', 'image_url']
2025-08-31 16:23:01,346 - INFO - ✅ Updated phone 5227 with 3 fields
2025-08-31 16:23:01,346 - INFO - ✅ Successfully updated OnePlus 9 Pro
2025-08-31 16:23:05,351 - INFO - 
📱 Processing phone 11/15: OnePlus 9RT
2025-08-31 16:23:05,352 - INFO - Searching: https://www.gsmarena.com/results.php3?sQuickSearch=yes&sName=OnePlus+9RT
2025-08-31 16:23:05,926 - INFO - Found match: https://www.gsmarena.com/oneplus_9rt_5g-11148.php
2025-08-31 16:23:06,303 - INFO - ✅ Camera (from text): Dual
2025-08-31 16:23:06,304 - INFO - ✅ OS: Android 11, up to Android 13, OxygenOS 13
2025-08-31 16:23:06,304 - INFO - ✅ Image: https://fdn2.gsmarena.com/vv/bigpic/oneplus-9-rt-r.jpg
2025-08-31 16:23:06,304 - INFO - Extracted data for https://www.gsmarena.com/oneplus_9rt_5g-11148.php: ['camera', 'os', 'image_url']
2025-08-31 16:23:06,312 - INFO - ✅ Updated phone 5229 with 3 fields
2025-08-31 16:23:06,312 - INFO - ✅ Successfully updated OnePlus 9RT
2025-08-31 16:23:10,318 - INFO - 
📱 Processing phone 12/15: Samsung Galaxy Note20
2025-08-31 16:23:10,318 - INFO - Searching: https://www.gsmarena.com/results.php3?sQuickSearch=yes&sName=Samsung+Galaxy+Note20
2025-08-31 16:23:10,780 - INFO - Found match: https://www.gsmarena.com/samsung_galaxy_note20_ultra_5g-10261.php
2025-08-31 16:23:11,177 - INFO - ✅ Camera (from text): Triple
2025-08-31 16:23:11,178 - INFO - ✅ OS: Android 10, up to Android 13, One UI 5
2025-08-31 16:23:11,178 - INFO - ✅ Image: https://fdn2.gsmarena.com/vv/bigpic/samsung-galaxy-note20-ultra-.jpg
2025-08-31 16:23:11,178 - INFO - Extracted data for https://www.gsmarena.com/samsung_galaxy_note20_ultra_5g-10261.php: ['camera', 'os', 'image_url']
2025-08-31 16:23:11,189 - INFO - ✅ Updated phone 5149 with 3 fields
2025-08-31 16:23:11,189 - INFO - ✅ Successfully updated Samsung Galaxy Note20
2025-08-31 16:23:15,189 - INFO - 
📱 Processing phone 13/15: Samsung Galaxy Note20 Ultra
2025-08-31 16:23:15,189 - INFO - Searching: https://www.gsmarena.com/results.php3?sQuickSearch=yes&sName=Samsung+Galaxy+Note20+Ultra
2025-08-31 16:23:15,802 - INFO - Found match: https://www.gsmarena.com/samsung_galaxy_note20_ultra_5g-10261.php
2025-08-31 16:23:16,288 - INFO - ✅ Camera (from text): Triple
2025-08-31 16:23:16,289 - INFO - ✅ OS: Android 10, up to Android 13, One UI 5
2025-08-31 16:23:16,289 - INFO - ✅ Image: https://fdn2.gsmarena.com/vv/bigpic/samsung-galaxy-note20-ultra-.jpg
2025-08-31 16:23:16,289 - INFO - Extracted data for https://www.gsmarena.com/samsung_galaxy_note20_ultra_5g-10261.php: ['camera', 'os', 'image_url']
2025-08-31 16:23:16,297 - INFO - ✅ Updated phone 5148 with 3 fields
2025-08-31 16:23:16,297 - INFO - ✅ Successfully updated Samsung Galaxy Note20 Ultra
2025-08-31 16:23:20,302 - INFO - 
📱 Processing phone 14/15: Samsung Galaxy S20
2025-08-31 16:23:20,302 - INFO - Searching: https://www.gsmarena.com/results.php3?sQuickSearch=yes&sName=Samsung+Galaxy+S20
2025-08-31 16:23:20,945 - INFO - Found match: https://www.gsmarena.com/samsung_galaxy_s20_fe_5g-10377.php
2025-08-31 16:23:21,410 - INFO - ✅ Camera (from text): Triple
2025-08-31 16:23:21,411 - INFO - ✅ OS: Android 10, up to Android 13, One UI 5.1
2025-08-31 16:23:21,411 - INFO - ✅ Image: https://fdn2.gsmarena.com/vv/bigpic/samsung-galaxy-s20-fe-5g.jpg
2025-08-31 16:23:21,411 - INFO - Extracted data for https://www.gsmarena.com/samsung_galaxy_s20_fe_5g-10377.php: ['camera', 'os', 'image_url']
2025-08-31 16:23:21,418 - INFO - ✅ Updated phone 5152 with 3 fields
2025-08-31 16:23:21,418 - INFO - ✅ Successfully updated Samsung Galaxy S20
2025-08-31 16:23:25,421 - INFO - 
📱 Processing phone 15/15: Samsung Galaxy S20 Ultra
2025-08-31 16:23:25,421 - INFO - Searching: https://www.gsmarena.com/results.php3?sQuickSearch=yes&sName=Samsung+Galaxy+S20+Ultra
2025-08-31 16:23:25,898 - INFO - Found match: https://www.gsmarena.com/samsung_galaxy_s20_ultra_5g-10040.php
2025-08-31 16:23:26,425 - INFO - ✅ Camera (from text): Triple
2025-08-31 16:23:26,425 - INFO - ✅ OS: Android 10, up to Android 13, One UI 5.1
2025-08-31 16:23:26,426 - INFO - ✅ Image: https://fdn2.gsmarena.com/vv/bigpic/samsung-galaxy-s20-ultra-.jpg
2025-08-31 16:23:26,426 - INFO - Extracted data for https://www.gsmarena.com/samsung_galaxy_s20_ultra_5g-10040.php: ['camera', 'os', 'image_url']
2025-08-31 16:23:26,434 - INFO - ✅ Updated phone 5150 with 3 fields
2025-08-31 16:23:26,435 - INFO - ✅ Successfully updated Samsung Galaxy S20 Ultra
2025-08-31 16:23:30,439 - INFO - 
🎯 Camera/OS/Images Fix completed!
2025-08-31 16:23:30,439 - INFO - ✅ Success: 15
2025-08-31 16:23:30,439 - INFO - ❌ Failed: 0
2025-08-31 16:23:30,439 - INFO - 📊 Total: 15
