2025-08-29 18:46:01,989 - INFO - Searching GSMArena for: Apple iPhone 15 Pro Max
2025-08-29 18:46:03,311 - INFO - Found potential match: appleiphone 15 pro max -> https://www.gsmarena.com/apple_iphone_15_pro_max-12548.php
2025-08-29 18:46:03,311 - INFO - Extracting details from: https://www.gsmarena.com/apple_iphone_15_pro_max-12548.php
2025-08-29 18:46:03,661 - INFO - Extracted 12 specifications
2025-08-29 18:46:03,661 - INFO - Searching GSMArena for: Samsung Galaxy S24 Ultra
2025-08-29 18:46:04,071 - INFO - Found potential match: samsunggalaxy s24 ultra -> https://www.gsmarena.com/samsung_galaxy_s24_ultra-12771.php
2025-08-29 18:46:04,071 - INFO - Extracting details from: https://www.gsmarena.com/samsung_galaxy_s24_ultra-12771.php
2025-08-29 18:46:04,424 - INFO - Extracted 12 specifications
2025-08-29 18:46:04,424 - INFO - Searching GSMArena for: Google Pixel 8 Pro
2025-08-29 18:46:04,832 - INFO - Found potential match: googlepixel 8 pro -> https://www.gsmarena.com/google_pixel_8_pro-12545.php
2025-08-29 18:46:04,832 - INFO - Extracting details from: https://www.gsmarena.com/google_pixel_8_pro-12545.php
2025-08-29 18:46:05,195 - INFO - Extracted 12 specifications
2025-08-29 18:46:05,196 - INFO - Searching GSMArena for: Xiaomi 14 Ultra
2025-08-29 18:46:05,620 - INFO - Found potential match: xiaomi14 ultra -> https://www.gsmarena.com/xiaomi_14_ultra-12827.php
2025-08-29 18:46:05,620 - INFO - Extracting details from: https://www.gsmarena.com/xiaomi_14_ultra-12827.php
2025-08-29 18:46:05,974 - INFO - Extracted 12 specifications
2025-08-29 18:46:05,974 - INFO - Searching GSMArena for: OnePlus OnePlus 12
2025-08-29 18:46:06,388 - INFO - Found potential match: oneplus12 -> https://www.gsmarena.com/oneplus_12-12725.php
2025-08-29 18:46:06,388 - INFO - Extracting details from: https://www.gsmarena.com/oneplus_12-12725.php
2025-08-29 18:46:06,742 - INFO - Extracted 12 specifications
2025-08-29 18:46:34,101 - INFO - Starting GSMArena flagship phone crawling
2025-08-29 18:46:34,101 - INFO - Processing phone 1/10: ASUS ROG Phone 3
2025-08-29 18:46:34,101 - INFO - Searching GSMArena for: ASUS ROG Phone 3
2025-08-29 18:46:35,434 - INFO - Found potential match: asusrog phone 3 -> https://www.gsmarena.com/asus_rog_phone_3-10296.php
2025-08-29 18:46:35,434 - INFO - Extracting details from: https://www.gsmarena.com/asus_rog_phone_3-10296.php
2025-08-29 18:46:35,789 - INFO - Extracted 12 specifications
2025-08-29 18:46:35,863 - ERROR - Failed to update phone 5242: value too long for type character varying(50)

2025-08-29 18:46:38,869 - INFO - Processing phone 2/10: ASUS ROG Phone 5
2025-08-29 18:46:38,869 - INFO - Searching GSMArena for: ASUS ROG Phone 5
2025-08-29 18:46:39,282 - INFO - Found potential match: asusrog phone 5 -> https://www.gsmarena.com/asus_rog_phone_5-10715.php
2025-08-29 18:46:39,282 - INFO - Extracting details from: https://www.gsmarena.com/asus_rog_phone_5-10715.php
2025-08-29 18:46:39,627 - INFO - Extracted 12 specifications
2025-08-29 18:46:39,655 - ERROR - Failed to update phone 5241: value too long for type character varying(50)

2025-08-29 18:46:42,661 - INFO - Processing phone 3/10: ASUS ROG Phone 5 Pro
2025-08-29 18:46:42,661 - INFO - Searching GSMArena for: ASUS ROG Phone 5 Pro
2025-08-29 18:46:43,091 - INFO - Found potential match: asusrog phone 5s pro -> https://www.gsmarena.com/asus_rog_phone_5s_pro-11053.php
2025-08-29 18:46:43,091 - INFO - Extracting details from: https://www.gsmarena.com/asus_rog_phone_5s_pro-11053.php
2025-08-29 18:46:43,502 - INFO - Extracted 12 specifications
2025-08-29 18:46:43,531 - ERROR - Failed to update phone 5240: value too long for type character varying(20)

2025-08-29 18:46:46,537 - INFO - Processing phone 4/10: ASUS ROG Phone 5 Ultimate
2025-08-29 18:46:46,538 - INFO - Searching GSMArena for: ASUS ROG Phone 5 Ultimate
2025-08-29 18:46:46,973 - INFO - Found potential match: asusrog phone 5 ultimate -> https://www.gsmarena.com/asus_rog_phone_5_ultimate-10785.php
2025-08-29 18:46:46,973 - INFO - Extracting details from: https://www.gsmarena.com/asus_rog_phone_5_ultimate-10785.php
2025-08-29 18:46:47,373 - INFO - Extracted 12 specifications
2025-08-29 18:46:47,397 - ERROR - Failed to update phone 5239: value too long for type character varying(50)

2025-08-29 18:46:50,402 - INFO - Processing phone 5/10: ASUS ROG Phone 6
2025-08-29 18:46:50,402 - INFO - Searching GSMArena for: ASUS ROG Phone 6
2025-08-29 18:46:50,850 - INFO - Found potential match: asusrog phone 6 -> https://www.gsmarena.com/asus_rog_phone_6-11647.php
2025-08-29 18:46:50,850 - INFO - Extracting details from: https://www.gsmarena.com/asus_rog_phone_6-11647.php
2025-08-29 18:46:51,279 - INFO - Extracted 12 specifications
2025-08-29 18:46:51,307 - ERROR - Failed to update phone 5238: value too long for type character varying(50)

2025-08-29 18:46:54,312 - INFO - Processing phone 6/10: ASUS ROG Phone 6 Pro
2025-08-29 18:46:54,312 - INFO - Searching GSMArena for: ASUS ROG Phone 6 Pro
2025-08-29 18:46:54,745 - INFO - Found potential match: asusrog phone 6 pro -> https://www.gsmarena.com/asus_rog_phone_6_pro-11648.php
2025-08-29 18:46:54,745 - INFO - Extracting details from: https://www.gsmarena.com/asus_rog_phone_6_pro-11648.php
2025-08-29 18:46:55,161 - INFO - Extracted 12 specifications
2025-08-29 18:46:55,186 - ERROR - Failed to update phone 5237: value too long for type character varying(20)

2025-08-29 18:46:58,188 - INFO - Processing phone 7/10: ASUS ROG Phone 7
2025-08-29 18:46:58,188 - INFO - Searching GSMArena for: ASUS ROG Phone 7
2025-08-29 18:46:58,600 - INFO - Found potential match: asusrog phone 7 -> https://www.gsmarena.com/asus_rog_phone_7-12223.php
2025-08-29 18:46:58,600 - INFO - Extracting details from: https://www.gsmarena.com/asus_rog_phone_7-12223.php
2025-08-29 18:46:59,031 - INFO - Extracted 12 specifications
2025-08-29 18:46:59,055 - ERROR - Failed to update phone 5236: value too long for type character varying(20)

2025-08-29 18:47:02,059 - INFO - Processing phone 8/10: ASUS ROG Phone 7 Ultimate
2025-08-29 18:47:02,059 - INFO - Searching GSMArena for: ASUS ROG Phone 7 Ultimate
2025-08-29 18:47:02,478 - INFO - Found potential match: asusrog phone 7 ultimate -> https://www.gsmarena.com/asus_rog_phone_7_ultimate-12224.php
2025-08-29 18:47:02,478 - INFO - Extracting details from: https://www.gsmarena.com/asus_rog_phone_7_ultimate-12224.php
2025-08-29 18:47:02,847 - INFO - Extracted 12 specifications
2025-08-29 18:47:02,876 - ERROR - Failed to update phone 5235: value too long for type character varying(20)

2025-08-29 18:47:05,881 - INFO - Processing phone 9/10: ASUS ROG Phone 8
2025-08-29 18:47:05,881 - INFO - Searching GSMArena for: ASUS ROG Phone 8
2025-08-29 18:47:06,309 - INFO - Found potential match: asusrog phone 8 -> https://www.gsmarena.com/asus_rog_phone_8-12780.php
2025-08-29 18:47:06,309 - INFO - Extracting details from: https://www.gsmarena.com/asus_rog_phone_8-12780.php
2025-08-29 18:47:06,669 - INFO - Extracted 12 specifications
2025-08-29 18:47:06,698 - ERROR - Failed to update phone 5234: value too long for type character varying(50)

2025-08-29 18:47:09,703 - INFO - Processing phone 10/10: ASUS ROG Phone 8 Pro
2025-08-29 18:47:09,704 - INFO - Searching GSMArena for: ASUS ROG Phone 8 Pro
2025-08-29 18:47:10,121 - INFO - Found potential match: asusrog phone 8 pro -> https://www.gsmarena.com/asus_rog_phone_8_pro-12746.php
2025-08-29 18:47:10,121 - INFO - Extracting details from: https://www.gsmarena.com/asus_rog_phone_8_pro-12746.php
2025-08-29 18:47:10,475 - INFO - Extracted 12 specifications
2025-08-29 18:47:10,498 - ERROR - Failed to update phone 5233: value too long for type character varying(20)

2025-08-29 18:47:13,503 - INFO - Crawling completed: 0 updated, 10 failed
2025-08-29 18:48:08,906 - INFO - Starting GSMArena flagship phone crawling
2025-08-29 18:48:08,906 - INFO - Processing phone 1/10: ASUS ROG Phone 3
2025-08-29 18:48:08,906 - INFO - Searching GSMArena for: ASUS ROG Phone 3
2025-08-29 18:48:10,199 - INFO - Found potential match: asusrog phone 3 -> https://www.gsmarena.com/asus_rog_phone_3-10296.php
2025-08-29 18:48:10,199 - INFO - Extracting details from: https://www.gsmarena.com/asus_rog_phone_3-10296.php
2025-08-29 18:48:10,535 - INFO - Extracted 12 specifications
2025-08-29 18:48:10,622 - INFO - Updated phone ID 5242 with 12 fields
2025-08-29 18:48:13,624 - INFO - Processing phone 2/10: ASUS ROG Phone 5
2025-08-29 18:48:13,625 - INFO - Searching GSMArena for: ASUS ROG Phone 5
2025-08-29 18:48:14,038 - INFO - Found potential match: asusrog phone 5 -> https://www.gsmarena.com/asus_rog_phone_5-10715.php
2025-08-29 18:48:14,038 - INFO - Extracting details from: https://www.gsmarena.com/asus_rog_phone_5-10715.php
2025-08-29 18:48:14,384 - INFO - Extracted 12 specifications
2025-08-29 18:48:14,412 - INFO - Updated phone ID 5241 with 12 fields
2025-08-29 18:48:17,417 - INFO - Processing phone 3/10: ASUS ROG Phone 5 Pro
2025-08-29 18:48:17,418 - INFO - Searching GSMArena for: ASUS ROG Phone 5 Pro
2025-08-29 18:48:17,833 - INFO - Found potential match: asusrog phone 5s pro -> https://www.gsmarena.com/asus_rog_phone_5s_pro-11053.php
2025-08-29 18:48:17,833 - INFO - Extracting details from: https://www.gsmarena.com/asus_rog_phone_5s_pro-11053.php
2025-08-29 18:48:18,210 - INFO - Extracted 12 specifications
2025-08-29 18:48:18,239 - INFO - Updated phone ID 5240 with 12 fields
2025-08-29 18:48:21,244 - INFO - Processing phone 4/10: ASUS ROG Phone 5 Ultimate
2025-08-29 18:48:21,244 - INFO - Searching GSMArena for: ASUS ROG Phone 5 Ultimate
2025-08-29 18:48:21,684 - INFO - Found potential match: asusrog phone 5 ultimate -> https://www.gsmarena.com/asus_rog_phone_5_ultimate-10785.php
2025-08-29 18:48:21,684 - INFO - Extracting details from: https://www.gsmarena.com/asus_rog_phone_5_ultimate-10785.php
2025-08-29 18:48:22,101 - INFO - Extracted 12 specifications
2025-08-29 18:48:22,134 - INFO - Updated phone ID 5239 with 12 fields
2025-08-29 18:48:25,139 - INFO - Processing phone 5/10: ASUS ROG Phone 6
2025-08-29 18:48:25,140 - INFO - Searching GSMArena for: ASUS ROG Phone 6
2025-08-29 18:48:25,567 - INFO - Found potential match: asusrog phone 6 -> https://www.gsmarena.com/asus_rog_phone_6-11647.php
2025-08-29 18:48:25,568 - INFO - Extracting details from: https://www.gsmarena.com/asus_rog_phone_6-11647.php
2025-08-29 18:48:25,997 - INFO - Extracted 12 specifications
2025-08-29 18:48:26,027 - INFO - Updated phone ID 5238 with 12 fields
2025-08-29 18:48:29,033 - INFO - Processing phone 6/10: ASUS ROG Phone 6 Pro
2025-08-29 18:48:29,033 - INFO - Searching GSMArena for: ASUS ROG Phone 6 Pro
2025-08-29 18:48:29,449 - INFO - Found potential match: asusrog phone 6 pro -> https://www.gsmarena.com/asus_rog_phone_6_pro-11648.php
2025-08-29 18:48:29,449 - INFO - Extracting details from: https://www.gsmarena.com/asus_rog_phone_6_pro-11648.php
2025-08-29 18:48:29,782 - INFO - Extracted 12 specifications
2025-08-29 18:48:29,808 - INFO - Updated phone ID 5237 with 12 fields
2025-08-29 18:48:32,810 - INFO - Processing phone 7/10: ASUS ROG Phone 7
2025-08-29 18:48:32,811 - INFO - Searching GSMArena for: ASUS ROG Phone 7
2025-08-29 18:48:33,218 - INFO - Found potential match: asusrog phone 7 -> https://www.gsmarena.com/asus_rog_phone_7-12223.php
2025-08-29 18:48:33,218 - INFO - Extracting details from: https://www.gsmarena.com/asus_rog_phone_7-12223.php
2025-08-29 18:48:33,650 - INFO - Extracted 12 specifications
2025-08-29 18:48:33,677 - INFO - Updated phone ID 5236 with 12 fields
2025-08-29 18:48:36,683 - INFO - Processing phone 8/10: ASUS ROG Phone 7 Ultimate
2025-08-29 18:48:36,683 - INFO - Searching GSMArena for: ASUS ROG Phone 7 Ultimate
2025-08-29 18:48:37,101 - INFO - Found potential match: asusrog phone 7 ultimate -> https://www.gsmarena.com/asus_rog_phone_7_ultimate-12224.php
2025-08-29 18:48:37,101 - INFO - Extracting details from: https://www.gsmarena.com/asus_rog_phone_7_ultimate-12224.php
2025-08-29 18:48:37,465 - INFO - Extracted 12 specifications
2025-08-29 18:48:37,490 - INFO - Updated phone ID 5235 with 12 fields
2025-08-29 18:48:40,496 - INFO - Processing phone 9/10: ASUS ROG Phone 8
2025-08-29 18:48:40,496 - INFO - Searching GSMArena for: ASUS ROG Phone 8
2025-08-29 18:48:40,905 - INFO - Found potential match: asusrog phone 8 -> https://www.gsmarena.com/asus_rog_phone_8-12780.php
2025-08-29 18:48:40,905 - INFO - Extracting details from: https://www.gsmarena.com/asus_rog_phone_8-12780.php
2025-08-29 18:48:41,249 - INFO - Extracted 12 specifications
2025-08-29 18:48:41,275 - ERROR - Failed to update phone 5234: value too long for type character varying(100)

2025-08-29 18:48:44,280 - INFO - Processing phone 10/10: ASUS ROG Phone 8 Pro
2025-08-29 18:48:44,280 - INFO - Searching GSMArena for: ASUS ROG Phone 8 Pro
2025-08-29 18:48:44,690 - INFO - Found potential match: asusrog phone 8 pro -> https://www.gsmarena.com/asus_rog_phone_8_pro-12746.php
2025-08-29 18:48:44,690 - INFO - Extracting details from: https://www.gsmarena.com/asus_rog_phone_8_pro-12746.php
2025-08-29 18:48:45,042 - INFO - Extracted 12 specifications
2025-08-29 18:48:45,087 - ERROR - Failed to update phone 5233: value too long for type character varying(100)

2025-08-29 18:48:48,092 - INFO - Crawling completed: 8 updated, 2 failed
2025-08-29 18:49:19,797 - INFO - Extracting details from: https://www.gsmarena.com/asus_rog_phone_8-12780.php
2025-08-29 18:49:21,492 - INFO - Extracted 12 specifications
2025-08-29 18:49:21,492 - INFO - Extracting details from: https://www.gsmarena.com/asus_rog_phone_8_pro-12746.php
2025-08-29 18:49:21,839 - INFO - Extracted 12 specifications
2025-08-29 18:50:26,074 - INFO - Searching GSMArena for: ASUS ROG Phone 8
2025-08-29 18:50:27,385 - INFO - Found potential match: asusrog phone 8 -> https://www.gsmarena.com/asus_rog_phone_8-12780.php
2025-08-29 18:50:27,386 - INFO - Extracting details from: https://www.gsmarena.com/asus_rog_phone_8-12780.php
2025-08-29 18:50:27,738 - INFO - Extracted 12 specifications
2025-08-29 18:50:27,746 - INFO - Updated phone ID 5234 with 12 fields
2025-08-29 18:50:27,746 - INFO - Searching GSMArena for: ASUS ROG Phone 8 Pro
2025-08-29 18:50:28,150 - INFO - Found potential match: asusrog phone 8 pro -> https://www.gsmarena.com/asus_rog_phone_8_pro-12746.php
2025-08-29 18:50:28,150 - INFO - Extracting details from: https://www.gsmarena.com/asus_rog_phone_8_pro-12746.php
2025-08-29 18:50:28,507 - INFO - Extracted 12 specifications
2025-08-29 18:50:28,519 - INFO - Updated phone ID 5233 with 12 fields
2025-08-31 14:25:27,983 - INFO - Starting GSMArena flagship phone crawling
2025-08-31 14:25:27,996 - INFO - Found 157 flagship phones needing details
2025-08-31 14:25:27,996 - INFO - Processing phone 1/157: Apple iPhone 12
2025-08-31 14:25:27,996 - INFO - Searching GSMArena for: Apple iPhone 12
2025-08-31 14:25:29,475 - INFO - Found potential match: appleiphone 12 -> https://www.gsmarena.com/apple_iphone_12-10509.php
2025-08-31 14:25:29,475 - INFO - Extracting details from: https://www.gsmarena.com/apple_iphone_12-10509.php
2025-08-31 14:25:29,915 - INFO - Extracted 12 specifications
2025-08-31 14:25:29,991 - INFO - Updated phone ID 5125 with 12 fields
2025-08-31 14:25:32,995 - INFO - Processing phone 2/157: Apple iPhone 12 Pro
2025-08-31 14:25:32,995 - INFO - Searching GSMArena for: Apple iPhone 12 Pro
2025-08-31 14:25:33,410 - INFO - Found potential match: appleiphone 12 pro max -> https://www.gsmarena.com/apple_iphone_12_pro_max-10237.php
2025-08-31 14:25:33,410 - INFO - Extracting details from: https://www.gsmarena.com/apple_iphone_12_pro_max-10237.php
2025-08-31 14:25:33,794 - INFO - Extracted 12 specifications
2025-08-31 14:25:33,819 - INFO - Updated phone ID 5124 with 12 fields
2025-08-31 14:25:36,824 - INFO - Processing phone 3/157: Apple iPhone 12 Pro Max
2025-08-31 14:25:36,824 - INFO - Searching GSMArena for: Apple iPhone 12 Pro Max
2025-08-31 14:25:37,472 - INFO - Found potential match: appleiphone 12 pro max -> https://www.gsmarena.com/apple_iphone_12_pro_max-10237.php
2025-08-31 14:25:37,472 - INFO - Extracting details from: https://www.gsmarena.com/apple_iphone_12_pro_max-10237.php
2025-08-31 14:25:37,912 - INFO - Extracted 12 specifications
2025-08-31 14:25:37,942 - INFO - Updated phone ID 5123 with 12 fields
2025-08-31 14:25:40,947 - INFO - Processing phone 4/157: Apple iPhone 12 mini
2025-08-31 14:25:40,948 - INFO - Searching GSMArena for: Apple iPhone 12 mini
2025-08-31 14:25:41,352 - INFO - Found potential match: appleiphone 12 mini -> https://www.gsmarena.com/apple_iphone_12_mini-10510.php
2025-08-31 14:25:41,352 - INFO - Extracting details from: https://www.gsmarena.com/apple_iphone_12_mini-10510.php
2025-08-31 14:25:41,784 - INFO - Extracted 12 specifications
2025-08-31 14:25:41,811 - INFO - Updated phone ID 5126 with 12 fields
2025-08-31 14:25:44,817 - INFO - Processing phone 5/157: Apple iPhone 13
2025-08-31 14:25:44,817 - INFO - Searching GSMArena for: Apple iPhone 13
2025-08-31 14:25:45,247 - INFO - Found potential match: appleiphone 13 -> https://www.gsmarena.com/apple_iphone_13-11103.php
2025-08-31 14:25:45,247 - INFO - Extracting details from: https://www.gsmarena.com/apple_iphone_13-11103.php
2025-08-31 14:25:45,587 - INFO - Extracted 12 specifications
2025-08-31 14:25:45,617 - INFO - Updated phone ID 5121 with 12 fields
2025-08-31 14:25:48,620 - INFO - Processing phone 6/157: Apple iPhone 13 Pro
2025-08-31 14:25:48,620 - INFO - Searching GSMArena for: Apple iPhone 13 Pro
2025-08-31 14:25:49,033 - INFO - Found potential match: appleiphone 13 pro max -> https://www.gsmarena.com/apple_iphone_13_pro_max-11089.php
2025-08-31 14:25:49,033 - INFO - Extracting details from: https://www.gsmarena.com/apple_iphone_13_pro_max-11089.php
2025-08-31 14:25:49,473 - INFO - Extracted 12 specifications
2025-08-31 14:25:49,500 - INFO - Updated phone ID 5120 with 12 fields
2025-08-31 14:25:52,502 - INFO - Processing phone 7/157: Apple iPhone 13 Pro Max
2025-08-31 14:25:52,502 - INFO - Searching GSMArena for: Apple iPhone 13 Pro Max
2025-08-31 14:25:52,911 - INFO - Found potential match: appleiphone 13 pro max -> https://www.gsmarena.com/apple_iphone_13_pro_max-11089.php
2025-08-31 14:25:52,911 - INFO - Extracting details from: https://www.gsmarena.com/apple_iphone_13_pro_max-11089.php
2025-08-31 14:25:53,258 - INFO - Extracted 12 specifications
2025-08-31 14:25:53,284 - INFO - Updated phone ID 5119 with 12 fields
2025-08-31 14:25:56,285 - INFO - Processing phone 8/157: Apple iPhone 13 mini
2025-08-31 14:25:56,285 - INFO - Searching GSMArena for: Apple iPhone 13 mini
2025-08-31 14:25:56,717 - INFO - Found potential match: appleiphone 13 mini -> https://www.gsmarena.com/apple_iphone_13_mini-11104.php
2025-08-31 14:25:56,717 - INFO - Extracting details from: https://www.gsmarena.com/apple_iphone_13_mini-11104.php
2025-08-31 14:25:57,072 - INFO - Extracted 12 specifications
2025-08-31 14:25:57,100 - INFO - Updated phone ID 5122 with 12 fields
2025-08-31 14:26:00,105 - INFO - Processing phone 9/157: Apple iPhone 14
2025-08-31 14:26:00,105 - INFO - Searching GSMArena for: Apple iPhone 14
2025-08-31 14:26:00,512 - INFO - Found potential match: appleiphone 14 pro max -> https://www.gsmarena.com/apple_iphone_14_pro_max-11773.php
2025-08-31 14:26:00,512 - INFO - Extracting details from: https://www.gsmarena.com/apple_iphone_14_pro_max-11773.php
2025-08-31 14:26:00,935 - INFO - Extracted 12 specifications
2025-08-31 14:26:00,962 - INFO - Updated phone ID 5118 with 12 fields
2025-08-31 14:26:03,968 - INFO - Processing phone 10/157: Apple iPhone 14 Plus
2025-08-31 14:26:03,968 - INFO - Searching GSMArena for: Apple iPhone 14 Plus
2025-08-31 14:26:04,370 - INFO - Found potential match: appleiphone 14 plus -> https://www.gsmarena.com/apple_iphone_14_plus-11862.php
2025-08-31 14:26:04,371 - INFO - Extracting details from: https://www.gsmarena.com/apple_iphone_14_plus-11862.php
2025-08-31 14:26:04,729 - INFO - Extracted 12 specifications
2025-08-31 14:26:04,757 - INFO - Updated phone ID 5117 with 12 fields
2025-08-31 14:26:07,762 - INFO - Processing phone 11/157: Apple iPhone 14 Pro
2025-08-31 14:26:07,762 - INFO - Searching GSMArena for: Apple iPhone 14 Pro
2025-08-31 14:26:08,182 - INFO - Found potential match: appleiphone 14 pro max -> https://www.gsmarena.com/apple_iphone_14_pro_max-11773.php
2025-08-31 14:26:08,183 - INFO - Extracting details from: https://www.gsmarena.com/apple_iphone_14_pro_max-11773.php
2025-08-31 14:26:08,527 - INFO - Extracted 12 specifications
2025-08-31 14:26:08,551 - INFO - Updated phone ID 5116 with 12 fields
2025-08-31 14:26:11,556 - INFO - Processing phone 12/157: Apple iPhone 14 Pro Max
2025-08-31 14:26:11,557 - INFO - Searching GSMArena for: Apple iPhone 14 Pro Max
2025-08-31 14:26:11,965 - INFO - Found potential match: appleiphone 14 pro max -> https://www.gsmarena.com/apple_iphone_14_pro_max-11773.php
2025-08-31 14:26:11,965 - INFO - Extracting details from: https://www.gsmarena.com/apple_iphone_14_pro_max-11773.php
2025-08-31 14:26:12,315 - INFO - Extracted 12 specifications
2025-08-31 14:26:12,341 - INFO - Updated phone ID 5115 with 12 fields
2025-08-31 14:26:15,346 - INFO - Processing phone 13/157: Apple iPhone 15
2025-08-31 14:26:15,346 - INFO - Searching GSMArena for: Apple iPhone 15
2025-08-31 14:26:15,762 - INFO - Found potential match: appleiphone 15 -> https://www.gsmarena.com/apple_iphone_15-12559.php
2025-08-31 14:26:15,762 - INFO - Extracting details from: https://www.gsmarena.com/apple_iphone_15-12559.php
2025-08-31 14:26:16,207 - INFO - Extracted 12 specifications
2025-08-31 14:26:16,232 - INFO - Updated phone ID 5114 with 12 fields
2025-08-31 14:26:19,234 - INFO - Processing phone 14/157: Apple iPhone 15 Plus
2025-08-31 14:26:19,234 - INFO - Searching GSMArena for: Apple iPhone 15 Plus
2025-08-31 14:26:19,653 - INFO - Found potential match: appleiphone 15 plus -> https://www.gsmarena.com/apple_iphone_15_plus-12558.php
2025-08-31 14:26:19,653 - INFO - Extracting details from: https://www.gsmarena.com/apple_iphone_15_plus-12558.php
2025-08-31 14:26:20,085 - INFO - Extracted 12 specifications
2025-08-31 14:26:20,111 - INFO - Updated phone ID 5113 with 12 fields
2025-08-31 14:26:23,117 - INFO - Processing phone 15/157: Apple iPhone 15 Pro
2025-08-31 14:26:23,117 - INFO - Searching GSMArena for: Apple iPhone 15 Pro
2025-08-31 14:26:23,546 - INFO - Found potential match: appleiphone 15 pro max -> https://www.gsmarena.com/apple_iphone_15_pro_max-12548.php
2025-08-31 14:26:23,546 - INFO - Extracting details from: https://www.gsmarena.com/apple_iphone_15_pro_max-12548.php
2025-08-31 14:26:23,971 - INFO - Extracted 12 specifications
2025-08-31 14:26:23,999 - INFO - Updated phone ID 5112 with 12 fields
2025-08-31 14:26:27,002 - INFO - Processing phone 16/157: Apple iPhone 15 Pro Max
2025-08-31 14:26:27,003 - INFO - Searching GSMArena for: Apple iPhone 15 Pro Max
2025-08-31 14:26:27,438 - INFO - Found potential match: appleiphone 15 pro max -> https://www.gsmarena.com/apple_iphone_15_pro_max-12548.php
2025-08-31 14:26:27,438 - INFO - Extracting details from: https://www.gsmarena.com/apple_iphone_15_pro_max-12548.php
2025-08-31 14:26:27,880 - INFO - Extracted 12 specifications
2025-08-31 14:26:27,908 - INFO - Updated phone ID 5111 with 12 fields
2025-08-31 14:26:30,913 - INFO - Processing phone 17/157: Apple iPhone 16
2025-08-31 14:26:30,914 - INFO - Searching GSMArena for: Apple iPhone 16
2025-08-31 14:26:31,329 - INFO - Found potential match: appleiphone 16 pro max -> https://www.gsmarena.com/apple_iphone_16_pro_max-13123.php
2025-08-31 14:26:31,329 - INFO - Extracting details from: https://www.gsmarena.com/apple_iphone_16_pro_max-13123.php
2025-08-31 14:26:31,763 - INFO - Extracted 12 specifications
2025-08-31 14:26:31,792 - INFO - Updated phone ID 5110 with 12 fields
2025-08-31 14:26:34,798 - INFO - Processing phone 18/157: Apple iPhone 16 Plus
2025-08-31 14:26:34,798 - INFO - Searching GSMArena for: Apple iPhone 16 Plus
2025-08-31 14:26:35,227 - INFO - Found potential match: appleiphone 16 plus -> https://www.gsmarena.com/apple_iphone_16_plus-13316.php
2025-08-31 14:26:35,228 - INFO - Extracting details from: https://www.gsmarena.com/apple_iphone_16_plus-13316.php
2025-08-31 14:26:35,643 - INFO - Extracted 12 specifications
2025-08-31 14:26:35,673 - INFO - Updated phone ID 5109 with 12 fields
2025-08-31 14:26:38,679 - INFO - Processing phone 19/157: Apple iPhone 16 Pro
2025-08-31 14:26:38,679 - INFO - Searching GSMArena for: Apple iPhone 16 Pro
2025-08-31 14:26:39,109 - INFO - Found potential match: appleiphone 16 pro max -> https://www.gsmarena.com/apple_iphone_16_pro_max-13123.php
2025-08-31 14:26:39,110 - INFO - Extracting details from: https://www.gsmarena.com/apple_iphone_16_pro_max-13123.php
2025-08-31 14:26:39,546 - INFO - Extracted 12 specifications
2025-08-31 14:26:39,575 - INFO - Updated phone ID 5108 with 12 fields
2025-08-31 14:26:42,581 - INFO - Processing phone 20/157: Apple iPhone 16 Pro Max
2025-08-31 14:26:42,581 - INFO - Searching GSMArena for: Apple iPhone 16 Pro Max
2025-08-31 14:26:43,004 - INFO - Found potential match: appleiphone 16 pro max -> https://www.gsmarena.com/apple_iphone_16_pro_max-13123.php
2025-08-31 14:26:43,004 - INFO - Extracting details from: https://www.gsmarena.com/apple_iphone_16_pro_max-13123.php
2025-08-31 14:26:43,433 - INFO - Extracted 12 specifications
2025-08-31 14:26:43,460 - INFO - Updated phone ID 5107 with 12 fields
2025-08-31 14:26:46,465 - INFO - Processing phone 21/157: Apple iPhone SE
2025-08-31 14:26:46,465 - INFO - Searching GSMArena for: Apple iPhone SE
2025-08-31 14:26:46,875 - INFO - Found potential match: appleiphone 16e -> https://www.gsmarena.com/apple_iphone_16e-13395.php
2025-08-31 14:26:46,875 - INFO - Extracting details from: https://www.gsmarena.com/apple_iphone_16e-13395.php
2025-08-31 14:26:47,232 - INFO - Extracted 12 specifications
2025-08-31 14:26:47,259 - INFO - Updated phone ID 5127 with 12 fields
2025-08-31 14:26:50,264 - INFO - Processing phone 22/157: Google Pixel 4a
2025-08-31 14:26:50,264 - INFO - Searching GSMArena for: Google Pixel 4a
2025-08-31 14:26:50,687 - INFO - Found potential match: googlepixel 4a -> https://www.gsmarena.com/google_pixel_4a-10123.php
2025-08-31 14:26:50,687 - INFO - Extracting details from: https://www.gsmarena.com/google_pixel_4a-10123.php
2025-08-31 14:26:51,111 - INFO - Extracted 12 specifications
2025-08-31 14:26:51,139 - INFO - Updated phone ID 5167 with 12 fields
2025-08-31 14:26:54,145 - INFO - Processing phone 23/157: Google Pixel 5
2025-08-31 14:26:54,145 - INFO - Searching GSMArena for: Google Pixel 5
2025-08-31 14:26:54,599 - INFO - Found potential match: googlepixel 5 -> https://www.gsmarena.com/google_pixel_5-10386.php
2025-08-31 14:26:54,599 - INFO - Extracting details from: https://www.gsmarena.com/google_pixel_5-10386.php
2025-08-31 14:26:55,001 - INFO - Extracted 12 specifications
2025-08-31 14:26:55,029 - INFO - Updated phone ID 5166 with 12 fields
2025-08-31 14:26:58,030 - INFO - Processing phone 24/157: Google Pixel 5a
2025-08-31 14:26:58,031 - INFO - Searching GSMArena for: Google Pixel 5a
2025-08-31 14:26:58,475 - INFO - Found potential match: googlepixel 5a 5g -> https://www.gsmarena.com/google_pixel_5a_5g-11059.php
2025-08-31 14:26:58,476 - INFO - Extracting details from: https://www.gsmarena.com/google_pixel_5a_5g-11059.php
2025-08-31 14:26:58,897 - INFO - Extracted 12 specifications
2025-08-31 14:27:01,026 - INFO - Updated phone ID 5165 with 12 fields
2025-08-31 14:27:04,031 - INFO - Processing phone 25/157: Google Pixel 6
2025-08-31 14:27:04,032 - INFO - Searching GSMArena for: Google Pixel 6
2025-08-31 14:27:04,441 - INFO - Found potential match: googlepixel 6 pro -> https://www.gsmarena.com/google_pixel_6_pro-10918.php
2025-08-31 14:27:04,441 - INFO - Extracting details from: https://www.gsmarena.com/google_pixel_6_pro-10918.php
2025-08-31 14:27:04,837 - INFO - Extracted 12 specifications
2025-08-31 14:27:04,866 - INFO - Updated phone ID 5164 with 12 fields
2025-08-31 14:27:07,872 - INFO - Processing phone 26/157: Google Pixel 6 Pro
2025-08-31 14:27:07,872 - INFO - Searching GSMArena for: Google Pixel 6 Pro
2025-08-31 14:27:08,278 - INFO - Found potential match: googlepixel 6 pro -> https://www.gsmarena.com/google_pixel_6_pro-10918.php
2025-08-31 14:27:08,279 - INFO - Extracting details from: https://www.gsmarena.com/google_pixel_6_pro-10918.php
2025-08-31 14:27:08,628 - INFO - Extracted 12 specifications
2025-08-31 14:27:08,654 - INFO - Updated phone ID 5163 with 12 fields
2025-08-31 14:27:11,659 - INFO - Processing phone 27/157: Google Pixel 7
2025-08-31 14:27:11,659 - INFO - Searching GSMArena for: Google Pixel 7
2025-08-31 14:27:12,085 - INFO - Found potential match: googlepixel 7 pro -> https://www.gsmarena.com/google_pixel_7_pro-11908.php
2025-08-31 14:27:12,085 - INFO - Extracting details from: https://www.gsmarena.com/google_pixel_7_pro-11908.php
2025-08-31 14:27:12,519 - INFO - Extracted 12 specifications
2025-08-31 14:27:12,546 - INFO - Updated phone ID 5162 with 12 fields
2025-08-31 14:27:15,552 - INFO - Processing phone 28/157: Google Pixel 7 Pro
2025-08-31 14:27:15,552 - INFO - Searching GSMArena for: Google Pixel 7 Pro
2025-08-31 14:27:15,978 - INFO - Found potential match: googlepixel 7 pro -> https://www.gsmarena.com/google_pixel_7_pro-11908.php
2025-08-31 14:27:15,978 - INFO - Extracting details from: https://www.gsmarena.com/google_pixel_7_pro-11908.php
2025-08-31 14:27:16,401 - INFO - Extracted 12 specifications
2025-08-31 14:27:16,425 - INFO - Updated phone ID 5161 with 12 fields
2025-08-31 14:27:19,431 - INFO - Processing phone 29/157: Google Pixel 7a
2025-08-31 14:27:19,431 - INFO - Searching GSMArena for: Google Pixel 7a
2025-08-31 14:27:19,866 - INFO - Found potential match: googlepixel 7a -> https://www.gsmarena.com/google_pixel_7a-12170.php
2025-08-31 14:27:19,866 - INFO - Extracting details from: https://www.gsmarena.com/google_pixel_7a-12170.php
2025-08-31 14:27:20,295 - INFO - Extracted 12 specifications
2025-08-31 14:27:20,324 - INFO - Updated phone ID 5160 with 12 fields
2025-08-31 14:27:23,329 - INFO - Processing phone 30/157: Google Pixel 8
2025-08-31 14:27:23,329 - INFO - Searching GSMArena for: Google Pixel 8
2025-08-31 14:27:23,735 - INFO - Found potential match: googlepixel 8 pro -> https://www.gsmarena.com/google_pixel_8_pro-12545.php
2025-08-31 14:27:23,735 - INFO - Extracting details from: https://www.gsmarena.com/google_pixel_8_pro-12545.php
2025-08-31 14:27:24,081 - INFO - Extracted 12 specifications
2025-08-31 14:27:24,108 - INFO - Updated phone ID 5159 with 12 fields
2025-08-31 14:27:27,113 - INFO - Processing phone 31/157: Google Pixel 8 Pro
2025-08-31 14:27:27,113 - INFO - Searching GSMArena for: Google Pixel 8 Pro
2025-08-31 14:27:27,524 - INFO - Found potential match: googlepixel 8 pro -> https://www.gsmarena.com/google_pixel_8_pro-12545.php
2025-08-31 14:27:27,525 - INFO - Extracting details from: https://www.gsmarena.com/google_pixel_8_pro-12545.php
2025-08-31 14:27:27,875 - INFO - Extracted 12 specifications
2025-08-31 14:27:27,902 - INFO - Updated phone ID 5158 with 12 fields
2025-08-31 14:27:30,904 - INFO - Processing phone 32/157: Google Pixel 9
2025-08-31 14:27:30,904 - INFO - Searching GSMArena for: Google Pixel 9
2025-08-31 14:27:31,336 - INFO - Found potential match: googlepixel 9 pro -> https://www.gsmarena.com/google_pixel_9_pro-13218.php
2025-08-31 14:27:31,336 - INFO - Extracting details from: https://www.gsmarena.com/google_pixel_9_pro-13218.php
2025-08-31 14:27:31,775 - INFO - Extracted 12 specifications
2025-08-31 14:27:31,804 - INFO - Updated phone ID 5157 with 12 fields
2025-08-31 14:27:34,809 - INFO - Processing phone 33/157: Google Pixel 9 Pro
2025-08-31 14:27:34,809 - INFO - Searching GSMArena for: Google Pixel 9 Pro
2025-08-31 14:27:35,252 - INFO - Found potential match: googlepixel 9 pro -> https://www.gsmarena.com/google_pixel_9_pro-13218.php
2025-08-31 14:27:35,253 - INFO - Extracting details from: https://www.gsmarena.com/google_pixel_9_pro-13218.php
2025-08-31 14:27:35,664 - INFO - Extracted 12 specifications
2025-08-31 14:27:35,690 - INFO - Updated phone ID 5156 with 12 fields
2025-08-31 14:27:38,695 - INFO - Processing phone 34/157: Google Pixel 9 Pro XL
2025-08-31 14:27:38,695 - INFO - Searching GSMArena for: Google Pixel 9 Pro XL
2025-08-31 14:27:39,120 - INFO - Found potential match: googlepixel 9 pro xl -> https://www.gsmarena.com/google_pixel_9_pro_xl-13217.php
2025-08-31 14:27:39,120 - INFO - Extracting details from: https://www.gsmarena.com/google_pixel_9_pro_xl-13217.php
2025-08-31 14:27:39,547 - INFO - Extracted 12 specifications
2025-08-31 14:27:39,577 - INFO - Updated phone ID 5155 with 12 fields
2025-08-31 14:27:42,583 - INFO - Processing phone 35/157: Honor 30
2025-08-31 14:27:42,583 - INFO - Searching GSMArena for: Honor 30
2025-08-31 14:27:43,012 - INFO - Found potential match: honor300 pro -> https://www.gsmarena.com/honor_300_pro-13538.php
2025-08-31 14:27:43,012 - INFO - Extracting details from: https://www.gsmarena.com/honor_300_pro-13538.php
2025-08-31 14:27:43,437 - INFO - Extracted 10 specifications
2025-08-31 14:27:43,463 - INFO - Updated phone ID 5273 with 10 fields
2025-08-31 14:27:46,464 - INFO - Processing phone 36/157: Honor 30 Pro
2025-08-31 14:27:46,464 - INFO - Searching GSMArena for: Honor 30 Pro
2025-08-31 14:27:46,878 - INFO - Found potential match: honor300 pro -> https://www.gsmarena.com/honor_300_pro-13538.php
2025-08-31 14:27:46,878 - INFO - Extracting details from: https://www.gsmarena.com/honor_300_pro-13538.php
2025-08-31 14:27:47,218 - INFO - Extracted 10 specifications
2025-08-31 14:27:47,243 - INFO - Updated phone ID 5272 with 10 fields
2025-08-31 14:27:50,245 - INFO - Processing phone 37/157: Honor 30 Pro+
2025-08-31 14:27:50,246 - INFO - Searching GSMArena for: Honor 30 Pro+
2025-08-31 14:27:50,691 - INFO - Found potential match: honor30 pro+ -> https://www.gsmarena.com/honor_30_pro+-10187.php
2025-08-31 14:27:50,691 - INFO - Extracting details from: https://www.gsmarena.com/honor_30_pro+-10187.php
2025-08-31 14:27:51,117 - INFO - Extracted 11 specifications
2025-08-31 14:27:52,279 - INFO - Updated phone ID 5271 with 11 fields
2025-08-31 14:27:55,280 - INFO - Processing phone 38/157: Honor Magic3
2025-08-31 14:27:55,281 - INFO - Searching GSMArena for: Honor Magic3
2025-08-31 14:27:55,712 - INFO - Found potential match: honormagic v3 -> https://www.gsmarena.com/honor_magic_v3-13202.php
2025-08-31 14:27:55,712 - INFO - Extracting details from: https://www.gsmarena.com/honor_magic_v3-13202.php
2025-08-31 14:27:56,139 - INFO - Extracted 12 specifications
2025-08-31 14:27:56,168 - INFO - Updated phone ID 5270 with 12 fields
2025-08-31 14:27:59,170 - INFO - Processing phone 39/157: Honor Magic3 Pro
2025-08-31 14:27:59,171 - INFO - Searching GSMArena for: Honor Magic3 Pro
2025-08-31 14:27:59,594 - INFO - Found potential match: honormagic3 pro -> https://www.gsmarena.com/honor_magic3_pro-11050.php
2025-08-31 14:27:59,594 - INFO - Extracting details from: https://www.gsmarena.com/honor_magic3_pro-11050.php
2025-08-31 14:28:00,025 - INFO - Extracted 11 specifications
2025-08-31 14:28:01,442 - INFO - Updated phone ID 5269 with 11 fields
2025-08-31 14:28:04,448 - INFO - Processing phone 40/157: Honor Magic3 Pro+
2025-08-31 14:28:04,449 - INFO - Searching GSMArena for: Honor Magic3 Pro+
2025-08-31 14:28:04,854 - INFO - Found potential match: honormagic3 pro+ -> https://www.gsmarena.com/honor_magic3_pro+-11051.php
2025-08-31 14:28:04,855 - INFO - Extracting details from: https://www.gsmarena.com/honor_magic3_pro+-11051.php
2025-08-31 14:28:05,198 - INFO - Extracted 11 specifications
2025-08-31 14:28:06,382 - INFO - Updated phone ID 5268 with 11 fields
2025-08-31 14:28:09,387 - INFO - Processing phone 41/157: Honor Magic4
2025-08-31 14:28:09,387 - INFO - Searching GSMArena for: Honor Magic4
2025-08-31 14:28:09,794 - INFO - Found potential match: honormagic4 pro -> https://www.gsmarena.com/honor_magic4_pro-11390.php
2025-08-31 14:28:09,794 - INFO - Extracting details from: https://www.gsmarena.com/honor_magic4_pro-11390.php
2025-08-31 14:28:10,169 - INFO - Extracted 12 specifications
2025-08-31 14:28:10,201 - INFO - Updated phone ID 5267 with 12 fields
2025-08-31 14:28:13,206 - INFO - Processing phone 42/157: Honor Magic4 Pro
2025-08-31 14:28:13,206 - INFO - Searching GSMArena for: Honor Magic4 Pro
2025-08-31 14:28:13,631 - INFO - Found potential match: honormagic4 pro -> https://www.gsmarena.com/honor_magic4_pro-11390.php
2025-08-31 14:28:13,632 - INFO - Extracting details from: https://www.gsmarena.com/honor_magic4_pro-11390.php
2025-08-31 14:28:14,046 - INFO - Extracted 12 specifications
2025-08-31 14:28:14,072 - INFO - Updated phone ID 5266 with 12 fields
2025-08-31 14:28:17,077 - INFO - Processing phone 43/157: Honor Magic4 Ultimate
2025-08-31 14:28:17,078 - INFO - Searching GSMArena for: Honor Magic4 Ultimate
2025-08-31 14:28:17,486 - INFO - Found potential match: honormagic4 ultimate -> https://www.gsmarena.com/honor_magic4_ultimate-11432.php
2025-08-31 14:28:17,486 - INFO - Extracting details from: https://www.gsmarena.com/honor_magic4_ultimate-11432.php
2025-08-31 14:28:17,844 - INFO - Extracted 12 specifications
2025-08-31 14:28:19,053 - INFO - Updated phone ID 5265 with 12 fields
2025-08-31 14:28:22,059 - INFO - Processing phone 44/157: Honor Magic5
2025-08-31 14:28:22,059 - INFO - Searching GSMArena for: Honor Magic5
2025-08-31 14:28:22,482 - INFO - Found potential match: honormagic v5 -> https://www.gsmarena.com/honor_magic_v5-13982.php
2025-08-31 14:28:22,482 - INFO - Extracting details from: https://www.gsmarena.com/honor_magic_v5-13982.php
2025-08-31 14:28:22,832 - INFO - Extracted 11 specifications
2025-08-31 14:28:22,858 - INFO - Updated phone ID 5264 with 11 fields
2025-08-31 14:28:25,864 - INFO - Processing phone 45/157: Honor Magic5 Pro
2025-08-31 14:28:25,864 - INFO - Searching GSMArena for: Honor Magic5 Pro
2025-08-31 14:28:26,265 - INFO - Found potential match: honormagic5 pro -> https://www.gsmarena.com/honor_magic5_pro-12148.php
2025-08-31 14:28:26,265 - INFO - Extracting details from: https://www.gsmarena.com/honor_magic5_pro-12148.php
2025-08-31 14:28:26,688 - INFO - Extracted 11 specifications
2025-08-31 14:28:26,719 - INFO - Updated phone ID 5263 with 11 fields
2025-08-31 14:28:29,720 - INFO - Processing phone 46/157: Honor Magic6
2025-08-31 14:28:29,720 - INFO - Searching GSMArena for: Honor Magic6
2025-08-31 14:28:30,126 - INFO - Found potential match: honormagic6 pro -> https://www.gsmarena.com/honor_magic6_pro-12786.php
2025-08-31 14:28:30,126 - INFO - Extracting details from: https://www.gsmarena.com/honor_magic6_pro-12786.php
2025-08-31 14:28:30,545 - INFO - Extracted 12 specifications
2025-08-31 14:28:30,571 - INFO - Updated phone ID 5262 with 12 fields
2025-08-31 14:28:33,576 - INFO - Processing phone 47/157: Honor Magic6 Pro
2025-08-31 14:28:33,576 - INFO - Searching GSMArena for: Honor Magic6 Pro
2025-08-31 14:28:34,002 - INFO - Found potential match: honormagic6 pro -> https://www.gsmarena.com/honor_magic6_pro-12786.php
2025-08-31 14:28:34,002 - INFO - Extracting details from: https://www.gsmarena.com/honor_magic6_pro-12786.php
2025-08-31 14:28:34,429 - INFO - Extracted 12 specifications
2025-08-31 14:28:34,456 - INFO - Updated phone ID 5261 with 12 fields
2025-08-31 14:28:37,461 - INFO - Processing phone 48/157: Huawei Mate 30 Pro
2025-08-31 14:28:37,462 - INFO - Searching GSMArena for: Huawei Mate 30 Pro
2025-08-31 14:28:37,898 - INFO - Found potential match: huaweimate 30 pro -> https://www.gsmarena.com/huawei_mate_30_pro-9885.php
2025-08-31 14:28:37,898 - INFO - Extracting details from: https://www.gsmarena.com/huawei_mate_30_pro-9885.php
2025-08-31 14:28:38,325 - INFO - Extracted 12 specifications
2025-08-31 14:28:39,741 - INFO - Updated phone ID 5260 with 12 fields
2025-08-31 14:28:42,746 - INFO - Processing phone 49/157: Huawei Mate 40
2025-08-31 14:28:42,746 - INFO - Searching GSMArena for: Huawei Mate 40
2025-08-31 14:28:43,160 - INFO - Found potential match: huaweimate 40 pro -> https://www.gsmarena.com/huawei_mate_40_pro-10528.php
2025-08-31 14:28:43,160 - INFO - Extracting details from: https://www.gsmarena.com/huawei_mate_40_pro-10528.php
2025-08-31 14:28:43,509 - INFO - Extracted 11 specifications
2025-08-31 14:28:43,540 - INFO - Updated phone ID 5256 with 11 fields
2025-08-31 14:28:46,545 - INFO - Processing phone 50/157: Huawei Mate 40 Pro
2025-08-31 14:28:46,545 - INFO - Searching GSMArena for: Huawei Mate 40 Pro
2025-08-31 14:28:46,957 - INFO - Found potential match: huaweimate 40 pro -> https://www.gsmarena.com/huawei_mate_40_pro-10528.php
2025-08-31 14:28:46,957 - INFO - Extracting details from: https://www.gsmarena.com/huawei_mate_40_pro-10528.php
2025-08-31 14:28:47,332 - INFO - Extracted 11 specifications
2025-08-31 14:28:47,359 - INFO - Updated phone ID 5255 with 11 fields
2025-08-31 14:28:50,364 - INFO - Processing phone 51/157: Huawei Mate 50
2025-08-31 14:28:50,364 - INFO - Searching GSMArena for: Huawei Mate 50
2025-08-31 14:28:50,802 - INFO - Found potential match: huaweimate 50 pro -> https://www.gsmarena.com/huawei_mate_50_pro-11856.php
2025-08-31 14:28:50,802 - INFO - Extracting details from: https://www.gsmarena.com/huawei_mate_50_pro-11856.php
2025-08-31 14:28:52,466 - INFO - Extracted 11 specifications
2025-08-31 14:28:52,500 - INFO - Updated phone ID 5252 with 11 fields
2025-08-31 14:28:55,503 - INFO - Processing phone 52/157: Huawei Mate 50 Pro
2025-08-31 14:28:55,504 - INFO - Searching GSMArena for: Huawei Mate 50 Pro
2025-08-31 14:28:55,917 - INFO - Found potential match: huaweimate 50 pro -> https://www.gsmarena.com/huawei_mate_50_pro-11856.php
2025-08-31 14:28:55,917 - INFO - Extracting details from: https://www.gsmarena.com/huawei_mate_50_pro-11856.php
2025-08-31 14:28:56,260 - INFO - Extracted 11 specifications
2025-08-31 14:28:56,285 - INFO - Updated phone ID 5251 with 11 fields
2025-08-31 14:28:59,288 - INFO - Processing phone 53/157: Huawei Mate 60
2025-08-31 14:28:59,288 - INFO - Searching GSMArena for: Huawei Mate 60
2025-08-31 14:28:59,710 - INFO - Found potential match: huaweimate 60 pro -> https://www.gsmarena.com/huawei_mate_60_pro-12530.php
2025-08-31 14:28:59,711 - INFO - Extracting details from: https://www.gsmarena.com/huawei_mate_60_pro-12530.php
2025-08-31 14:29:00,136 - INFO - Extracted 12 specifications
2025-08-31 14:29:00,163 - INFO - Updated phone ID 5248 with 12 fields
2025-08-31 14:29:03,168 - INFO - Processing phone 54/157: Huawei Mate 60 Pro
2025-08-31 14:29:03,168 - INFO - Searching GSMArena for: Huawei Mate 60 Pro
2025-08-31 14:29:03,600 - INFO - Found potential match: huaweimate 60 pro -> https://www.gsmarena.com/huawei_mate_60_pro-12530.php
2025-08-31 14:29:03,601 - INFO - Extracting details from: https://www.gsmarena.com/huawei_mate_60_pro-12530.php
2025-08-31 14:29:04,039 - INFO - Extracted 12 specifications
2025-08-31 14:29:04,063 - INFO - Updated phone ID 5247 with 12 fields
2025-08-31 14:29:07,069 - INFO - Processing phone 55/157: Huawei Mate 60 Pro+
2025-08-31 14:29:07,069 - INFO - Searching GSMArena for: Huawei Mate 60 Pro+
2025-08-31 14:29:07,466 - INFO - Found potential match: huaweimate 60 pro+ -> https://www.gsmarena.com/huawei_mate_60_pro+-12549.php
2025-08-31 14:29:07,466 - INFO - Extracting details from: https://www.gsmarena.com/huawei_mate_60_pro+-12549.php
2025-08-31 14:29:07,798 - INFO - Extracted 12 specifications
2025-08-31 14:29:07,825 - INFO - Updated phone ID 5246 with 12 fields
2025-08-31 14:29:10,830 - INFO - Processing phone 56/157: Huawei P40
2025-08-31 14:29:10,830 - INFO - Searching GSMArena for: Huawei P40
2025-08-31 14:29:11,286 - INFO - Found potential match: huaweip40 pro -> https://www.gsmarena.com/huawei_p40_pro-10152.php
2025-08-31 14:29:11,286 - INFO - Extracting details from: https://www.gsmarena.com/huawei_p40_pro-10152.php
2025-08-31 14:29:11,708 - INFO - Extracted 11 specifications
2025-08-31 14:29:11,737 - INFO - Updated phone ID 5259 with 11 fields
2025-08-31 14:29:14,742 - INFO - Processing phone 57/157: Huawei P40 Pro
2025-08-31 14:29:14,742 - INFO - Searching GSMArena for: Huawei P40 Pro
2025-08-31 14:29:15,169 - INFO - Found potential match: huaweip40 pro -> https://www.gsmarena.com/huawei_p40_pro-10152.php
2025-08-31 14:29:15,169 - INFO - Extracting details from: https://www.gsmarena.com/huawei_p40_pro-10152.php
2025-08-31 14:29:15,603 - INFO - Extracted 11 specifications
2025-08-31 14:29:15,630 - INFO - Updated phone ID 5258 with 11 fields
2025-08-31 14:29:18,635 - INFO - Processing phone 58/157: Huawei P40 Pro+
2025-08-31 14:29:18,636 - INFO - Searching GSMArena for: Huawei P40 Pro+
2025-08-31 14:29:19,059 - INFO - Found potential match: huaweip40 pro+ -> https://www.gsmarena.com/huawei_p40_pro+-10118.php
2025-08-31 14:29:19,059 - INFO - Extracting details from: https://www.gsmarena.com/huawei_p40_pro+-10118.php
2025-08-31 14:29:19,383 - INFO - Extracted 11 specifications
2025-08-31 14:29:19,410 - INFO - Updated phone ID 5257 with 11 fields
2025-08-31 14:29:22,415 - INFO - Processing phone 59/157: Huawei P50
2025-08-31 14:29:22,416 - INFO - Searching GSMArena for: Huawei P50
2025-08-31 14:29:22,849 - INFO - Found potential match: huaweip50 pro -> https://www.gsmarena.com/huawei_p50_pro-11029.php
2025-08-31 14:29:22,849 - INFO - Extracting details from: https://www.gsmarena.com/huawei_p50_pro-11029.php
2025-08-31 14:29:23,194 - INFO - Extracted 11 specifications
2025-08-31 14:29:23,224 - INFO - Updated phone ID 5254 with 11 fields
2025-08-31 14:29:26,230 - INFO - Processing phone 60/157: Huawei P50 Pro
2025-08-31 14:29:26,230 - INFO - Searching GSMArena for: Huawei P50 Pro
2025-08-31 14:29:26,641 - INFO - Found potential match: huaweip50 pro -> https://www.gsmarena.com/huawei_p50_pro-11029.php
2025-08-31 14:29:26,641 - INFO - Extracting details from: https://www.gsmarena.com/huawei_p50_pro-11029.php
2025-08-31 14:29:27,062 - INFO - Extracted 11 specifications
2025-08-31 14:29:27,086 - INFO - Updated phone ID 5253 with 11 fields
2025-08-31 14:29:30,092 - INFO - Processing phone 61/157: Huawei P60
2025-08-31 14:29:30,092 - INFO - Searching GSMArena for: Huawei P60
2025-08-31 14:29:30,531 - INFO - Found potential match: huaweip60 pro -> https://www.gsmarena.com/huawei_p60_pro-12172.php
2025-08-31 14:29:30,531 - INFO - Extracting details from: https://www.gsmarena.com/huawei_p60_pro-12172.php
2025-08-31 14:29:30,951 - INFO - Extracted 11 specifications
2025-08-31 14:29:30,977 - INFO - Updated phone ID 5250 with 11 fields
2025-08-31 14:29:33,982 - INFO - Processing phone 62/157: Huawei P60 Pro
2025-08-31 14:29:33,982 - INFO - Searching GSMArena for: Huawei P60 Pro
2025-08-31 14:29:34,422 - INFO - Found potential match: huaweip60 pro -> https://www.gsmarena.com/huawei_p60_pro-12172.php
2025-08-31 14:29:34,422 - INFO - Extracting details from: https://www.gsmarena.com/huawei_p60_pro-12172.php
2025-08-31 14:29:34,861 - INFO - Extracted 11 specifications
2025-08-31 14:29:34,885 - INFO - Updated phone ID 5249 with 11 fields
2025-08-31 14:29:37,890 - INFO - Processing phone 63/157: Huawei Pura 70
2025-08-31 14:29:37,891 - INFO - Searching GSMArena for: Huawei Pura 70
2025-08-31 14:29:38,315 - INFO - Found potential match: huaweipura 70 ultra -> https://www.gsmarena.com/huawei_pura_70_ultra-12940.php
2025-08-31 14:29:38,315 - INFO - Extracting details from: https://www.gsmarena.com/huawei_pura_70_ultra-12940.php
2025-08-31 14:29:38,744 - INFO - Extracted 12 specifications
2025-08-31 14:29:38,780 - INFO - Updated phone ID 5245 with 12 fields
2025-08-31 14:29:41,785 - INFO - Processing phone 64/157: Huawei Pura 70 Pro
2025-08-31 14:29:41,786 - INFO - Searching GSMArena for: Huawei Pura 70 Pro
2025-08-31 14:29:42,181 - INFO - Found potential match: huaweipura 70 pro -> https://www.gsmarena.com/huawei_pura_70_pro-12942.php
2025-08-31 14:29:42,182 - INFO - Extracting details from: https://www.gsmarena.com/huawei_pura_70_pro-12942.php
2025-08-31 14:29:42,506 - INFO - Extracted 0 specifications
2025-08-31 14:29:42,506 - INFO - Processing phone 65/157: Huawei Pura 70 Ultra
2025-08-31 14:29:42,506 - INFO - Searching GSMArena for: Huawei Pura 70 Ultra
2025-08-31 14:29:42,807 - ERROR - Search failed for Huawei Pura 70 Ultra: 429 Client Error: Too Many Requests for url: https://www.gsmarena.com/results.php3?sQuickSearch=yes&sName=Huawei+Pura+70+Ultra
2025-08-31 14:29:42,807 - INFO - Processing phone 66/157: OPPO Find X2
2025-08-31 14:29:42,808 - INFO - Searching GSMArena for: OPPO Find X2
2025-08-31 14:29:43,114 - ERROR - Search failed for OPPO Find X2: 429 Client Error: Too Many Requests for url: https://www.gsmarena.com/results.php3?sQuickSearch=yes&sName=OPPO+Find+X2
2025-08-31 14:29:43,114 - INFO - Processing phone 67/157: OPPO Find X2 Pro
2025-08-31 14:29:43,115 - INFO - Searching GSMArena for: OPPO Find X2 Pro
2025-08-31 14:29:43,427 - ERROR - Search failed for OPPO Find X2 Pro: 429 Client Error: Too Many Requests for url: https://www.gsmarena.com/results.php3?sQuickSearch=yes&sName=OPPO+Find+X2+Pro
2025-08-31 14:29:43,427 - INFO - Processing phone 68/157: OPPO Find X3
2025-08-31 14:29:43,427 - INFO - Searching GSMArena for: OPPO Find X3
2025-08-31 14:29:43,731 - ERROR - Search failed for OPPO Find X3: 429 Client Error: Too Many Requests for url: https://www.gsmarena.com/results.php3?sQuickSearch=yes&sName=OPPO+Find+X3
2025-08-31 14:29:43,731 - INFO - Processing phone 69/157: OPPO Find X3 Pro
2025-08-31 14:29:43,731 - INFO - Searching GSMArena for: OPPO Find X3 Pro
2025-08-31 14:29:44,036 - ERROR - Search failed for OPPO Find X3 Pro: 429 Client Error: Too Many Requests for url: https://www.gsmarena.com/results.php3?sQuickSearch=yes&sName=OPPO+Find+X3+Pro
2025-08-31 14:29:44,036 - INFO - Processing phone 70/157: OPPO Find X5
2025-08-31 14:29:44,037 - INFO - Searching GSMArena for: OPPO Find X5
2025-08-31 14:29:44,344 - ERROR - Search failed for OPPO Find X5: 429 Client Error: Too Many Requests for url: https://www.gsmarena.com/results.php3?sQuickSearch=yes&sName=OPPO+Find+X5
2025-08-31 14:29:44,344 - INFO - Processing phone 71/157: OPPO Find X5 Pro
2025-08-31 14:29:44,344 - INFO - Searching GSMArena for: OPPO Find X5 Pro
2025-08-31 14:29:44,651 - ERROR - Search failed for OPPO Find X5 Pro: 429 Client Error: Too Many Requests for url: https://www.gsmarena.com/results.php3?sQuickSearch=yes&sName=OPPO+Find+X5+Pro
2025-08-31 14:29:44,651 - INFO - Processing phone 72/157: OPPO Find X6
2025-08-31 14:29:44,652 - INFO - Searching GSMArena for: OPPO Find X6
2025-08-31 14:29:44,958 - ERROR - Search failed for OPPO Find X6: 429 Client Error: Too Many Requests for url: https://www.gsmarena.com/results.php3?sQuickSearch=yes&sName=OPPO+Find+X6
2025-08-31 14:29:44,958 - INFO - Processing phone 73/157: OPPO Find X6 Pro
2025-08-31 14:29:44,958 - INFO - Searching GSMArena for: OPPO Find X6 Pro
2025-08-31 14:29:45,265 - ERROR - Search failed for OPPO Find X6 Pro: 429 Client Error: Too Many Requests for url: https://www.gsmarena.com/results.php3?sQuickSearch=yes&sName=OPPO+Find+X6+Pro
2025-08-31 14:29:45,265 - INFO - Processing phone 74/157: OPPO Find X7
2025-08-31 14:29:45,265 - INFO - Searching GSMArena for: OPPO Find X7
2025-08-31 14:29:45,573 - ERROR - Search failed for OPPO Find X7: 429 Client Error: Too Many Requests for url: https://www.gsmarena.com/results.php3?sQuickSearch=yes&sName=OPPO+Find+X7
2025-08-31 14:29:45,573 - INFO - Processing phone 75/157: OPPO Find X7 Pro
2025-08-31 14:29:45,573 - INFO - Searching GSMArena for: OPPO Find X7 Pro
2025-08-31 14:29:45,864 - ERROR - Search failed for OPPO Find X7 Pro: 429 Client Error: Too Many Requests for url: https://www.gsmarena.com/results.php3?sQuickSearch=yes&sName=OPPO+Find+X7+Pro
2025-08-31 14:29:45,865 - INFO - Processing phone 76/157: OPPO Find X7 Ultra
2025-08-31 14:29:45,865 - INFO - Searching GSMArena for: OPPO Find X7 Ultra
2025-08-31 14:29:46,159 - ERROR - Search failed for OPPO Find X7 Ultra: 429 Client Error: Too Many Requests for url: https://www.gsmarena.com/results.php3?sQuickSearch=yes&sName=OPPO+Find+X7+Ultra
2025-08-31 14:29:46,160 - INFO - Processing phone 77/157: OnePlus 10 Pro
2025-08-31 14:29:46,160 - INFO - Searching GSMArena for: OnePlus OnePlus 10 Pro
2025-08-31 14:29:46,494 - ERROR - Search failed for OnePlus 10 Pro: 429 Client Error: Too Many Requests for url: https://www.gsmarena.com/results.php3?sQuickSearch=yes&sName=OnePlus+OnePlus+10+Pro
2025-08-31 14:29:46,494 - INFO - Processing phone 78/157: OnePlus 10T
2025-08-31 14:29:46,494 - INFO - Searching GSMArena for: OnePlus OnePlus 10T
2025-08-31 14:29:46,785 - ERROR - Search failed for OnePlus 10T: 429 Client Error: Too Many Requests for url: https://www.gsmarena.com/results.php3?sQuickSearch=yes&sName=OnePlus+OnePlus+10T
2025-08-31 14:29:46,785 - INFO - Processing phone 79/157: OnePlus 11
2025-08-31 14:29:46,786 - INFO - Searching GSMArena for: OnePlus OnePlus 11
2025-08-31 14:29:47,110 - ERROR - Search failed for OnePlus 11: 429 Client Error: Too Many Requests for url: https://www.gsmarena.com/results.php3?sQuickSearch=yes&sName=OnePlus+OnePlus+11
2025-08-31 14:29:47,110 - INFO - Processing phone 80/157: OnePlus 12
2025-08-31 14:29:47,110 - INFO - Searching GSMArena for: OnePlus OnePlus 12
2025-08-31 14:29:47,416 - ERROR - Search failed for OnePlus 12: 429 Client Error: Too Many Requests for url: https://www.gsmarena.com/results.php3?sQuickSearch=yes&sName=OnePlus+OnePlus+12
2025-08-31 14:29:47,416 - INFO - Processing phone 81/157: OnePlus 12R
2025-08-31 14:29:47,416 - INFO - Searching GSMArena for: OnePlus OnePlus 12R
2025-08-31 14:29:47,723 - ERROR - Search failed for OnePlus 12R: 429 Client Error: Too Many Requests for url: https://www.gsmarena.com/results.php3?sQuickSearch=yes&sName=OnePlus+OnePlus+12R
2025-08-31 14:29:47,723 - INFO - Processing phone 82/157: OnePlus 8
2025-08-31 14:29:47,723 - INFO - Searching GSMArena for: OnePlus OnePlus 8
2025-08-31 14:29:48,032 - ERROR - Search failed for OnePlus 8: 429 Client Error: Too Many Requests for url: https://www.gsmarena.com/results.php3?sQuickSearch=yes&sName=OnePlus+OnePlus+8
2025-08-31 14:29:48,032 - INFO - Processing phone 83/157: OnePlus 8 Pro
2025-08-31 14:29:48,032 - INFO - Searching GSMArena for: OnePlus OnePlus 8 Pro
2025-08-31 14:29:48,339 - ERROR - Search failed for OnePlus 8 Pro: 429 Client Error: Too Many Requests for url: https://www.gsmarena.com/results.php3?sQuickSearch=yes&sName=OnePlus+OnePlus+8+Pro
2025-08-31 14:29:48,339 - INFO - Processing phone 84/157: OnePlus 8T
2025-08-31 14:29:48,339 - INFO - Searching GSMArena for: OnePlus OnePlus 8T
2025-08-31 14:29:48,645 - ERROR - Search failed for OnePlus 8T: 429 Client Error: Too Many Requests for url: https://www.gsmarena.com/results.php3?sQuickSearch=yes&sName=OnePlus+OnePlus+8T
2025-08-31 14:29:48,645 - INFO - Processing phone 85/157: OnePlus 9
2025-08-31 14:29:48,645 - INFO - Searching GSMArena for: OnePlus OnePlus 9
2025-08-31 14:29:48,952 - ERROR - Search failed for OnePlus 9: 429 Client Error: Too Many Requests for url: https://www.gsmarena.com/results.php3?sQuickSearch=yes&sName=OnePlus+OnePlus+9
2025-08-31 14:29:48,953 - INFO - Processing phone 86/157: OnePlus 9 Pro
2025-08-31 14:29:48,953 - INFO - Searching GSMArena for: OnePlus OnePlus 9 Pro
2025-08-31 14:29:49,260 - ERROR - Search failed for OnePlus 9 Pro: 429 Client Error: Too Many Requests for url: https://www.gsmarena.com/results.php3?sQuickSearch=yes&sName=OnePlus+OnePlus+9+Pro
2025-08-31 14:29:49,260 - INFO - Processing phone 87/157: OnePlus 9RT
2025-08-31 14:29:49,260 - INFO - Searching GSMArena for: OnePlus OnePlus 9RT
2025-08-31 14:29:49,566 - ERROR - Search failed for OnePlus 9RT: 429 Client Error: Too Many Requests for url: https://www.gsmarena.com/results.php3?sQuickSearch=yes&sName=OnePlus+OnePlus+9RT
2025-08-31 14:29:49,566 - INFO - Processing phone 88/157: Samsung Galaxy Note20
2025-08-31 14:29:49,566 - INFO - Searching GSMArena for: Samsung Galaxy Note20
2025-08-31 14:29:49,875 - ERROR - Search failed for Samsung Galaxy Note20: 429 Client Error: Too Many Requests for url: https://www.gsmarena.com/results.php3?sQuickSearch=yes&sName=Samsung+Galaxy+Note20
2025-08-31 14:29:49,876 - INFO - Processing phone 89/157: Samsung Galaxy Note20 Ultra
2025-08-31 14:29:49,876 - INFO - Searching GSMArena for: Samsung Galaxy Note20 Ultra
2025-08-31 14:29:50,181 - ERROR - Search failed for Samsung Galaxy Note20 Ultra: 429 Client Error: Too Many Requests for url: https://www.gsmarena.com/results.php3?sQuickSearch=yes&sName=Samsung+Galaxy+Note20+Ultra
2025-08-31 14:29:50,181 - INFO - Processing phone 90/157: Samsung Galaxy S20
2025-08-31 14:29:50,181 - INFO - Searching GSMArena for: Samsung Galaxy S20
2025-08-31 14:29:50,496 - ERROR - Search failed for Samsung Galaxy S20: 429 Client Error: Too Many Requests for url: https://www.gsmarena.com/results.php3?sQuickSearch=yes&sName=Samsung+Galaxy+S20
2025-08-31 14:29:50,496 - INFO - Processing phone 91/157: Samsung Galaxy S20 Ultra
2025-08-31 14:29:50,496 - INFO - Searching GSMArena for: Samsung Galaxy S20 Ultra
2025-08-31 14:29:50,898 - ERROR - Search failed for Samsung Galaxy S20 Ultra: 429 Client Error: Too Many Requests for url: https://www.gsmarena.com/results.php3?sQuickSearch=yes&sName=Samsung+Galaxy+S20+Ultra
2025-08-31 14:29:50,899 - INFO - Processing phone 92/157: Samsung Galaxy S20+
2025-08-31 14:29:50,899 - INFO - Searching GSMArena for: Samsung Galaxy S20+
2025-08-31 14:29:51,205 - ERROR - Search failed for Samsung Galaxy S20+: 429 Client Error: Too Many Requests for url: https://www.gsmarena.com/results.php3?sQuickSearch=yes&sName=Samsung+Galaxy+S20%2B
2025-08-31 14:29:51,205 - INFO - Processing phone 93/157: Samsung Galaxy S21
2025-08-31 14:29:51,205 - INFO - Searching GSMArena for: Samsung Galaxy S21
2025-08-31 14:29:51,512 - ERROR - Search failed for Samsung Galaxy S21: 429 Client Error: Too Many Requests for url: https://www.gsmarena.com/results.php3?sQuickSearch=yes&sName=Samsung+Galaxy+S21
2025-08-31 14:29:51,513 - INFO - Processing phone 94/157: Samsung Galaxy S21 Ultra
2025-08-31 14:29:51,513 - INFO - Searching GSMArena for: Samsung Galaxy S21 Ultra
2025-08-31 14:29:51,805 - ERROR - Search failed for Samsung Galaxy S21 Ultra: 429 Client Error: Too Many Requests for url: https://www.gsmarena.com/results.php3?sQuickSearch=yes&sName=Samsung+Galaxy+S21+Ultra
2025-08-31 14:29:51,805 - INFO - Processing phone 95/157: Samsung Galaxy S21+
2025-08-31 14:29:51,805 - INFO - Searching GSMArena for: Samsung Galaxy S21+
2025-08-31 14:29:52,096 - ERROR - Search failed for Samsung Galaxy S21+: 429 Client Error: Too Many Requests for url: https://www.gsmarena.com/results.php3?sQuickSearch=yes&sName=Samsung+Galaxy+S21%2B
2025-08-31 14:29:52,096 - INFO - Processing phone 96/157: Samsung Galaxy S22
2025-08-31 14:29:52,096 - INFO - Searching GSMArena for: Samsung Galaxy S22
2025-08-31 14:29:52,433 - ERROR - Search failed for Samsung Galaxy S22: 429 Client Error: Too Many Requests for url: https://www.gsmarena.com/results.php3?sQuickSearch=yes&sName=Samsung+Galaxy+S22
2025-08-31 14:29:52,433 - INFO - Processing phone 97/157: Samsung Galaxy S22 Ultra
2025-08-31 14:29:52,433 - INFO - Searching GSMArena for: Samsung Galaxy S22 Ultra
2025-08-31 14:29:52,726 - ERROR - Search failed for Samsung Galaxy S22 Ultra: 429 Client Error: Too Many Requests for url: https://www.gsmarena.com/results.php3?sQuickSearch=yes&sName=Samsung+Galaxy+S22+Ultra
2025-08-31 14:29:52,726 - INFO - Processing phone 98/157: Samsung Galaxy S22+
2025-08-31 14:29:52,726 - INFO - Searching GSMArena for: Samsung Galaxy S22+
2025-08-31 14:29:53,057 - ERROR - Search failed for Samsung Galaxy S22+: 429 Client Error: Too Many Requests for url: https://www.gsmarena.com/results.php3?sQuickSearch=yes&sName=Samsung+Galaxy+S22%2B
2025-08-31 14:29:53,057 - INFO - Processing phone 99/157: Samsung Galaxy S23
2025-08-31 14:29:53,057 - INFO - Searching GSMArena for: Samsung Galaxy S23
2025-08-31 14:29:53,458 - ERROR - Search failed for Samsung Galaxy S23: 429 Client Error: Too Many Requests for url: https://www.gsmarena.com/results.php3?sQuickSearch=yes&sName=Samsung+Galaxy+S23
2025-08-31 14:29:53,458 - INFO - Processing phone 100/157: Samsung Galaxy S23 Ultra
2025-08-31 14:29:53,458 - INFO - Searching GSMArena for: Samsung Galaxy S23 Ultra
2025-08-31 14:29:53,765 - ERROR - Search failed for Samsung Galaxy S23 Ultra: 429 Client Error: Too Many Requests for url: https://www.gsmarena.com/results.php3?sQuickSearch=yes&sName=Samsung+Galaxy+S23+Ultra
2025-08-31 14:29:53,765 - INFO - Processing phone 101/157: Samsung Galaxy S23+
2025-08-31 14:29:53,765 - INFO - Searching GSMArena for: Samsung Galaxy S23+
2025-08-31 14:29:54,055 - ERROR - Search failed for Samsung Galaxy S23+: 429 Client Error: Too Many Requests for url: https://www.gsmarena.com/results.php3?sQuickSearch=yes&sName=Samsung+Galaxy+S23%2B
2025-08-31 14:29:54,055 - INFO - Processing phone 102/157: Samsung Galaxy S24
2025-08-31 14:29:54,055 - INFO - Searching GSMArena for: Samsung Galaxy S24
2025-08-31 14:29:54,379 - ERROR - Search failed for Samsung Galaxy S24: 429 Client Error: Too Many Requests for url: https://www.gsmarena.com/results.php3?sQuickSearch=yes&sName=Samsung+Galaxy+S24
2025-08-31 14:29:54,379 - INFO - Processing phone 103/157: Samsung Galaxy S24 Ultra
2025-08-31 14:29:54,379 - INFO - Searching GSMArena for: Samsung Galaxy S24 Ultra
2025-08-31 14:29:54,687 - ERROR - Search failed for Samsung Galaxy S24 Ultra: 429 Client Error: Too Many Requests for url: https://www.gsmarena.com/results.php3?sQuickSearch=yes&sName=Samsung+Galaxy+S24+Ultra
2025-08-31 14:29:54,688 - INFO - Processing phone 104/157: Samsung Galaxy S24+
2025-08-31 14:29:54,688 - INFO - Searching GSMArena for: Samsung Galaxy S24+
2025-08-31 14:29:54,994 - ERROR - Search failed for Samsung Galaxy S24+: 429 Client Error: Too Many Requests for url: https://www.gsmarena.com/results.php3?sQuickSearch=yes&sName=Samsung+Galaxy+S24%2B
2025-08-31 14:29:54,995 - INFO - Processing phone 105/157: Samsung Galaxy Z Flip
2025-08-31 14:29:54,995 - INFO - Searching GSMArena for: Samsung Galaxy Z Flip
2025-08-31 14:29:55,300 - ERROR - Search failed for Samsung Galaxy Z Flip: 429 Client Error: Too Many Requests for url: https://www.gsmarena.com/results.php3?sQuickSearch=yes&sName=Samsung+Galaxy+Z+Flip
2025-08-31 14:29:55,301 - INFO - Processing phone 106/157: Samsung Galaxy Z Flip3
2025-08-31 14:29:55,301 - INFO - Searching GSMArena for: Samsung Galaxy Z Flip3
2025-08-31 14:29:55,607 - ERROR - Search failed for Samsung Galaxy Z Flip3: 429 Client Error: Too Many Requests for url: https://www.gsmarena.com/results.php3?sQuickSearch=yes&sName=Samsung+Galaxy+Z+Flip3
2025-08-31 14:29:55,607 - INFO - Processing phone 107/157: Samsung Galaxy Z Flip4
2025-08-31 14:29:55,607 - INFO - Searching GSMArena for: Samsung Galaxy Z Flip4
2025-08-31 14:29:55,914 - ERROR - Search failed for Samsung Galaxy Z Flip4: 429 Client Error: Too Many Requests for url: https://www.gsmarena.com/results.php3?sQuickSearch=yes&sName=Samsung+Galaxy+Z+Flip4
2025-08-31 14:29:55,915 - INFO - Processing phone 108/157: Samsung Galaxy Z Flip5
2025-08-31 14:29:55,915 - INFO - Searching GSMArena for: Samsung Galaxy Z Flip5
2025-08-31 14:29:56,233 - ERROR - Search failed for Samsung Galaxy Z Flip5: 429 Client Error: Too Many Requests for url: https://www.gsmarena.com/results.php3?sQuickSearch=yes&sName=Samsung+Galaxy+Z+Flip5
2025-08-31 14:29:56,234 - INFO - Processing phone 109/157: Samsung Galaxy Z Flip6
2025-08-31 14:29:56,234 - INFO - Searching GSMArena for: Samsung Galaxy Z Flip6
2025-08-31 14:29:56,530 - ERROR - Search failed for Samsung Galaxy Z Flip6: 429 Client Error: Too Many Requests for url: https://www.gsmarena.com/results.php3?sQuickSearch=yes&sName=Samsung+Galaxy+Z+Flip6
2025-08-31 14:29:56,530 - INFO - Processing phone 110/157: Samsung Galaxy Z Fold2
2025-08-31 14:29:56,530 - INFO - Searching GSMArena for: Samsung Galaxy Z Fold2
2025-08-31 14:29:56,822 - ERROR - Search failed for Samsung Galaxy Z Fold2: 429 Client Error: Too Many Requests for url: https://www.gsmarena.com/results.php3?sQuickSearch=yes&sName=Samsung+Galaxy+Z+Fold2
2025-08-31 14:29:56,822 - INFO - Processing phone 111/157: Samsung Galaxy Z Fold3
2025-08-31 14:29:56,822 - INFO - Searching GSMArena for: Samsung Galaxy Z Fold3
2025-08-31 14:29:57,115 - ERROR - Search failed for Samsung Galaxy Z Fold3: 429 Client Error: Too Many Requests for url: https://www.gsmarena.com/results.php3?sQuickSearch=yes&sName=Samsung+Galaxy+Z+Fold3
2025-08-31 14:29:57,115 - INFO - Processing phone 112/157: Samsung Galaxy Z Fold4
2025-08-31 14:29:57,115 - INFO - Searching GSMArena for: Samsung Galaxy Z Fold4
2025-08-31 14:29:57,451 - ERROR - Search failed for Samsung Galaxy Z Fold4: 429 Client Error: Too Many Requests for url: https://www.gsmarena.com/results.php3?sQuickSearch=yes&sName=Samsung+Galaxy+Z+Fold4
2025-08-31 14:29:57,452 - INFO - Processing phone 113/157: Samsung Galaxy Z Fold5
2025-08-31 14:29:57,452 - INFO - Searching GSMArena for: Samsung Galaxy Z Fold5
2025-08-31 14:29:57,759 - ERROR - Search failed for Samsung Galaxy Z Fold5: 429 Client Error: Too Many Requests for url: https://www.gsmarena.com/results.php3?sQuickSearch=yes&sName=Samsung+Galaxy+Z+Fold5
2025-08-31 14:29:57,759 - INFO - Processing phone 114/157: Samsung Galaxy Z Fold6
2025-08-31 14:29:57,759 - INFO - Searching GSMArena for: Samsung Galaxy Z Fold6
2025-08-31 14:29:58,067 - ERROR - Search failed for Samsung Galaxy Z Fold6: 429 Client Error: Too Many Requests for url: https://www.gsmarena.com/results.php3?sQuickSearch=yes&sName=Samsung+Galaxy+Z+Fold6
2025-08-31 14:29:58,067 - INFO - Processing phone 115/157: Sony Xperia 1 II
2025-08-31 14:29:58,067 - INFO - Searching GSMArena for: Sony Xperia 1 II
2025-08-31 14:29:58,372 - ERROR - Search failed for Sony Xperia 1 II: 429 Client Error: Too Many Requests for url: https://www.gsmarena.com/results.php3?sQuickSearch=yes&sName=Sony+Xperia+1+II
2025-08-31 14:29:58,372 - INFO - Processing phone 116/157: Sony Xperia 1 III
2025-08-31 14:29:58,372 - INFO - Searching GSMArena for: Sony Xperia 1 III
2025-08-31 14:29:58,681 - ERROR - Search failed for Sony Xperia 1 III: 429 Client Error: Too Many Requests for url: https://www.gsmarena.com/results.php3?sQuickSearch=yes&sName=Sony+Xperia+1+III
2025-08-31 14:29:58,681 - INFO - Processing phone 117/157: Sony Xperia 1 IV
2025-08-31 14:29:58,681 - INFO - Searching GSMArena for: Sony Xperia 1 IV
2025-08-31 14:29:58,987 - ERROR - Search failed for Sony Xperia 1 IV: 429 Client Error: Too Many Requests for url: https://www.gsmarena.com/results.php3?sQuickSearch=yes&sName=Sony+Xperia+1+IV
2025-08-31 14:29:58,987 - INFO - Processing phone 118/157: Sony Xperia 1 V
2025-08-31 14:29:58,987 - INFO - Searching GSMArena for: Sony Xperia 1 V
2025-08-31 14:29:59,296 - ERROR - Search failed for Sony Xperia 1 V: 429 Client Error: Too Many Requests for url: https://www.gsmarena.com/results.php3?sQuickSearch=yes&sName=Sony+Xperia+1+V
2025-08-31 14:29:59,296 - INFO - Processing phone 119/157: Sony Xperia 1 VI
2025-08-31 14:29:59,296 - INFO - Searching GSMArena for: Sony Xperia 1 VI
2025-08-31 14:29:59,601 - ERROR - Search failed for Sony Xperia 1 VI: 429 Client Error: Too Many Requests for url: https://www.gsmarena.com/results.php3?sQuickSearch=yes&sName=Sony+Xperia+1+VI
2025-08-31 14:29:59,602 - INFO - Processing phone 120/157: Sony Xperia 10 II
2025-08-31 14:29:59,602 - INFO - Searching GSMArena for: Sony Xperia 10 II
2025-08-31 14:29:59,909 - ERROR - Search failed for Sony Xperia 10 II: 429 Client Error: Too Many Requests for url: https://www.gsmarena.com/results.php3?sQuickSearch=yes&sName=Sony+Xperia+10+II
2025-08-31 14:29:59,909 - INFO - Processing phone 121/157: Sony Xperia 10 III
2025-08-31 14:29:59,909 - INFO - Searching GSMArena for: Sony Xperia 10 III
2025-08-31 14:30:00,216 - ERROR - Search failed for Sony Xperia 10 III: 429 Client Error: Too Many Requests for url: https://www.gsmarena.com/results.php3?sQuickSearch=yes&sName=Sony+Xperia+10+III
2025-08-31 14:30:00,216 - INFO - Processing phone 122/157: Sony Xperia 10 IV
2025-08-31 14:30:00,216 - INFO - Searching GSMArena for: Sony Xperia 10 IV
2025-08-31 14:30:00,523 - ERROR - Search failed for Sony Xperia 10 IV: 429 Client Error: Too Many Requests for url: https://www.gsmarena.com/results.php3?sQuickSearch=yes&sName=Sony+Xperia+10+IV
2025-08-31 14:30:00,523 - INFO - Processing phone 123/157: Sony Xperia 10 V
2025-08-31 14:30:00,523 - INFO - Searching GSMArena for: Sony Xperia 10 V
2025-08-31 14:30:00,830 - ERROR - Search failed for Sony Xperia 10 V: 429 Client Error: Too Many Requests for url: https://www.gsmarena.com/results.php3?sQuickSearch=yes&sName=Sony+Xperia+10+V
2025-08-31 14:30:00,830 - INFO - Processing phone 124/157: Sony Xperia 10 VI
2025-08-31 14:30:00,830 - INFO - Searching GSMArena for: Sony Xperia 10 VI
2025-08-31 14:30:01,138 - ERROR - Search failed for Sony Xperia 10 VI: 429 Client Error: Too Many Requests for url: https://www.gsmarena.com/results.php3?sQuickSearch=yes&sName=Sony+Xperia+10+VI
2025-08-31 14:30:01,139 - INFO - Processing phone 125/157: Sony Xperia 5 II
2025-08-31 14:30:01,139 - INFO - Searching GSMArena for: Sony Xperia 5 II
2025-08-31 14:30:01,444 - ERROR - Search failed for Sony Xperia 5 II: 429 Client Error: Too Many Requests for url: https://www.gsmarena.com/results.php3?sQuickSearch=yes&sName=Sony+Xperia+5+II
2025-08-31 14:30:01,444 - INFO - Processing phone 126/157: Sony Xperia 5 III
2025-08-31 14:30:01,445 - INFO - Searching GSMArena for: Sony Xperia 5 III
2025-08-31 14:30:01,736 - ERROR - Search failed for Sony Xperia 5 III: 429 Client Error: Too Many Requests for url: https://www.gsmarena.com/results.php3?sQuickSearch=yes&sName=Sony+Xperia+5+III
2025-08-31 14:30:01,737 - INFO - Processing phone 127/157: Sony Xperia 5 IV
2025-08-31 14:30:01,737 - INFO - Searching GSMArena for: Sony Xperia 5 IV
2025-08-31 14:30:02,063 - ERROR - Search failed for Sony Xperia 5 IV: 429 Client Error: Too Many Requests for url: https://www.gsmarena.com/results.php3?sQuickSearch=yes&sName=Sony+Xperia+5+IV
2025-08-31 14:30:02,063 - INFO - Processing phone 128/157: Sony Xperia 5 V
2025-08-31 14:30:02,064 - INFO - Searching GSMArena for: Sony Xperia 5 V
2025-08-31 14:30:02,356 - ERROR - Search failed for Sony Xperia 5 V: 429 Client Error: Too Many Requests for url: https://www.gsmarena.com/results.php3?sQuickSearch=yes&sName=Sony+Xperia+5+V
2025-08-31 14:30:02,357 - INFO - Processing phone 129/157: Xiaomi Mi 10
2025-08-31 14:30:02,357 - INFO - Searching GSMArena for: Xiaomi 10
2025-08-31 14:30:02,674 - ERROR - Search failed for Xiaomi Mi 10: 429 Client Error: Too Many Requests for url: https://www.gsmarena.com/results.php3?sQuickSearch=yes&sName=Xiaomi+10
2025-08-31 14:30:02,674 - INFO - Processing phone 130/157: Xiaomi Mi 10 Pro
2025-08-31 14:30:02,674 - INFO - Searching GSMArena for: Xiaomi 10 Pro
2025-08-31 14:30:02,981 - ERROR - Search failed for Xiaomi Mi 10 Pro: 429 Client Error: Too Many Requests for url: https://www.gsmarena.com/results.php3?sQuickSearch=yes&sName=Xiaomi+10+Pro
2025-08-31 14:30:02,981 - INFO - Processing phone 131/157: Xiaomi Mi 10 Ultra
2025-08-31 14:30:02,981 - INFO - Searching GSMArena for: Xiaomi 10 Ultra
2025-08-31 14:30:03,288 - ERROR - Search failed for Xiaomi Mi 10 Ultra: 429 Client Error: Too Many Requests for url: https://www.gsmarena.com/results.php3?sQuickSearch=yes&sName=Xiaomi+10+Ultra
2025-08-31 14:30:03,288 - INFO - Processing phone 132/157: Xiaomi Mi 11
2025-08-31 14:30:03,288 - INFO - Searching GSMArena for: Xiaomi 11
2025-08-31 14:30:03,595 - ERROR - Search failed for Xiaomi Mi 11: 429 Client Error: Too Many Requests for url: https://www.gsmarena.com/results.php3?sQuickSearch=yes&sName=Xiaomi+11
2025-08-31 14:30:03,595 - INFO - Processing phone 133/157: Xiaomi Mi 11 Pro
2025-08-31 14:30:03,595 - INFO - Searching GSMArena for: Xiaomi 11 Pro
2025-08-31 14:30:03,903 - ERROR - Search failed for Xiaomi Mi 11 Pro: 429 Client Error: Too Many Requests for url: https://www.gsmarena.com/results.php3?sQuickSearch=yes&sName=Xiaomi+11+Pro
2025-08-31 14:30:03,903 - INFO - Processing phone 134/157: Xiaomi Mi 11 Ultra
2025-08-31 14:30:03,904 - INFO - Searching GSMArena for: Xiaomi 11 Ultra
2025-08-31 14:30:04,210 - ERROR - Search failed for Xiaomi Mi 11 Ultra: 429 Client Error: Too Many Requests for url: https://www.gsmarena.com/results.php3?sQuickSearch=yes&sName=Xiaomi+11+Ultra
2025-08-31 14:30:04,211 - INFO - Processing phone 135/157: Xiaomi Xiaomi 12
2025-08-31 14:30:04,211 - INFO - Searching GSMArena for: Xiaomi 12
2025-08-31 14:30:04,516 - ERROR - Search failed for Xiaomi Xiaomi 12: 429 Client Error: Too Many Requests for url: https://www.gsmarena.com/results.php3?sQuickSearch=yes&sName=Xiaomi+12
2025-08-31 14:30:04,516 - INFO - Processing phone 136/157: Xiaomi Xiaomi 12 Pro
2025-08-31 14:30:04,517 - INFO - Searching GSMArena for: Xiaomi 12 Pro
2025-08-31 14:30:04,824 - ERROR - Search failed for Xiaomi Xiaomi 12 Pro: 429 Client Error: Too Many Requests for url: https://www.gsmarena.com/results.php3?sQuickSearch=yes&sName=Xiaomi+12+Pro
2025-08-31 14:30:04,824 - INFO - Processing phone 137/157: Xiaomi Xiaomi 12S Ultra
2025-08-31 14:30:04,824 - INFO - Searching GSMArena for: Xiaomi 12S Ultra
2025-08-31 14:30:05,130 - ERROR - Search failed for Xiaomi Xiaomi 12S Ultra: 429 Client Error: Too Many Requests for url: https://www.gsmarena.com/results.php3?sQuickSearch=yes&sName=Xiaomi+12S+Ultra
2025-08-31 14:30:05,131 - INFO - Processing phone 138/157: Xiaomi Xiaomi 13
2025-08-31 14:30:05,131 - INFO - Searching GSMArena for: Xiaomi 13
2025-08-31 14:30:05,439 - ERROR - Search failed for Xiaomi Xiaomi 13: 429 Client Error: Too Many Requests for url: https://www.gsmarena.com/results.php3?sQuickSearch=yes&sName=Xiaomi+13
2025-08-31 14:30:05,439 - INFO - Processing phone 139/157: Xiaomi Xiaomi 13 Pro
2025-08-31 14:30:05,439 - INFO - Searching GSMArena for: Xiaomi 13 Pro
2025-08-31 14:30:06,760 - ERROR - Search failed for Xiaomi Xiaomi 13 Pro: 429 Client Error: Too Many Requests for url: https://www.gsmarena.com/results.php3?sQuickSearch=yes&sName=Xiaomi+13+Pro
2025-08-31 14:30:06,761 - INFO - Processing phone 140/157: Xiaomi Xiaomi 13 Ultra
2025-08-31 14:30:06,761 - INFO - Searching GSMArena for: Xiaomi 13 Ultra
2025-08-31 14:30:07,077 - ERROR - Search failed for Xiaomi Xiaomi 13 Ultra: 429 Client Error: Too Many Requests for url: https://www.gsmarena.com/results.php3?sQuickSearch=yes&sName=Xiaomi+13+Ultra
2025-08-31 14:30:07,077 - INFO - Processing phone 141/157: Xiaomi Xiaomi 14
2025-08-31 14:30:07,078 - INFO - Searching GSMArena for: Xiaomi 14
2025-08-31 14:30:07,488 - ERROR - Search failed for Xiaomi Xiaomi 14: 429 Client Error: Too Many Requests for url: https://www.gsmarena.com/results.php3?sQuickSearch=yes&sName=Xiaomi+14
2025-08-31 14:30:07,489 - INFO - Processing phone 142/157: Xiaomi Xiaomi 14 Pro
2025-08-31 14:30:07,489 - INFO - Searching GSMArena for: Xiaomi 14 Pro
2025-08-31 14:30:07,792 - ERROR - Search failed for Xiaomi Xiaomi 14 Pro: 429 Client Error: Too Many Requests for url: https://www.gsmarena.com/results.php3?sQuickSearch=yes&sName=Xiaomi+14+Pro
2025-08-31 14:30:07,792 - INFO - Processing phone 143/157: Xiaomi Xiaomi 14 Ultra
2025-08-31 14:30:07,792 - INFO - Searching GSMArena for: Xiaomi 14 Ultra
2025-08-31 14:30:08,105 - ERROR - Search failed for Xiaomi Xiaomi 14 Ultra: 429 Client Error: Too Many Requests for url: https://www.gsmarena.com/results.php3?sQuickSearch=yes&sName=Xiaomi+14+Ultra
2025-08-31 14:30:08,106 - INFO - Processing phone 144/157: vivo X100
2025-08-31 14:30:08,106 - INFO - Searching GSMArena for: vivo X100
2025-08-31 14:30:08,417 - ERROR - Search failed for vivo X100: 429 Client Error: Too Many Requests for url: https://www.gsmarena.com/results.php3?sQuickSearch=yes&sName=vivo+X100
2025-08-31 14:30:08,417 - INFO - Processing phone 145/157: vivo X100 Pro
2025-08-31 14:30:08,417 - INFO - Searching GSMArena for: vivo X100 Pro
2025-08-31 14:30:08,722 - ERROR - Search failed for vivo X100 Pro: 429 Client Error: Too Many Requests for url: https://www.gsmarena.com/results.php3?sQuickSearch=yes&sName=vivo+X100+Pro
2025-08-31 14:30:08,722 - INFO - Processing phone 146/157: vivo X100 Ultra
2025-08-31 14:30:08,722 - INFO - Searching GSMArena for: vivo X100 Ultra
2025-08-31 14:30:09,025 - ERROR - Search failed for vivo X100 Ultra: 429 Client Error: Too Many Requests for url: https://www.gsmarena.com/results.php3?sQuickSearch=yes&sName=vivo+X100+Ultra
2025-08-31 14:30:09,025 - INFO - Processing phone 147/157: vivo X60
2025-08-31 14:30:09,025 - INFO - Searching GSMArena for: vivo X60
2025-08-31 14:30:09,432 - ERROR - Search failed for vivo X60: 429 Client Error: Too Many Requests for url: https://www.gsmarena.com/results.php3?sQuickSearch=yes&sName=vivo+X60
2025-08-31 14:30:09,432 - INFO - Processing phone 148/157: vivo X60 Pro
2025-08-31 14:30:09,432 - INFO - Searching GSMArena for: vivo X60 Pro
2025-08-31 14:30:09,843 - ERROR - Search failed for vivo X60 Pro: 429 Client Error: Too Many Requests for url: https://www.gsmarena.com/results.php3?sQuickSearch=yes&sName=vivo+X60+Pro
2025-08-31 14:30:09,843 - INFO - Processing phone 149/157: vivo X60 Pro+
2025-08-31 14:30:09,843 - INFO - Searching GSMArena for: vivo X60 Pro+
2025-08-31 14:30:10,251 - ERROR - Search failed for vivo X60 Pro+: 429 Client Error: Too Many Requests for url: https://www.gsmarena.com/results.php3?sQuickSearch=yes&sName=vivo+X60+Pro%2B
2025-08-31 14:30:10,251 - INFO - Processing phone 150/157: vivo X70
2025-08-31 14:30:10,251 - INFO - Searching GSMArena for: vivo X70
2025-08-31 14:30:10,661 - ERROR - Search failed for vivo X70: 429 Client Error: Too Many Requests for url: https://www.gsmarena.com/results.php3?sQuickSearch=yes&sName=vivo+X70
2025-08-31 14:30:10,662 - INFO - Processing phone 151/157: vivo X70 Pro
2025-08-31 14:30:10,662 - INFO - Searching GSMArena for: vivo X70 Pro
2025-08-31 14:30:11,070 - ERROR - Search failed for vivo X70 Pro: 429 Client Error: Too Many Requests for url: https://www.gsmarena.com/results.php3?sQuickSearch=yes&sName=vivo+X70+Pro
2025-08-31 14:30:11,070 - INFO - Processing phone 152/157: vivo X70 Pro+
2025-08-31 14:30:11,070 - INFO - Searching GSMArena for: vivo X70 Pro+
2025-08-31 14:30:11,480 - ERROR - Search failed for vivo X70 Pro+: 429 Client Error: Too Many Requests for url: https://www.gsmarena.com/results.php3?sQuickSearch=yes&sName=vivo+X70+Pro%2B
2025-08-31 14:30:11,480 - INFO - Processing phone 153/157: vivo X80
2025-08-31 14:30:11,481 - INFO - Searching GSMArena for: vivo X80
2025-08-31 14:30:11,783 - ERROR - Search failed for vivo X80: 429 Client Error: Too Many Requests for url: https://www.gsmarena.com/results.php3?sQuickSearch=yes&sName=vivo+X80
2025-08-31 14:30:11,784 - INFO - Processing phone 154/157: vivo X80 Pro
2025-08-31 14:30:11,784 - INFO - Searching GSMArena for: vivo X80 Pro
2025-08-31 14:30:12,095 - ERROR - Search failed for vivo X80 Pro: 429 Client Error: Too Many Requests for url: https://www.gsmarena.com/results.php3?sQuickSearch=yes&sName=vivo+X80+Pro
2025-08-31 14:30:12,095 - INFO - Processing phone 155/157: vivo X90
2025-08-31 14:30:12,095 - INFO - Searching GSMArena for: vivo X90
2025-08-31 14:30:12,504 - ERROR - Search failed for vivo X90: 429 Client Error: Too Many Requests for url: https://www.gsmarena.com/results.php3?sQuickSearch=yes&sName=vivo+X90
2025-08-31 14:30:12,504 - INFO - Processing phone 156/157: vivo X90 Pro
2025-08-31 14:30:12,505 - INFO - Searching GSMArena for: vivo X90 Pro
2025-08-31 14:30:12,914 - ERROR - Search failed for vivo X90 Pro: 429 Client Error: Too Many Requests for url: https://www.gsmarena.com/results.php3?sQuickSearch=yes&sName=vivo+X90+Pro
2025-08-31 14:30:12,914 - INFO - Processing phone 157/157: vivo X90 Pro+
2025-08-31 14:30:12,914 - INFO - Searching GSMArena for: vivo X90 Pro+
2025-08-31 14:30:13,323 - ERROR - Search failed for vivo X90 Pro+: 429 Client Error: Too Many Requests for url: https://www.gsmarena.com/results.php3?sQuickSearch=yes&sName=vivo+X90+Pro%2B
2025-08-31 14:30:13,323 - INFO - Crawling completed: 63 updated, 94 failed
