2025-08-31 15:46:02,055 - INFO - Found 22 OnePlus/OPPO phones to update
2025-08-31 15:46:02,055 - INFO - 
📱 Processing phone 1/22: OPPO Find X2
2025-08-31 15:46:02,055 - INFO - Searching: https://www.gsmarena.com/results.php3?sQuickSearch=yes&sName=OPPO+Find+X2
2025-08-31 15:46:03,553 - INFO - Found match: https://www.gsmarena.com/oppo_find_x2_pro-9529.php
2025-08-31 15:46:03,953 - INFO - Extracted 1 specs: ['network_type']
2025-08-31 15:46:03,961 - INFO - ✅ Updated phone 5207 with 1 fields
2025-08-31 15:46:03,962 - INFO - ✅ Successfully updated OPPO Find X2
2025-08-31 15:46:06,967 - INFO - 
📱 Processing phone 2/22: OPPO Find X2 Pro
2025-08-31 15:46:06,967 - INFO - Searching: https://www.gsmarena.com/results.php3?sQuickSearch=yes&sName=OPPO+Find+X2+Pro
2025-08-31 15:46:07,428 - INFO - Found match: https://www.gsmarena.com/oppo_find_x2_pro-9529.php
2025-08-31 15:46:07,820 - INFO - Extracted 1 specs: ['network_type']
2025-08-31 15:46:07,828 - INFO - ✅ Updated phone 5206 with 1 fields
2025-08-31 15:46:07,828 - INFO - ✅ Successfully updated OPPO Find X2 Pro
2025-08-31 15:46:10,833 - INFO - 
📱 Processing phone 3/22: OPPO Find X3
2025-08-31 15:46:10,833 - INFO - Searching: https://www.gsmarena.com/results.php3?sQuickSearch=yes&sName=OPPO+Find+X3
2025-08-31 15:46:11,352 - INFO - Found match: https://www.gsmarena.com/oppo_find_x3_pro-10627.php
2025-08-31 15:46:11,761 - INFO - Extracted 1 specs: ['network_type']
2025-08-31 15:46:11,768 - INFO - ✅ Updated phone 5205 with 1 fields
2025-08-31 15:46:11,769 - INFO - ✅ Successfully updated OPPO Find X3
2025-08-31 15:46:14,774 - INFO - 
📱 Processing phone 4/22: OPPO Find X3 Pro
2025-08-31 15:46:14,774 - INFO - Searching: https://www.gsmarena.com/results.php3?sQuickSearch=yes&sName=OPPO+Find+X3+Pro
2025-08-31 15:46:15,249 - INFO - Found match: https://www.gsmarena.com/oppo_find_x3_pro-10627.php
2025-08-31 15:46:15,673 - INFO - Extracted 1 specs: ['network_type']
2025-08-31 15:46:15,680 - INFO - ✅ Updated phone 5204 with 1 fields
2025-08-31 15:46:15,680 - INFO - ✅ Successfully updated OPPO Find X3 Pro
2025-08-31 15:46:18,685 - INFO - 
📱 Processing phone 5/22: OPPO Find X5
2025-08-31 15:46:18,685 - INFO - Searching: https://www.gsmarena.com/results.php3?sQuickSearch=yes&sName=OPPO+Find+X5
2025-08-31 15:46:19,145 - INFO - Found match: https://www.gsmarena.com/oppo_find_x5_pro-11236.php
2025-08-31 15:46:19,620 - INFO - Extracted 1 specs: ['network_type']
2025-08-31 15:46:19,628 - INFO - ✅ Updated phone 5203 with 1 fields
2025-08-31 15:46:19,628 - INFO - ✅ Successfully updated OPPO Find X5
2025-08-31 15:46:22,633 - INFO - 
📱 Processing phone 6/22: OPPO Find X5 Pro
2025-08-31 15:46:22,633 - INFO - Searching: https://www.gsmarena.com/results.php3?sQuickSearch=yes&sName=OPPO+Find+X5+Pro
2025-08-31 15:46:23,089 - INFO - Found match: https://www.gsmarena.com/oppo_find_x5_pro-11236.php
2025-08-31 15:46:23,566 - INFO - Extracted 1 specs: ['network_type']
2025-08-31 15:46:23,574 - INFO - ✅ Updated phone 5202 with 1 fields
2025-08-31 15:46:23,574 - INFO - ✅ Successfully updated OPPO Find X5 Pro
2025-08-31 15:46:26,577 - INFO - 
📱 Processing phone 7/22: OPPO Find X6
2025-08-31 15:46:26,577 - INFO - Searching: https://www.gsmarena.com/results.php3?sQuickSearch=yes&sName=OPPO+Find+X6
2025-08-31 15:46:27,034 - INFO - Found match: https://www.gsmarena.com/oppo_find_x6_pro-12105.php
2025-08-31 15:46:27,443 - INFO - Extracted 1 specs: ['network_type']
2025-08-31 15:46:27,450 - INFO - ✅ Updated phone 5201 with 1 fields
2025-08-31 15:46:27,450 - INFO - ✅ Successfully updated OPPO Find X6
2025-08-31 15:46:30,456 - INFO - 
📱 Processing phone 8/22: OPPO Find X6 Pro
2025-08-31 15:46:30,456 - INFO - Searching: https://www.gsmarena.com/results.php3?sQuickSearch=yes&sName=OPPO+Find+X6+Pro
2025-08-31 15:46:30,930 - INFO - Found match: https://www.gsmarena.com/oppo_find_x6_pro-12105.php
2025-08-31 15:46:31,336 - INFO - Extracted 1 specs: ['network_type']
2025-08-31 15:46:31,344 - INFO - ✅ Updated phone 5200 with 1 fields
2025-08-31 15:46:31,344 - INFO - ✅ Successfully updated OPPO Find X6 Pro
2025-08-31 15:46:34,348 - INFO - 
📱 Processing phone 9/22: OPPO Find X7
2025-08-31 15:46:34,348 - INFO - Searching: https://www.gsmarena.com/results.php3?sQuickSearch=yes&sName=OPPO+Find+X7
2025-08-31 15:46:34,887 - INFO - Found match: https://www.gsmarena.com/oppo_find_x7_ultra-12752.php
2025-08-31 15:46:35,335 - INFO - Extracted 1 specs: ['network_type']
2025-08-31 15:46:35,343 - INFO - ✅ Updated phone 5199 with 1 fields
2025-08-31 15:46:35,343 - INFO - ✅ Successfully updated OPPO Find X7
2025-08-31 15:46:38,348 - INFO - 
📱 Processing phone 10/22: OPPO Find X7 Pro
2025-08-31 15:46:38,349 - INFO - Searching: https://www.gsmarena.com/results.php3?sQuickSearch=yes&sName=OPPO+Find+X7+Pro
2025-08-31 15:46:38,833 - WARNING - No product page found for OPPO Find X7 Pro
2025-08-31 15:46:38,833 - ERROR - ❌ No product page found for OPPO Find X7 Pro
2025-08-31 15:46:38,834 - INFO - 
📱 Processing phone 11/22: OPPO Find X7 Ultra
2025-08-31 15:46:38,834 - INFO - Searching: https://www.gsmarena.com/results.php3?sQuickSearch=yes&sName=OPPO+Find+X7+Ultra
2025-08-31 15:46:39,295 - INFO - Found match: https://www.gsmarena.com/oppo_find_x7_ultra-12752.php
2025-08-31 15:46:39,740 - INFO - Extracted 1 specs: ['network_type']
2025-08-31 15:46:39,748 - INFO - ✅ Updated phone 5197 with 1 fields
2025-08-31 15:46:39,748 - INFO - ✅ Successfully updated OPPO Find X7 Ultra
2025-08-31 15:46:42,753 - INFO - 
📱 Processing phone 12/22: OnePlus 10 Pro
2025-08-31 15:46:42,754 - INFO - Searching: https://www.gsmarena.com/results.php3?sQuickSearch=yes&sName=OnePlus+10+Pro
2025-08-31 15:46:43,235 - INFO - Found match: https://www.gsmarena.com/oneplus_10_pro-11234.php
2025-08-31 15:46:43,635 - INFO - Extracted 1 specs: ['network_type']
2025-08-31 15:46:43,643 - INFO - ✅ Updated phone 5225 with 1 fields
2025-08-31 15:46:43,643 - INFO - ✅ Successfully updated OnePlus 10 Pro
2025-08-31 15:46:46,648 - INFO - 
📱 Processing phone 13/22: OnePlus 10T
2025-08-31 15:46:46,649 - INFO - Searching: https://www.gsmarena.com/results.php3?sQuickSearch=yes&sName=OnePlus+10T
2025-08-31 15:46:47,120 - INFO - Found match: https://www.gsmarena.com/oneplus_10t-11622.php
2025-08-31 15:46:47,520 - INFO - Extracted 1 specs: ['network_type']
2025-08-31 15:46:47,528 - INFO - ✅ Updated phone 5226 with 1 fields
2025-08-31 15:46:47,529 - INFO - ✅ Successfully updated OnePlus 10T
2025-08-31 15:46:50,532 - INFO - 
📱 Processing phone 14/22: OnePlus 11
2025-08-31 15:46:50,532 - INFO - Searching: https://www.gsmarena.com/results.php3?sQuickSearch=yes&sName=OnePlus+11
2025-08-31 15:46:50,999 - INFO - Found match: https://www.gsmarena.com/oneplus_11-11893.php
2025-08-31 15:46:51,756 - INFO - Extracted 1 specs: ['network_type']
2025-08-31 15:46:51,764 - INFO - ✅ Updated phone 5224 with 1 fields
2025-08-31 15:46:51,764 - INFO - ✅ Successfully updated OnePlus 11
2025-08-31 15:46:54,768 - INFO - 
📱 Processing phone 15/22: OnePlus 12
2025-08-31 15:46:54,768 - INFO - Searching: https://www.gsmarena.com/results.php3?sQuickSearch=yes&sName=OnePlus+12
2025-08-31 15:46:55,235 - INFO - Found match: https://www.gsmarena.com/oneplus_12-12725.php
2025-08-31 15:46:55,730 - INFO - Extracted 1 specs: ['network_type']
2025-08-31 15:46:55,737 - INFO - ✅ Updated phone 5222 with 1 fields
2025-08-31 15:46:55,737 - INFO - ✅ Successfully updated OnePlus 12
2025-08-31 15:46:58,741 - INFO - 
📱 Processing phone 16/22: OnePlus 12R
2025-08-31 15:46:58,742 - INFO - Searching: https://www.gsmarena.com/results.php3?sQuickSearch=yes&sName=OnePlus+12R
2025-08-31 15:46:59,210 - INFO - Found match: https://www.gsmarena.com/oneplus_12r-12727.php
2025-08-31 15:46:59,609 - INFO - Extracted 1 specs: ['network_type']
2025-08-31 15:46:59,617 - INFO - ✅ Updated phone 5223 with 1 fields
2025-08-31 15:46:59,617 - INFO - ✅ Successfully updated OnePlus 12R
2025-08-31 15:47:02,622 - INFO - 
📱 Processing phone 17/22: OnePlus 8
2025-08-31 15:47:02,622 - INFO - Searching: https://www.gsmarena.com/results.php3?sQuickSearch=yes&sName=OnePlus+8
2025-08-31 15:47:04,089 - INFO - Found match: https://www.gsmarena.com/oneplus_8t-10420.php
2025-08-31 15:47:04,524 - INFO - Extracted 1 specs: ['network_type']
2025-08-31 15:47:04,531 - INFO - ✅ Updated phone 5231 with 1 fields
2025-08-31 15:47:04,531 - INFO - ✅ Successfully updated OnePlus 8
2025-08-31 15:47:07,536 - INFO - 
📱 Processing phone 18/22: OnePlus 8 Pro
2025-08-31 15:47:07,537 - INFO - Searching: https://www.gsmarena.com/results.php3?sQuickSearch=yes&sName=OnePlus+8+Pro
2025-08-31 15:47:07,993 - INFO - Found match: https://www.gsmarena.com/oneplus_8_pro-9919.php
2025-08-31 15:47:08,401 - INFO - Extracted 1 specs: ['network_type']
2025-08-31 15:47:08,408 - INFO - ✅ Updated phone 5230 with 1 fields
2025-08-31 15:47:08,408 - INFO - ✅ Successfully updated OnePlus 8 Pro
2025-08-31 15:47:11,413 - INFO - 
📱 Processing phone 19/22: OnePlus 8T
2025-08-31 15:47:11,414 - INFO - Searching: https://www.gsmarena.com/results.php3?sQuickSearch=yes&sName=OnePlus+8T
2025-08-31 15:47:11,937 - INFO - Found match: https://www.gsmarena.com/oneplus_8t-10420.php
2025-08-31 15:47:12,338 - INFO - Extracted 1 specs: ['network_type']
2025-08-31 15:47:12,345 - INFO - ✅ Updated phone 5232 with 1 fields
2025-08-31 15:47:12,345 - INFO - ✅ Successfully updated OnePlus 8T
2025-08-31 15:47:15,350 - INFO - 
📱 Processing phone 20/22: OnePlus 9
2025-08-31 15:47:15,351 - INFO - Searching: https://www.gsmarena.com/results.php3?sQuickSearch=yes&sName=OnePlus+9
2025-08-31 15:47:15,815 - INFO - Found match: https://www.gsmarena.com/oneplus_9_pro-10806.php
2025-08-31 15:47:16,297 - INFO - Extracted 1 specs: ['network_type']
2025-08-31 15:47:16,304 - INFO - ✅ Updated phone 5228 with 1 fields
2025-08-31 15:47:16,304 - INFO - ✅ Successfully updated OnePlus 9
2025-08-31 15:47:19,309 - INFO - 
📱 Processing phone 21/22: OnePlus 9 Pro
2025-08-31 15:47:19,309 - INFO - Searching: https://www.gsmarena.com/results.php3?sQuickSearch=yes&sName=OnePlus+9+Pro
2025-08-31 15:47:19,868 - INFO - Found match: https://www.gsmarena.com/oneplus_9_pro-10806.php
2025-08-31 15:47:20,791 - INFO - Extracted 1 specs: ['network_type']
2025-08-31 15:47:20,799 - INFO - ✅ Updated phone 5227 with 1 fields
2025-08-31 15:47:20,799 - INFO - ✅ Successfully updated OnePlus 9 Pro
2025-08-31 15:47:23,804 - INFO - 
📱 Processing phone 22/22: OnePlus 9RT
2025-08-31 15:47:23,805 - INFO - Searching: https://www.gsmarena.com/results.php3?sQuickSearch=yes&sName=OnePlus+9RT
2025-08-31 15:47:24,475 - INFO - Found match: https://www.gsmarena.com/oneplus_9rt_5g-11148.php
2025-08-31 15:47:25,003 - INFO - Extracted 1 specs: ['network_type']
2025-08-31 15:47:25,011 - INFO - ✅ Updated phone 5229 with 1 fields
2025-08-31 15:47:25,011 - INFO - ✅ Successfully updated OnePlus 9RT
2025-08-31 15:47:28,016 - INFO - 
🎯 OnePlus/OPPO Crawling completed!
2025-08-31 15:47:28,017 - INFO - ✅ Success: 21
2025-08-31 15:47:28,017 - INFO - ❌ Failed: 1
2025-08-31 15:47:28,017 - INFO - 📊 Total: 22
