2025-08-31 15:32:31,643 - INFO - 🚀 Starting Samsung batch crawling
2025-08-31 15:32:31,643 - INFO - Processing phone 1/27: Samsung Galaxy Note20
2025-08-31 15:32:31,657 - INFO - 🔍 Searching GSMArena for: Samsung Galaxy Note20
2025-08-31 15:32:33,005 - ERROR - ❌ Search failed for Samsung Galaxy Note20: 429 Client Error: Too Many Requests for url: https://www.gsmarena.com/results.php3?sQuickSearch=yes&sName=Samsung+Galaxy+Note20
2025-08-31 15:32:36,010 - INFO - Processing phone 2/27: Samsung Galaxy Note20 Ultra
2025-08-31 15:32:36,019 - INFO - 🔍 Searching GSMArena for: Samsung Galaxy Note20 Ultra
2025-08-31 15:32:36,318 - ERROR - ❌ Search failed for Samsung Galaxy Note20 Ultra: 429 Client Error: Too Many Requests for url: https://www.gsmarena.com/results.php3?sQuickSearch=yes&sName=Samsung+Galaxy+Note20+Ultra
2025-08-31 15:32:39,321 - INFO - Processing phone 3/27: Samsung Galaxy S20
2025-08-31 15:32:39,328 - INFO - 🔍 Searching GSMArena for: Samsung Galaxy S20
2025-08-31 15:32:39,634 - ERROR - ❌ Search failed for Samsung Galaxy S20: 429 Client Error: Too Many Requests for url: https://www.gsmarena.com/results.php3?sQuickSearch=yes&sName=Samsung+Galaxy+S20
2025-08-31 15:32:42,638 - INFO - Processing phone 4/27: Samsung Galaxy S20 Ultra
2025-08-31 15:32:42,645 - INFO - 🔍 Searching GSMArena for: Samsung Galaxy S20 Ultra
2025-08-31 15:32:43,051 - ERROR - ❌ Search failed for Samsung Galaxy S20 Ultra: 429 Client Error: Too Many Requests for url: https://www.gsmarena.com/results.php3?sQuickSearch=yes&sName=Samsung+Galaxy+S20+Ultra
2025-08-31 15:32:46,055 - INFO - Processing phone 5/27: Samsung Galaxy S20+
2025-08-31 15:32:46,061 - INFO - 🔍 Searching GSMArena for: Samsung Galaxy S20+
2025-08-31 15:32:46,429 - ERROR - ❌ Search failed for Samsung Galaxy S20+: 429 Client Error: Too Many Requests for url: https://www.gsmarena.com/results.php3?sQuickSearch=yes&sName=Samsung+Galaxy+S20%2B
2025-08-31 15:32:49,435 - INFO - Processing phone 6/27: Samsung Galaxy S21
2025-08-31 15:32:49,442 - INFO - 🔍 Searching GSMArena for: Samsung Galaxy S21
2025-08-31 15:32:49,808 - ERROR - ❌ Search failed for Samsung Galaxy S21: 429 Client Error: Too Many Requests for url: https://www.gsmarena.com/results.php3?sQuickSearch=yes&sName=Samsung+Galaxy+S21
2025-08-31 15:32:52,814 - INFO - Processing phone 7/27: Samsung Galaxy S21 Ultra
2025-08-31 15:32:52,821 - INFO - 🔍 Searching GSMArena for: Samsung Galaxy S21 Ultra
2025-08-31 15:32:53,187 - ERROR - ❌ Search failed for Samsung Galaxy S21 Ultra: 429 Client Error: Too Many Requests for url: https://www.gsmarena.com/results.php3?sQuickSearch=yes&sName=Samsung+Galaxy+S21+Ultra
2025-08-31 15:32:56,192 - INFO - Processing phone 8/27: Samsung Galaxy S21+
2025-08-31 15:32:56,199 - INFO - 🔍 Searching GSMArena for: Samsung Galaxy S21+
2025-08-31 15:32:56,501 - ERROR - ❌ Search failed for Samsung Galaxy S21+: 429 Client Error: Too Many Requests for url: https://www.gsmarena.com/results.php3?sQuickSearch=yes&sName=Samsung+Galaxy+S21%2B
2025-08-31 15:32:59,506 - INFO - Processing phone 9/27: Samsung Galaxy S22
2025-08-31 15:32:59,514 - INFO - 🔍 Searching GSMArena for: Samsung Galaxy S22
2025-08-31 15:32:59,843 - ERROR - ❌ Search failed for Samsung Galaxy S22: 429 Client Error: Too Many Requests for url: https://www.gsmarena.com/results.php3?sQuickSearch=yes&sName=Samsung+Galaxy+S22
2025-08-31 15:33:02,849 - INFO - Processing phone 10/27: Samsung Galaxy S22 Ultra
2025-08-31 15:33:02,857 - INFO - 🔍 Searching GSMArena for: Samsung Galaxy S22 Ultra
2025-08-31 15:33:03,223 - ERROR - ❌ Search failed for Samsung Galaxy S22 Ultra: 429 Client Error: Too Many Requests for url: https://www.gsmarena.com/results.php3?sQuickSearch=yes&sName=Samsung+Galaxy+S22+Ultra
2025-08-31 15:33:06,229 - INFO - Processing phone 11/27: Samsung Galaxy S22+
2025-08-31 15:33:06,237 - INFO - 🔍 Searching GSMArena for: Samsung Galaxy S22+
2025-08-31 15:33:06,601 - ERROR - ❌ Search failed for Samsung Galaxy S22+: 429 Client Error: Too Many Requests for url: https://www.gsmarena.com/results.php3?sQuickSearch=yes&sName=Samsung+Galaxy+S22%2B
2025-08-31 15:33:09,607 - INFO - Processing phone 12/27: Samsung Galaxy S23
2025-08-31 15:33:09,613 - INFO - 🔍 Searching GSMArena for: Samsung Galaxy S23
2025-08-31 15:33:09,914 - ERROR - ❌ Search failed for Samsung Galaxy S23: 429 Client Error: Too Many Requests for url: https://www.gsmarena.com/results.php3?sQuickSearch=yes&sName=Samsung+Galaxy+S23
2025-08-31 15:33:12,919 - INFO - Processing phone 13/27: Samsung Galaxy S23 Ultra
2025-08-31 15:33:12,927 - INFO - 🔍 Searching GSMArena for: Samsung Galaxy S23 Ultra
2025-08-31 15:33:13,229 - ERROR - ❌ Search failed for Samsung Galaxy S23 Ultra: 429 Client Error: Too Many Requests for url: https://www.gsmarena.com/results.php3?sQuickSearch=yes&sName=Samsung+Galaxy+S23+Ultra
2025-08-31 15:33:16,235 - INFO - Processing phone 14/27: Samsung Galaxy S23+
2025-08-31 15:33:16,242 - INFO - 🔍 Searching GSMArena for: Samsung Galaxy S23+
2025-08-31 15:33:16,544 - ERROR - ❌ Search failed for Samsung Galaxy S23+: 429 Client Error: Too Many Requests for url: https://www.gsmarena.com/results.php3?sQuickSearch=yes&sName=Samsung+Galaxy+S23%2B
2025-08-31 15:33:19,549 - INFO - Processing phone 15/27: Samsung Galaxy S24
2025-08-31 15:33:19,557 - INFO - 🔍 Searching GSMArena for: Samsung Galaxy S24
2025-08-31 15:33:19,858 - ERROR - ❌ Search failed for Samsung Galaxy S24: 429 Client Error: Too Many Requests for url: https://www.gsmarena.com/results.php3?sQuickSearch=yes&sName=Samsung+Galaxy+S24
2025-08-31 15:33:22,863 - INFO - Processing phone 16/27: Samsung Galaxy S24 Ultra
2025-08-31 15:33:22,871 - INFO - 🔍 Searching GSMArena for: Samsung Galaxy S24 Ultra
2025-08-31 15:33:23,175 - ERROR - ❌ Search failed for Samsung Galaxy S24 Ultra: 429 Client Error: Too Many Requests for url: https://www.gsmarena.com/results.php3?sQuickSearch=yes&sName=Samsung+Galaxy+S24+Ultra
2025-08-31 15:33:26,178 - INFO - Processing phone 17/27: Samsung Galaxy S24+
2025-08-31 15:33:26,187 - INFO - 🔍 Searching GSMArena for: Samsung Galaxy S24+
2025-08-31 15:33:26,570 - ERROR - ❌ Search failed for Samsung Galaxy S24+: 429 Client Error: Too Many Requests for url: https://www.gsmarena.com/results.php3?sQuickSearch=yes&sName=Samsung+Galaxy+S24%2B
2025-08-31 15:33:29,575 - INFO - Processing phone 18/27: Samsung Galaxy Z Flip
2025-08-31 15:33:29,583 - INFO - 🔍 Searching GSMArena for: Samsung Galaxy Z Flip
2025-08-31 15:33:29,948 - ERROR - ❌ Search failed for Samsung Galaxy Z Flip: 429 Client Error: Too Many Requests for url: https://www.gsmarena.com/results.php3?sQuickSearch=yes&sName=Samsung+Galaxy+Z+Flip
2025-08-31 15:33:32,950 - INFO - Processing phone 19/27: Samsung Galaxy Z Flip3
2025-08-31 15:33:32,960 - INFO - 🔍 Searching GSMArena for: Samsung Galaxy Z Flip3
2025-08-31 15:33:33,330 - ERROR - ❌ Search failed for Samsung Galaxy Z Flip3: 429 Client Error: Too Many Requests for url: https://www.gsmarena.com/results.php3?sQuickSearch=yes&sName=Samsung+Galaxy+Z+Flip3
2025-08-31 15:33:36,335 - INFO - Processing phone 20/27: Samsung Galaxy Z Flip4
2025-08-31 15:33:36,342 - INFO - 🔍 Searching GSMArena for: Samsung Galaxy Z Flip4
2025-08-31 15:33:36,646 - ERROR - ❌ Search failed for Samsung Galaxy Z Flip4: 429 Client Error: Too Many Requests for url: https://www.gsmarena.com/results.php3?sQuickSearch=yes&sName=Samsung+Galaxy+Z+Flip4
2025-08-31 15:33:39,651 - INFO - Processing phone 21/27: Samsung Galaxy Z Flip5
2025-08-31 15:33:39,660 - INFO - 🔍 Searching GSMArena for: Samsung Galaxy Z Flip5
2025-08-31 15:33:39,985 - ERROR - ❌ Search failed for Samsung Galaxy Z Flip5: 429 Client Error: Too Many Requests for url: https://www.gsmarena.com/results.php3?sQuickSearch=yes&sName=Samsung+Galaxy+Z+Flip5
2025-08-31 15:33:42,990 - INFO - Processing phone 22/27: Samsung Galaxy Z Flip6
2025-08-31 15:33:42,997 - INFO - 🔍 Searching GSMArena for: Samsung Galaxy Z Flip6
2025-08-31 15:33:43,364 - ERROR - ❌ Search failed for Samsung Galaxy Z Flip6: 429 Client Error: Too Many Requests for url: https://www.gsmarena.com/results.php3?sQuickSearch=yes&sName=Samsung+Galaxy+Z+Flip6
2025-08-31 15:33:46,367 - INFO - Processing phone 23/27: Samsung Galaxy Z Fold2
2025-08-31 15:33:46,374 - INFO - 🔍 Searching GSMArena for: Samsung Galaxy Z Fold2
2025-08-31 15:33:46,742 - ERROR - ❌ Search failed for Samsung Galaxy Z Fold2: 429 Client Error: Too Many Requests for url: https://www.gsmarena.com/results.php3?sQuickSearch=yes&sName=Samsung+Galaxy+Z+Fold2
2025-08-31 15:33:49,744 - INFO - Processing phone 24/27: Samsung Galaxy Z Fold3
2025-08-31 15:33:49,751 - INFO - 🔍 Searching GSMArena for: Samsung Galaxy Z Fold3
2025-08-31 15:33:50,052 - ERROR - ❌ Search failed for Samsung Galaxy Z Fold3: 429 Client Error: Too Many Requests for url: https://www.gsmarena.com/results.php3?sQuickSearch=yes&sName=Samsung+Galaxy+Z+Fold3
2025-08-31 15:33:53,054 - INFO - Processing phone 25/27: Samsung Galaxy Z Fold4
2025-08-31 15:33:53,061 - INFO - 🔍 Searching GSMArena for: Samsung Galaxy Z Fold4
2025-08-31 15:33:53,399 - ERROR - ❌ Search failed for Samsung Galaxy Z Fold4: 429 Client Error: Too Many Requests for url: https://www.gsmarena.com/results.php3?sQuickSearch=yes&sName=Samsung+Galaxy+Z+Fold4
2025-08-31 15:33:56,405 - INFO - Processing phone 26/27: Samsung Galaxy Z Fold5
2025-08-31 15:33:56,411 - INFO - 🔍 Searching GSMArena for: Samsung Galaxy Z Fold5
2025-08-31 15:33:56,716 - ERROR - ❌ Search failed for Samsung Galaxy Z Fold5: 429 Client Error: Too Many Requests for url: https://www.gsmarena.com/results.php3?sQuickSearch=yes&sName=Samsung+Galaxy+Z+Fold5
2025-08-31 15:33:59,721 - INFO - Processing phone 27/27: Samsung Galaxy Z Fold6
2025-08-31 15:33:59,728 - INFO - 🔍 Searching GSMArena for: Samsung Galaxy Z Fold6
2025-08-31 15:34:00,055 - ERROR - ❌ Search failed for Samsung Galaxy Z Fold6: 429 Client Error: Too Many Requests for url: https://www.gsmarena.com/results.php3?sQuickSearch=yes&sName=Samsung+Galaxy+Z+Fold6
2025-08-31 15:34:03,056 - INFO - 🎉 Samsung batch crawling completed: 0 updated, 27 failed
2025-08-31 15:37:40,932 - INFO - 🚀 Starting Samsung batch crawling
2025-08-31 15:37:40,932 - INFO - Processing phone 1/27: Samsung Galaxy Note20
2025-08-31 15:37:40,948 - INFO - 🔍 Searching GSMArena for: Samsung Galaxy Note20
2025-08-31 15:37:42,426 - WARNING - ❌ No product page found for: Samsung Galaxy Note20
2025-08-31 15:37:45,432 - INFO - Processing phone 2/27: Samsung Galaxy Note20 Ultra
2025-08-31 15:37:45,439 - INFO - 🔍 Searching GSMArena for: Samsung Galaxy Note20 Ultra
2025-08-31 15:37:45,910 - WARNING - ❌ No product page found for: Samsung Galaxy Note20 Ultra
2025-08-31 15:37:48,915 - INFO - Processing phone 3/27: Samsung Galaxy S20
2025-08-31 15:37:48,922 - INFO - 🔍 Searching GSMArena for: Samsung Galaxy S20
2025-08-31 15:37:49,376 - WARNING - ❌ No product page found for: Samsung Galaxy S20
2025-08-31 15:37:52,381 - INFO - Processing phone 4/27: Samsung Galaxy S20 Ultra
2025-08-31 15:37:52,388 - INFO - 🔍 Searching GSMArena for: Samsung Galaxy S20 Ultra
2025-08-31 15:37:52,890 - WARNING - ❌ No product page found for: Samsung Galaxy S20 Ultra
2025-08-31 15:37:55,891 - INFO - Processing phone 5/27: Samsung Galaxy S20+
2025-08-31 15:37:55,900 - INFO - 🔍 Searching GSMArena for: Samsung Galaxy S20+
2025-08-31 15:37:56,363 - WARNING - ❌ No product page found for: Samsung Galaxy S20+
2025-08-31 15:37:59,368 - INFO - Processing phone 6/27: Samsung Galaxy S21
2025-08-31 15:37:59,376 - INFO - 🔍 Searching GSMArena for: Samsung Galaxy S21
2025-08-31 15:37:59,866 - WARNING - ❌ No product page found for: Samsung Galaxy S21
2025-08-31 15:38:02,871 - INFO - Processing phone 7/27: Samsung Galaxy S21 Ultra
2025-08-31 15:38:02,878 - INFO - 🔍 Searching GSMArena for: Samsung Galaxy S21 Ultra
2025-08-31 15:38:03,324 - WARNING - ❌ No product page found for: Samsung Galaxy S21 Ultra
2025-08-31 15:38:06,329 - INFO - Processing phone 8/27: Samsung Galaxy S21+
2025-08-31 15:38:06,338 - INFO - 🔍 Searching GSMArena for: Samsung Galaxy S21+
2025-08-31 15:38:06,783 - WARNING - ❌ No product page found for: Samsung Galaxy S21+
2025-08-31 15:38:09,788 - INFO - Processing phone 9/27: Samsung Galaxy S22
2025-08-31 15:38:09,796 - INFO - 🔍 Searching GSMArena for: Samsung Galaxy S22
2025-08-31 15:38:10,241 - WARNING - ❌ No product page found for: Samsung Galaxy S22
2025-08-31 15:38:13,247 - INFO - Processing phone 10/27: Samsung Galaxy S22 Ultra
2025-08-31 15:38:13,255 - INFO - 🔍 Searching GSMArena for: Samsung Galaxy S22 Ultra
2025-08-31 15:38:13,718 - WARNING - ❌ No product page found for: Samsung Galaxy S22 Ultra
2025-08-31 15:38:16,721 - INFO - Processing phone 11/27: Samsung Galaxy S22+
2025-08-31 15:38:16,728 - INFO - 🔍 Searching GSMArena for: Samsung Galaxy S22+
2025-08-31 15:38:17,228 - WARNING - ❌ No product page found for: Samsung Galaxy S22+
2025-08-31 15:38:20,230 - INFO - Processing phone 12/27: Samsung Galaxy S23
2025-08-31 15:38:20,239 - INFO - 🔍 Searching GSMArena for: Samsung Galaxy S23
2025-08-31 15:38:20,713 - WARNING - ❌ No product page found for: Samsung Galaxy S23
2025-08-31 15:38:23,718 - INFO - Processing phone 13/27: Samsung Galaxy S23 Ultra
2025-08-31 15:38:23,727 - INFO - 🔍 Searching GSMArena for: Samsung Galaxy S23 Ultra
2025-08-31 15:38:24,214 - WARNING - ❌ No product page found for: Samsung Galaxy S23 Ultra
2025-08-31 15:38:27,219 - INFO - Processing phone 14/27: Samsung Galaxy S23+
2025-08-31 15:38:27,226 - INFO - 🔍 Searching GSMArena for: Samsung Galaxy S23+
2025-08-31 15:38:27,707 - WARNING - ❌ No product page found for: Samsung Galaxy S23+
2025-08-31 15:38:30,712 - INFO - Processing phone 15/27: Samsung Galaxy S24
2025-08-31 15:38:30,723 - INFO - 🔍 Searching GSMArena for: Samsung Galaxy S24
2025-08-31 15:38:31,190 - WARNING - ❌ No product page found for: Samsung Galaxy S24
2025-08-31 15:38:34,191 - INFO - Processing phone 16/27: Samsung Galaxy S24 Ultra
2025-08-31 15:38:34,199 - INFO - 🔍 Searching GSMArena for: Samsung Galaxy S24 Ultra
2025-08-31 15:38:34,703 - WARNING - ❌ No product page found for: Samsung Galaxy S24 Ultra
2025-08-31 15:38:37,709 - INFO - Processing phone 17/27: Samsung Galaxy S24+
2025-08-31 15:38:37,716 - INFO - 🔍 Searching GSMArena for: Samsung Galaxy S24+
2025-08-31 15:38:38,210 - WARNING - ❌ No product page found for: Samsung Galaxy S24+
2025-08-31 15:38:41,216 - INFO - Processing phone 18/27: Samsung Galaxy Z Flip
2025-08-31 15:38:41,223 - INFO - 🔍 Searching GSMArena for: Samsung Galaxy Z Flip
2025-08-31 15:38:41,671 - WARNING - ❌ No product page found for: Samsung Galaxy Z Flip
2025-08-31 15:38:44,677 - INFO - Processing phone 19/27: Samsung Galaxy Z Flip3
2025-08-31 15:38:44,684 - INFO - 🔍 Searching GSMArena for: Samsung Galaxy Z Flip3
2025-08-31 15:38:45,165 - WARNING - ❌ No product page found for: Samsung Galaxy Z Flip3
2025-08-31 15:38:48,170 - INFO - Processing phone 20/27: Samsung Galaxy Z Flip4
2025-08-31 15:38:48,178 - INFO - 🔍 Searching GSMArena for: Samsung Galaxy Z Flip4
2025-08-31 15:38:48,677 - WARNING - ❌ No product page found for: Samsung Galaxy Z Flip4
2025-08-31 15:38:51,682 - INFO - Processing phone 21/27: Samsung Galaxy Z Flip5
2025-08-31 15:38:51,691 - INFO - 🔍 Searching GSMArena for: Samsung Galaxy Z Flip5
2025-08-31 15:38:52,198 - WARNING - ❌ No product page found for: Samsung Galaxy Z Flip5
2025-08-31 15:38:55,204 - INFO - Processing phone 22/27: Samsung Galaxy Z Flip6
2025-08-31 15:38:55,212 - INFO - 🔍 Searching GSMArena for: Samsung Galaxy Z Flip6
2025-08-31 15:38:55,662 - WARNING - ❌ No product page found for: Samsung Galaxy Z Flip6
2025-08-31 15:38:58,667 - INFO - Processing phone 23/27: Samsung Galaxy Z Fold2
2025-08-31 15:38:58,675 - INFO - 🔍 Searching GSMArena for: Samsung Galaxy Z Fold2
2025-08-31 15:38:59,165 - WARNING - ❌ No product page found for: Samsung Galaxy Z Fold2
2025-08-31 15:39:02,170 - INFO - Processing phone 24/27: Samsung Galaxy Z Fold3
2025-08-31 15:39:02,179 - INFO - 🔍 Searching GSMArena for: Samsung Galaxy Z Fold3
2025-08-31 15:39:02,627 - WARNING - ❌ No product page found for: Samsung Galaxy Z Fold3
2025-08-31 15:39:05,629 - INFO - Processing phone 25/27: Samsung Galaxy Z Fold4
2025-08-31 15:39:05,637 - INFO - 🔍 Searching GSMArena for: Samsung Galaxy Z Fold4
2025-08-31 15:39:06,092 - WARNING - ❌ No product page found for: Samsung Galaxy Z Fold4
2025-08-31 15:39:09,097 - INFO - Processing phone 26/27: Samsung Galaxy Z Fold5
2025-08-31 15:39:09,105 - INFO - 🔍 Searching GSMArena for: Samsung Galaxy Z Fold5
2025-08-31 15:39:09,546 - WARNING - ❌ No product page found for: Samsung Galaxy Z Fold5
2025-08-31 15:39:12,548 - INFO - Processing phone 27/27: Samsung Galaxy Z Fold6
2025-08-31 15:39:12,556 - INFO - 🔍 Searching GSMArena for: Samsung Galaxy Z Fold6
2025-08-31 15:39:13,003 - WARNING - ❌ No product page found for: Samsung Galaxy Z Fold6
2025-08-31 15:39:16,008 - INFO - 🎉 Samsung batch crawling completed: 0 updated, 27 failed
